{"timestamp":"2025-10-28T01:49:01.138327","level":"info","event":"DAG bundles loaded: dags-folder","logger":"airflow.dag_processing.bundles.manager.DagBundlesManager"}
{"timestamp":"2025-10-28T01:49:01.138790","level":"info","event":"Filling up the DagBag from /home/vvt/D/SubjectResource/IT4931_BigData_Processing_and_Storage/CRYPTO/airflow/dags/daily_crypto_btc.py","logger":"airflow.models.dagbag.DagBag"}
{"timestamp":"2025-10-28T01:49:01.179879Z","level":"info","event":"https://api.coingecko.com/api/v3/coins/colend/ohlc?vs_currency=usd&days=1&precision=full CG-i9rKH5bqGJ8UKdxzQ8wGpEmg","chan":"stdout","logger":"task"}
{"timestamp":"2025-10-28T01:49:01.289276Z","level":"info","event":"[['2025-10-27 09:00:00 UTC+07:00+0700',","chan":"stdout","logger":"task"}
{"timestamp":"2025-10-28T01:49:01.289448Z","level":"info","event":"  'open: 0.039',","chan":"stdout","logger":"task"}
{"timestamp":"2025-10-28T01:49:01.289536Z","level":"info","event":"  'high: 0.039',","chan":"stdout","logger":"task"}
{"timestamp":"2025-10-28T01:49:01.289618Z","level":"info","event":"  'low: 0.039',","chan":"stdout","logger":"task"}
{"timestamp":"2025-10-28T01:49:01.289682Z","level":"info","event":"  'close: 0.039'],","chan":"stdout","logger":"task"}
{"timestamp":"2025-10-28T01:49:01.289750Z","level":"info","event":" ['2025-10-27 09:30:00 UTC+07:00+0700',","chan":"stdout","logger":"task"}
{"timestamp":"2025-10-28T01:49:01.289815Z","level":"info","event":"  'open: 0.039',","chan":"stdout","logger":"task"}
{"timestamp":"2025-10-28T01:49:01.289873Z","level":"info","event":"  'high: 0.039',","chan":"stdout","logger":"task"}
{"timestamp":"2025-10-28T01:49:01.289936Z","level":"info","event":"  'low: 0.039',","chan":"stdout","logger":"task"}
{"timestamp":"2025-10-28T01:49:01.289999Z","level":"info","event":"  'close: 0.039'],","chan":"stdout","logger":"task"}
{"timestamp":"2025-10-28T01:49:01.290067Z","level":"info","event":" ['2025-10-27 10:00:00 UTC+07:00+0700',","chan":"stdout","logger":"task"}
{"timestamp":"2025-10-28T01:49:01.290147Z","level":"info","event":"  'open: 0.039',","chan":"stdout","logger":"task"}
{"timestamp":"2025-10-28T01:49:01.290221Z","level":"info","event":"  'high: 0.039',","chan":"stdout","logger":"task"}
{"timestamp":"2025-10-28T01:49:01.290277Z","level":"info","event":"  'low: 0.039',","chan":"stdout","logger":"task"}
{"timestamp":"2025-10-28T01:49:01.290334Z","level":"info","event":"  'close: 0.039'],","chan":"stdout","logger":"task"}
{"timestamp":"2025-10-28T01:49:01.290396Z","level":"info","event":" ['2025-10-27 10:30:00 UTC+07:00+0700',","chan":"stdout","logger":"task"}
{"timestamp":"2025-10-28T01:49:01.290496Z","level":"info","event":"  'open: 0.039',","chan":"stdout","logger":"task"}
{"timestamp":"2025-10-28T01:49:01.290634Z","level":"info","event":"  'high: 0.039',","chan":"stdout","logger":"task"}
{"timestamp":"2025-10-28T01:49:01.290696Z","level":"info","event":"  'low: 0.039',","chan":"stdout","logger":"task"}
{"timestamp":"2025-10-28T01:49:01.290749Z","level":"info","event":"  'close: 0.039'],","chan":"stdout","logger":"task"}
{"timestamp":"2025-10-28T01:49:01.291016Z","level":"info","event":" ['2025-10-27 11:00:00 UTC+07:00+0700',","chan":"stdout","logger":"task"}
{"timestamp":"2025-10-28T01:49:01.291080Z","level":"info","event":"  'open: 0.039',","chan":"stdout","logger":"task"}
{"timestamp":"2025-10-28T01:49:01.291143Z","level":"info","event":"  'high: 0.039',","chan":"stdout","logger":"task"}
{"timestamp":"2025-10-28T01:49:01.291198Z","level":"info","event":"  'low: 0.039',","chan":"stdout","logger":"task"}
{"timestamp":"2025-10-28T01:49:01.291246Z","level":"info","event":"  'close: 0.039'],","chan":"stdout","logger":"task"}
{"timestamp":"2025-10-28T01:49:01.291294Z","level":"info","event":" ['2025-10-27 11:30:00 UTC+07:00+0700',","chan":"stdout","logger":"task"}
{"timestamp":"2025-10-28T01:49:01.291325Z","level":"info","event":"  'open: 0.039',","chan":"stdout","logger":"task"}
{"timestamp":"2025-10-28T01:49:01.291353Z","level":"info","event":"  'high: 0.039',","chan":"stdout","logger":"task"}
{"timestamp":"2025-10-28T01:49:01.291387Z","level":"info","event":"  'low: 0.039',","chan":"stdout","logger":"task"}
{"timestamp":"2025-10-28T01:49:01.291421Z","level":"info","event":"  'close: 0.039'],","chan":"stdout","logger":"task"}
{"timestamp":"2025-10-28T01:49:01.291450Z","level":"info","event":" ['2025-10-27 12:00:00 UTC+07:00+0700',","chan":"stdout","logger":"task"}
{"timestamp":"2025-10-28T01:49:01.291489Z","level":"info","event":"  'open: 0.039',","chan":"stdout","logger":"task"}
{"timestamp":"2025-10-28T01:49:01.291514Z","level":"info","event":"  'high: 0.039',","chan":"stdout","logger":"task"}
{"timestamp":"2025-10-28T01:49:01.291539Z","level":"info","event":"  'low: 0.039',","chan":"stdout","logger":"task"}
{"timestamp":"2025-10-28T01:49:01.291565Z","level":"info","event":"  'close: 0.039'],","chan":"stdout","logger":"task"}
{"timestamp":"2025-10-28T01:49:01.291590Z","level":"info","event":" ['2025-10-27 12:30:00 UTC+07:00+0700',","chan":"stdout","logger":"task"}
{"timestamp":"2025-10-28T01:49:01.291620Z","level":"info","event":"  'open: 0.039',","chan":"stdout","logger":"task"}
{"timestamp":"2025-10-28T01:49:01.291645Z","level":"info","event":"  'high: 0.039',","chan":"stdout","logger":"task"}
{"timestamp":"2025-10-28T01:49:01.291670Z","level":"info","event":"  'low: 0.039',","chan":"stdout","logger":"task"}
{"timestamp":"2025-10-28T01:49:01.291703Z","level":"info","event":"  'close: 0.039'],","chan":"stdout","logger":"task"}
{"timestamp":"2025-10-28T01:49:01.291730Z","level":"info","event":" ['2025-10-27 13:00:00 UTC+07:00+0700',","chan":"stdout","logger":"task"}
{"timestamp":"2025-10-28T01:49:01.291756Z","level":"info","event":"  'open: 0.039',","chan":"stdout","logger":"task"}
{"timestamp":"2025-10-28T01:49:01.291780Z","level":"info","event":"  'high: 0.039',","chan":"stdout","logger":"task"}
{"timestamp":"2025-10-28T01:49:01.291805Z","level":"info","event":"  'low: 0.039',","chan":"stdout","logger":"task"}
{"timestamp":"2025-10-28T01:49:01.291829Z","level":"info","event":"  'close: 0.039'],","chan":"stdout","logger":"task"}
{"timestamp":"2025-10-28T01:49:01.291854Z","level":"info","event":" ['2025-10-27 13:30:00 UTC+07:00+0700',","chan":"stdout","logger":"task"}
{"timestamp":"2025-10-28T01:49:01.291878Z","level":"info","event":"  'open: 0.039',","chan":"stdout","logger":"task"}
{"timestamp":"2025-10-28T01:49:01.291903Z","level":"info","event":"  'high: 0.039',","chan":"stdout","logger":"task"}
{"timestamp":"2025-10-28T01:49:01.291928Z","level":"info","event":"  'low: 0.039',","chan":"stdout","logger":"task"}
{"timestamp":"2025-10-28T01:49:01.291952Z","level":"info","event":"  'close: 0.039'],","chan":"stdout","logger":"task"}
{"timestamp":"2025-10-28T01:49:01.291977Z","level":"info","event":" ['2025-10-27 14:00:00 UTC+07:00+0700',","chan":"stdout","logger":"task"}
{"timestamp":"2025-10-28T01:49:01.292002Z","level":"info","event":"  'open: 0.039',","chan":"stdout","logger":"task"}
{"timestamp":"2025-10-28T01:49:01.292030Z","level":"info","event":"  'high: 0.039',","chan":"stdout","logger":"task"}
{"timestamp":"2025-10-28T01:49:01.292055Z","level":"info","event":"  'low: 0.039',","chan":"stdout","logger":"task"}
{"timestamp":"2025-10-28T01:49:01.292080Z","level":"info","event":"  'close: 0.039'],","chan":"stdout","logger":"task"}
{"timestamp":"2025-10-28T01:49:01.292110Z","level":"info","event":" ['2025-10-27 14:30:00 UTC+07:00+0700',","chan":"stdout","logger":"task"}
{"timestamp":"2025-10-28T01:49:01.292140Z","level":"info","event":"  'open: 0.039',","chan":"stdout","logger":"task"}
{"timestamp":"2025-10-28T01:49:01.292167Z","level":"info","event":"  'high: 0.039',","chan":"stdout","logger":"task"}
{"timestamp":"2025-10-28T01:49:01.292202Z","level":"info","event":"  'low: 0.039',","chan":"stdout","logger":"task"}
{"timestamp":"2025-10-28T01:49:01.292228Z","level":"info","event":"  'close: 0.039'],","chan":"stdout","logger":"task"}
{"timestamp":"2025-10-28T01:49:01.292255Z","level":"info","event":" ['2025-10-27 15:00:00 UTC+07:00+0700',","chan":"stdout","logger":"task"}
{"timestamp":"2025-10-28T01:49:01.292280Z","level":"info","event":"  'open: 0.039',","chan":"stdout","logger":"task"}
{"timestamp":"2025-10-28T01:49:01.292309Z","level":"info","event":"  'high: 0.039',","chan":"stdout","logger":"task"}
{"timestamp":"2025-10-28T01:49:01.292337Z","level":"info","event":"  'low: 0.039',","chan":"stdout","logger":"task"}
{"timestamp":"2025-10-28T01:49:01.292362Z","level":"info","event":"  'close: 0.039'],","chan":"stdout","logger":"task"}
{"timestamp":"2025-10-28T01:49:01.292386Z","level":"info","event":" ['2025-10-27 15:30:00 UTC+07:00+0700',","chan":"stdout","logger":"task"}
{"timestamp":"2025-10-28T01:49:01.292411Z","level":"info","event":"  'open: 0.039',","chan":"stdout","logger":"task"}
{"timestamp":"2025-10-28T01:49:01.292436Z","level":"info","event":"  'high: 0.039',","chan":"stdout","logger":"task"}
{"timestamp":"2025-10-28T01:49:01.292461Z","level":"info","event":"  'low: 0.039',","chan":"stdout","logger":"task"}
{"timestamp":"2025-10-28T01:49:01.292485Z","level":"info","event":"  'close: 0.039'],","chan":"stdout","logger":"task"}
{"timestamp":"2025-10-28T01:49:01.292510Z","level":"info","event":" ['2025-10-27 16:00:00 UTC+07:00+0700',","chan":"stdout","logger":"task"}
{"timestamp":"2025-10-28T01:49:01.292534Z","level":"info","event":"  'open: 0.039',","chan":"stdout","logger":"task"}
{"timestamp":"2025-10-28T01:49:01.292559Z","level":"info","event":"  'high: 0.039',","chan":"stdout","logger":"task"}
{"timestamp":"2025-10-28T01:49:01.292584Z","level":"info","event":"  'low: 0.039',","chan":"stdout","logger":"task"}
{"timestamp":"2025-10-28T01:49:01.292609Z","level":"info","event":"  'close: 0.039'],","chan":"stdout","logger":"task"}
{"timestamp":"2025-10-28T01:49:01.292634Z","level":"info","event":" ['2025-10-27 16:30:00 UTC+07:00+0700',","chan":"stdout","logger":"task"}
{"timestamp":"2025-10-28T01:49:01.292658Z","level":"info","event":"  'open: 0.039',","chan":"stdout","logger":"task"}
{"timestamp":"2025-10-28T01:49:01.292682Z","level":"info","event":"  'high: 0.039',","chan":"stdout","logger":"task"}
{"timestamp":"2025-10-28T01:49:01.292707Z","level":"info","event":"  'low: 0.038',","chan":"stdout","logger":"task"}
{"timestamp":"2025-10-28T01:49:01.292731Z","level":"info","event":"  'close: 0.038'],","chan":"stdout","logger":"task"}
{"timestamp":"2025-10-28T01:49:01.292755Z","level":"info","event":" ['2025-10-27 17:00:00 UTC+07:00+0700',","chan":"stdout","logger":"task"}
{"timestamp":"2025-10-28T01:49:01.292780Z","level":"info","event":"  'open: 0.038',","chan":"stdout","logger":"task"}
{"timestamp":"2025-10-28T01:49:01.292821Z","level":"info","event":"  'high: 0.038',","chan":"stdout","logger":"task"}
{"timestamp":"2025-10-28T01:49:01.292846Z","level":"info","event":"  'low: 0.038',","chan":"stdout","logger":"task"}
{"timestamp":"2025-10-28T01:49:01.292872Z","level":"info","event":"  'close: 0.038'],","chan":"stdout","logger":"task"}
{"timestamp":"2025-10-28T01:49:01.292896Z","level":"info","event":" ['2025-10-27 17:30:00 UTC+07:00+0700',","chan":"stdout","logger":"task"}
{"timestamp":"2025-10-28T01:49:01.292921Z","level":"info","event":"  'open: 0.038',","chan":"stdout","logger":"task"}
{"timestamp":"2025-10-28T01:49:01.292945Z","level":"info","event":"  'high: 0.038',","chan":"stdout","logger":"task"}
{"timestamp":"2025-10-28T01:49:01.292970Z","level":"info","event":"  'low: 0.038',","chan":"stdout","logger":"task"}
{"timestamp":"2025-10-28T01:49:01.292994Z","level":"info","event":"  'close: 0.038'],","chan":"stdout","logger":"task"}
{"timestamp":"2025-10-28T01:49:01.293018Z","level":"info","event":" ['2025-10-27 18:00:00 UTC+07:00+0700',","chan":"stdout","logger":"task"}
{"timestamp":"2025-10-28T01:49:01.293042Z","level":"info","event":"  'open: 0.038',","chan":"stdout","logger":"task"}
{"timestamp":"2025-10-28T01:49:01.293067Z","level":"info","event":"  'high: 0.038',","chan":"stdout","logger":"task"}
{"timestamp":"2025-10-28T01:49:01.293091Z","level":"info","event":"  'low: 0.038',","chan":"stdout","logger":"task"}
{"timestamp":"2025-10-28T01:49:01.293128Z","level":"info","event":"  'close: 0.038'],","chan":"stdout","logger":"task"}
{"timestamp":"2025-10-28T01:49:01.293169Z","level":"info","event":" ['2025-10-27 18:30:00 UTC+07:00+0700',","chan":"stdout","logger":"task"}
{"timestamp":"2025-10-28T01:49:01.293196Z","level":"info","event":"  'open: 0.038',","chan":"stdout","logger":"task"}
{"timestamp":"2025-10-28T01:49:01.293231Z","level":"info","event":"  'high: 0.038',","chan":"stdout","logger":"task"}
{"timestamp":"2025-10-28T01:49:01.293255Z","level":"info","event":"  'low: 0.038',","chan":"stdout","logger":"task"}
{"timestamp":"2025-10-28T01:49:01.293280Z","level":"info","event":"  'close: 0.038'],","chan":"stdout","logger":"task"}
{"timestamp":"2025-10-28T01:49:01.293306Z","level":"info","event":" ['2025-10-27 19:00:00 UTC+07:00+0700',","chan":"stdout","logger":"task"}
{"timestamp":"2025-10-28T01:49:01.293331Z","level":"info","event":"  'open: 0.038',","chan":"stdout","logger":"task"}
{"timestamp":"2025-10-28T01:49:01.293357Z","level":"info","event":"  'high: 0.038',","chan":"stdout","logger":"task"}
{"timestamp":"2025-10-28T01:49:01.293382Z","level":"info","event":"  'low: 0.038',","chan":"stdout","logger":"task"}
{"timestamp":"2025-10-28T01:49:01.293407Z","level":"info","event":"  'close: 0.038'],","chan":"stdout","logger":"task"}
{"timestamp":"2025-10-28T01:49:01.293433Z","level":"info","event":" ['2025-10-27 19:30:00 UTC+07:00+0700',","chan":"stdout","logger":"task"}
{"timestamp":"2025-10-28T01:49:01.293458Z","level":"info","event":"  'open: 0.039',","chan":"stdout","logger":"task"}
{"timestamp":"2025-10-28T01:49:01.293483Z","level":"info","event":"  'high: 0.039',","chan":"stdout","logger":"task"}
{"timestamp":"2025-10-28T01:49:01.293508Z","level":"info","event":"  'low: 0.038',","chan":"stdout","logger":"task"}
{"timestamp":"2025-10-28T01:49:01.293532Z","level":"info","event":"  'close: 0.038'],","chan":"stdout","logger":"task"}
{"timestamp":"2025-10-28T01:49:01.293557Z","level":"info","event":" ['2025-10-27 20:00:00 UTC+07:00+0700',","chan":"stdout","logger":"task"}
{"timestamp":"2025-10-28T01:49:01.293582Z","level":"info","event":"  'open: 0.039',","chan":"stdout","logger":"task"}
{"timestamp":"2025-10-28T01:49:01.293606Z","level":"info","event":"  'high: 0.039',","chan":"stdout","logger":"task"}
{"timestamp":"2025-10-28T01:49:01.293631Z","level":"info","event":"  'low: 0.039',","chan":"stdout","logger":"task"}
{"timestamp":"2025-10-28T01:49:01.293655Z","level":"info","event":"  'close: 0.039'],","chan":"stdout","logger":"task"}
{"timestamp":"2025-10-28T01:49:01.293679Z","level":"info","event":" ['2025-10-27 20:30:00 UTC+07:00+0700',","chan":"stdout","logger":"task"}
{"timestamp":"2025-10-28T01:49:01.293703Z","level":"info","event":"  'open: 0.039',","chan":"stdout","logger":"task"}
{"timestamp":"2025-10-28T01:49:01.293728Z","level":"info","event":"  'high: 0.039',","chan":"stdout","logger":"task"}
{"timestamp":"2025-10-28T01:49:01.293752Z","level":"info","event":"  'low: 0.039',","chan":"stdout","logger":"task"}
{"timestamp":"2025-10-28T01:49:01.293777Z","level":"info","event":"  'close: 0.039'],","chan":"stdout","logger":"task"}
{"timestamp":"2025-10-28T01:49:01.293803Z","level":"info","event":" ['2025-10-27 21:00:00 UTC+07:00+0700',","chan":"stdout","logger":"task"}
{"timestamp":"2025-10-28T01:49:01.293828Z","level":"info","event":"  'open: 0.039',","chan":"stdout","logger":"task"}
{"timestamp":"2025-10-28T01:49:01.293852Z","level":"info","event":"  'high: 0.039',","chan":"stdout","logger":"task"}
{"timestamp":"2025-10-28T01:49:01.293877Z","level":"info","event":"  'low: 0.038',","chan":"stdout","logger":"task"}
{"timestamp":"2025-10-28T01:49:01.293901Z","level":"info","event":"  'close: 0.038'],","chan":"stdout","logger":"task"}
{"timestamp":"2025-10-28T01:49:01.293926Z","level":"info","event":" ['2025-10-27 21:30:00 UTC+07:00+0700',","chan":"stdout","logger":"task"}
{"timestamp":"2025-10-28T01:49:01.293950Z","level":"info","event":"  'open: 0.038',","chan":"stdout","logger":"task"}
{"timestamp":"2025-10-28T01:49:01.293975Z","level":"info","event":"  'high: 0.038',","chan":"stdout","logger":"task"}
{"timestamp":"2025-10-28T01:49:01.293999Z","level":"info","event":"  'low: 0.038',","chan":"stdout","logger":"task"}
{"timestamp":"2025-10-28T01:49:01.294036Z","level":"info","event":"  'close: 0.038'],","chan":"stdout","logger":"task"}
{"timestamp":"2025-10-28T01:49:01.294062Z","level":"info","event":" ['2025-10-27 22:00:00 UTC+07:00+0700',","chan":"stdout","logger":"task"}
{"timestamp":"2025-10-28T01:49:01.294086Z","level":"info","event":"  'open: 0.038',","chan":"stdout","logger":"task"}
{"timestamp":"2025-10-28T01:49:01.294117Z","level":"info","event":"  'high: 0.038',","chan":"stdout","logger":"task"}
{"timestamp":"2025-10-28T01:49:01.294143Z","level":"info","event":"  'low: 0.038',","chan":"stdout","logger":"task"}
{"timestamp":"2025-10-28T01:49:01.294173Z","level":"info","event":"  'close: 0.038'],","chan":"stdout","logger":"task"}
{"timestamp":"2025-10-28T01:49:01.294197Z","level":"info","event":" ['2025-10-27 22:30:00 UTC+07:00+0700',","chan":"stdout","logger":"task"}
{"timestamp":"2025-10-28T01:49:01.294221Z","level":"info","event":"  'open: 0.038',","chan":"stdout","logger":"task"}
{"timestamp":"2025-10-28T01:49:01.294245Z","level":"info","event":"  'high: 0.038',","chan":"stdout","logger":"task"}
{"timestamp":"2025-10-28T01:49:01.294269Z","level":"info","event":"  'low: 0.038',","chan":"stdout","logger":"task"}
{"timestamp":"2025-10-28T01:49:01.294293Z","level":"info","event":"  'close: 0.038'],","chan":"stdout","logger":"task"}
{"timestamp":"2025-10-28T01:49:01.294317Z","level":"info","event":" ['2025-10-27 23:00:00 UTC+07:00+0700',","chan":"stdout","logger":"task"}
{"timestamp":"2025-10-28T01:49:01.294342Z","level":"info","event":"  'open: 0.038',","chan":"stdout","logger":"task"}
{"timestamp":"2025-10-28T01:49:01.294366Z","level":"info","event":"  'high: 0.038',","chan":"stdout","logger":"task"}
{"timestamp":"2025-10-28T01:49:01.294398Z","level":"info","event":"  'low: 0.038',","chan":"stdout","logger":"task"}
{"timestamp":"2025-10-28T01:49:01.294422Z","level":"info","event":"  'close: 0.038'],","chan":"stdout","logger":"task"}
{"timestamp":"2025-10-28T01:49:01.294446Z","level":"info","event":" ['2025-10-27 23:30:00 UTC+07:00+0700',","chan":"stdout","logger":"task"}
{"timestamp":"2025-10-28T01:49:01.294470Z","level":"info","event":"  'open: 0.038',","chan":"stdout","logger":"task"}
{"timestamp":"2025-10-28T01:49:01.294495Z","level":"info","event":"  'high: 0.038',","chan":"stdout","logger":"task"}
{"timestamp":"2025-10-28T01:49:01.294519Z","level":"info","event":"  'low: 0.038',","chan":"stdout","logger":"task"}
{"timestamp":"2025-10-28T01:49:01.294543Z","level":"info","event":"  'close: 0.038'],","chan":"stdout","logger":"task"}
{"timestamp":"2025-10-28T01:49:01.294567Z","level":"info","event":" ['2025-10-28 00:00:00 UTC+07:00+0700',","chan":"stdout","logger":"task"}
{"timestamp":"2025-10-28T01:49:01.294590Z","level":"info","event":"  'open: 0.038',","chan":"stdout","logger":"task"}
{"timestamp":"2025-10-28T01:49:01.294614Z","level":"info","event":"  'high: 0.038',","chan":"stdout","logger":"task"}
{"timestamp":"2025-10-28T01:49:01.294638Z","level":"info","event":"  'low: 0.038',","chan":"stdout","logger":"task"}
{"timestamp":"2025-10-28T01:49:01.294662Z","level":"info","event":"  'close: 0.038'],","chan":"stdout","logger":"task"}
{"timestamp":"2025-10-28T01:49:01.294686Z","level":"info","event":" ['2025-10-28 00:30:00 UTC+07:00+0700',","chan":"stdout","logger":"task"}
{"timestamp":"2025-10-28T01:49:01.294711Z","level":"info","event":"  'open: 0.038',","chan":"stdout","logger":"task"}
{"timestamp":"2025-10-28T01:49:01.294735Z","level":"info","event":"  'high: 0.038',","chan":"stdout","logger":"task"}
{"timestamp":"2025-10-28T01:49:01.294760Z","level":"info","event":"  'low: 0.038',","chan":"stdout","logger":"task"}
{"timestamp":"2025-10-28T01:49:01.294784Z","level":"info","event":"  'close: 0.038'],","chan":"stdout","logger":"task"}
{"timestamp":"2025-10-28T01:49:01.294808Z","level":"info","event":" ['2025-10-28 01:00:00 UTC+07:00+0700',","chan":"stdout","logger":"task"}
{"timestamp":"2025-10-28T01:49:01.294836Z","level":"info","event":"  'open: 0.038',","chan":"stdout","logger":"task"}
{"timestamp":"2025-10-28T01:49:01.294864Z","level":"info","event":"  'high: 0.038',","chan":"stdout","logger":"task"}
{"timestamp":"2025-10-28T01:49:01.294890Z","level":"info","event":"  'low: 0.038',","chan":"stdout","logger":"task"}
{"timestamp":"2025-10-28T01:49:01.294914Z","level":"info","event":"  'close: 0.038'],","chan":"stdout","logger":"task"}
{"timestamp":"2025-10-28T01:49:01.294939Z","level":"info","event":" ['2025-10-28 01:30:00 UTC+07:00+0700',","chan":"stdout","logger":"task"}
{"timestamp":"2025-10-28T01:49:01.294963Z","level":"info","event":"  'open: 0.038',","chan":"stdout","logger":"task"}
{"timestamp":"2025-10-28T01:49:01.294987Z","level":"info","event":"  'high: 0.038',","chan":"stdout","logger":"task"}
{"timestamp":"2025-10-28T01:49:01.295011Z","level":"info","event":"  'low: 0.038',","chan":"stdout","logger":"task"}
{"timestamp":"2025-10-28T01:49:01.295034Z","level":"info","event":"  'close: 0.038'],","chan":"stdout","logger":"task"}
{"timestamp":"2025-10-28T01:49:01.295059Z","level":"info","event":" ['2025-10-28 02:00:00 UTC+07:00+0700',","chan":"stdout","logger":"task"}
{"timestamp":"2025-10-28T01:49:01.295083Z","level":"info","event":"  'open: 0.038',","chan":"stdout","logger":"task"}
{"timestamp":"2025-10-28T01:49:01.295113Z","level":"info","event":"  'high: 0.038',","chan":"stdout","logger":"task"}
{"timestamp":"2025-10-28T01:49:01.295143Z","level":"info","event":"  'low: 0.038',","chan":"stdout","logger":"task"}
{"timestamp":"2025-10-28T01:49:01.295178Z","level":"info","event":"  'close: 0.038'],","chan":"stdout","logger":"task"}
{"timestamp":"2025-10-28T01:49:01.295202Z","level":"info","event":" ['2025-10-28 02:30:00 UTC+07:00+0700',","chan":"stdout","logger":"task"}
{"timestamp":"2025-10-28T01:49:01.295227Z","level":"info","event":"  'open: 0.038',","chan":"stdout","logger":"task"}
{"timestamp":"2025-10-28T01:49:01.295253Z","level":"info","event":"  'high: 0.039',","chan":"stdout","logger":"task"}
{"timestamp":"2025-10-28T01:49:01.295278Z","level":"info","event":"  'low: 0.038',","chan":"stdout","logger":"task"}
{"timestamp":"2025-10-28T01:49:01.295306Z","level":"info","event":"  'close: 0.039'],","chan":"stdout","logger":"task"}
{"timestamp":"2025-10-28T01:49:01.295338Z","level":"info","event":" ['2025-10-28 03:00:00 UTC+07:00+0700',","chan":"stdout","logger":"task"}
{"timestamp":"2025-10-28T01:49:01.295364Z","level":"info","event":"  'open: 0.039',","chan":"stdout","logger":"task"}
{"timestamp":"2025-10-28T01:49:01.295391Z","level":"info","event":"  'high: 0.039',","chan":"stdout","logger":"task"}
{"timestamp":"2025-10-28T01:49:01.295417Z","level":"info","event":"  'low: 0.039',","chan":"stdout","logger":"task"}
{"timestamp":"2025-10-28T01:49:01.295453Z","level":"info","event":"  'close: 0.039'],","chan":"stdout","logger":"task"}
{"timestamp":"2025-10-28T01:49:01.295477Z","level":"info","event":" ['2025-10-28 03:30:00 UTC+07:00+0700',","chan":"stdout","logger":"task"}
{"timestamp":"2025-10-28T01:49:01.295502Z","level":"info","event":"  'open: 0.039',","chan":"stdout","logger":"task"}
{"timestamp":"2025-10-28T01:49:01.295527Z","level":"info","event":"  'high: 0.039',","chan":"stdout","logger":"task"}
{"timestamp":"2025-10-28T01:49:01.295552Z","level":"info","event":"  'low: 0.038',","chan":"stdout","logger":"task"}
{"timestamp":"2025-10-28T01:49:01.295582Z","level":"info","event":"  'close: 0.038'],","chan":"stdout","logger":"task"}
{"timestamp":"2025-10-28T01:49:01.295619Z","level":"info","event":" ['2025-10-28 04:00:00 UTC+07:00+0700',","chan":"stdout","logger":"task"}
{"timestamp":"2025-10-28T01:49:01.295644Z","level":"info","event":"  'open: 0.038',","chan":"stdout","logger":"task"}
{"timestamp":"2025-10-28T01:49:01.295686Z","level":"info","event":"  'high: 0.038',","chan":"stdout","logger":"task"}
{"timestamp":"2025-10-28T01:49:01.295748Z","level":"info","event":"  'low: 0.038',","chan":"stdout","logger":"task"}
{"timestamp":"2025-10-28T01:49:01.295792Z","level":"info","event":"  'close: 0.038'],","chan":"stdout","logger":"task"}
{"timestamp":"2025-10-28T01:49:01.295836Z","level":"info","event":" ['2025-10-28 04:30:00 UTC+07:00+0700',","chan":"stdout","logger":"task"}
{"timestamp":"2025-10-28T01:49:01.295895Z","level":"info","event":"  'open: 0.038',","chan":"stdout","logger":"task"}
{"timestamp":"2025-10-28T01:49:01.295948Z","level":"info","event":"  'high: 0.038',","chan":"stdout","logger":"task"}
{"timestamp":"2025-10-28T01:49:01.296010Z","level":"info","event":"  'low: 0.038',","chan":"stdout","logger":"task"}
{"timestamp":"2025-10-28T01:49:01.296054Z","level":"info","event":"  'close: 0.038'],","chan":"stdout","logger":"task"}
{"timestamp":"2025-10-28T01:49:01.296094Z","level":"info","event":" ['2025-10-28 05:00:00 UTC+07:00+0700',","chan":"stdout","logger":"task"}
{"timestamp":"2025-10-28T01:49:01.296146Z","level":"info","event":"  'open: 0.038',","chan":"stdout","logger":"task"}
{"timestamp":"2025-10-28T01:49:01.296188Z","level":"info","event":"  'high: 0.038',","chan":"stdout","logger":"task"}
{"timestamp":"2025-10-28T01:49:01.296235Z","level":"info","event":"  'low: 0.038',","chan":"stdout","logger":"task"}
{"timestamp":"2025-10-28T01:49:01.296281Z","level":"info","event":"  'close: 0.038'],","chan":"stdout","logger":"task"}
{"timestamp":"2025-10-28T01:49:01.296325Z","level":"info","event":" ['2025-10-28 05:30:00 UTC+07:00+0700',","chan":"stdout","logger":"task"}
{"timestamp":"2025-10-28T01:49:01.296367Z","level":"info","event":"  'open: 0.038',","chan":"stdout","logger":"task"}
{"timestamp":"2025-10-28T01:49:01.290227","level":"info","event":"Done. Returned value was: None","logger":"airflow.task.operators.airflow.providers.standard.operators.python.PythonOperator"}
{"timestamp":"2025-10-28T01:49:01.328504Z","level":"info","event":"  'high: 0.038',","chan":"stdout","logger":"task"}
{"timestamp":"2025-10-28T01:49:01.328587Z","level":"info","event":"  'low: 0.038',","chan":"stdout","logger":"task"}
{"timestamp":"2025-10-28T01:49:01.328623Z","level":"info","event":"  'close: 0.038'],","chan":"stdout","logger":"task"}
{"timestamp":"2025-10-28T01:49:01.328655Z","level":"info","event":" ['2025-10-28 06:00:00 UTC+07:00+0700',","chan":"stdout","logger":"task"}
{"timestamp":"2025-10-28T01:49:01.328685Z","level":"info","event":"  'open: 0.038',","chan":"stdout","logger":"task"}
{"timestamp":"2025-10-28T01:49:01.328717Z","level":"info","event":"  'high: 0.038',","chan":"stdout","logger":"task"}
{"timestamp":"2025-10-28T01:49:01.328747Z","level":"info","event":"  'low: 0.038',","chan":"stdout","logger":"task"}
{"timestamp":"2025-10-28T01:49:01.328775Z","level":"info","event":"  'close: 0.038'],","chan":"stdout","logger":"task"}
{"timestamp":"2025-10-28T01:49:01.328802Z","level":"info","event":" ['2025-10-28 06:30:00 UTC+07:00+0700',","chan":"stdout","logger":"task"}
{"timestamp":"2025-10-28T01:49:01.328829Z","level":"info","event":"  'open: 0.038',","chan":"stdout","logger":"task"}
{"timestamp":"2025-10-28T01:49:01.328855Z","level":"info","event":"  'high: 0.038',","chan":"stdout","logger":"task"}
{"timestamp":"2025-10-28T01:49:01.328883Z","level":"info","event":"  'low: 0.038',","chan":"stdout","logger":"task"}
{"timestamp":"2025-10-28T01:49:01.328910Z","level":"info","event":"  'close: 0.038'],","chan":"stdout","logger":"task"}
{"timestamp":"2025-10-28T01:49:01.328936Z","level":"info","event":" ['2025-10-28 07:00:00 UTC+07:00+0700',","chan":"stdout","logger":"task"}
{"timestamp":"2025-10-28T01:49:01.328962Z","level":"info","event":"  'open: 0.038',","chan":"stdout","logger":"task"}
{"timestamp":"2025-10-28T01:49:01.328988Z","level":"info","event":"  'high: 0.038',","chan":"stdout","logger":"task"}
{"timestamp":"2025-10-28T01:49:01.329013Z","level":"info","event":"  'low: 0.038',","chan":"stdout","logger":"task"}
{"timestamp":"2025-10-28T01:49:01.329038Z","level":"info","event":"  'close: 0.038'],","chan":"stdout","logger":"task"}
{"timestamp":"2025-10-28T01:49:01.329065Z","level":"info","event":" ['2025-10-28 07:30:00 UTC+07:00+0700',","chan":"stdout","logger":"task"}
{"timestamp":"2025-10-28T01:49:01.329092Z","level":"info","event":"  'open: 0.038',","chan":"stdout","logger":"task"}
{"timestamp":"2025-10-28T01:49:01.329134Z","level":"info","event":"  'high: 0.038',","chan":"stdout","logger":"task"}
{"timestamp":"2025-10-28T01:49:01.329168Z","level":"info","event":"  'low: 0.038',","chan":"stdout","logger":"task"}
{"timestamp":"2025-10-28T01:49:01.329195Z","level":"info","event":"  'close: 0.038'],","chan":"stdout","logger":"task"}
{"timestamp":"2025-10-28T01:49:01.329221Z","level":"info","event":" ['2025-10-28 08:00:00 UTC+07:00+0700',","chan":"stdout","logger":"task"}
{"timestamp":"2025-10-28T01:49:01.329247Z","level":"info","event":"  'open: 0.038',","chan":"stdout","logger":"task"}
{"timestamp":"2025-10-28T01:49:01.329272Z","level":"info","event":"  'high: 0.038',","chan":"stdout","logger":"task"}
{"timestamp":"2025-10-28T01:49:01.329298Z","level":"info","event":"  'low: 0.038',","chan":"stdout","logger":"task"}
{"timestamp":"2025-10-28T01:49:01.329323Z","level":"info","event":"  'close: 0.038'],","chan":"stdout","logger":"task"}
{"timestamp":"2025-10-28T01:49:01.329349Z","level":"info","event":" ['2025-10-28 08:30:00 UTC+07:00+0700',","chan":"stdout","logger":"task"}
{"timestamp":"2025-10-28T01:49:01.329375Z","level":"info","event":"  'open: 0.038',","chan":"stdout","logger":"task"}
{"timestamp":"2025-10-28T01:49:01.329401Z","level":"info","event":"  'high: 0.038',","chan":"stdout","logger":"task"}
{"timestamp":"2025-10-28T01:49:01.329426Z","level":"info","event":"  'low: 0.038',","chan":"stdout","logger":"task"}
{"timestamp":"2025-10-28T01:49:01.329452Z","level":"info","event":"  'close: 0.038']]","chan":"stdout","logger":"task"}
