{"timestamp":"2025-10-28T01:29:08.075574","level":"info","event":"DAG bundles loaded: dags-folder","logger":"airflow.dag_processing.bundles.manager.DagBundlesManager"}
{"timestamp":"2025-10-28T01:29:08.076454","level":"info","event":"Filling up the DagBag from /home/vvt/D/SubjectResource/IT4931_BigData_Processing_and_Storage/CRYPTO/airflow/dags/daily_crypto_btc.py","logger":"airflow.models.dagbag.DagBag"}
{"timestamp":"2025-10-28T01:29:08.119345Z","level":"info","event":"https://api.coingecko.com/api/v3/coins/bitcoin/ohlc?vs_currency=usd&days=1&precision=full CG-i9rKH5bqGJ8UKdxzQ8wGpEmg","chan":"stdout","logger":"task"}
{"timestamp":"2025-10-28T01:29:08.357274Z","level":"info","event":"[['2025-10-27 08:30:00 UTC+07:00+0700',","chan":"stdout","logger":"task"}
{"timestamp":"2025-10-28T01:29:08.357411Z","level":"info","event":"  'open: 114841.125',","chan":"stdout","logger":"task"}
{"timestamp":"2025-10-28T01:29:08.357460Z","level":"info","event":"  'high: 115177.415',","chan":"stdout","logger":"task"}
{"timestamp":"2025-10-28T01:29:08.357497Z","level":"info","event":"  'low: 114831.048',","chan":"stdout","logger":"task"}
{"timestamp":"2025-10-28T01:29:08.357528Z","level":"info","event":"  'close: 115177.415'],","chan":"stdout","logger":"task"}
{"timestamp":"2025-10-28T01:29:08.357559Z","level":"info","event":" ['2025-10-27 09:00:00 UTC+07:00+0700',","chan":"stdout","logger":"task"}
{"timestamp":"2025-10-28T01:29:08.357589Z","level":"info","event":"  'open: 115123.487',","chan":"stdout","logger":"task"}
{"timestamp":"2025-10-28T01:29:08.357620Z","level":"info","event":"  'high: 115327.154',","chan":"stdout","logger":"task"}
{"timestamp":"2025-10-28T01:29:08.357647Z","level":"info","event":"  'low: 115123.487',","chan":"stdout","logger":"task"}
{"timestamp":"2025-10-28T01:29:08.357674Z","level":"info","event":"  'close: 115308.495'],","chan":"stdout","logger":"task"}
{"timestamp":"2025-10-28T01:29:08.357699Z","level":"info","event":" ['2025-10-27 09:30:00 UTC+07:00+0700',","chan":"stdout","logger":"task"}
{"timestamp":"2025-10-28T01:29:08.357726Z","level":"info","event":"  'open: 115297.974',","chan":"stdout","logger":"task"}
{"timestamp":"2025-10-28T01:29:08.357891Z","level":"info","event":"  'high: 115424.834',","chan":"stdout","logger":"task"}
{"timestamp":"2025-10-28T01:29:08.357933Z","level":"info","event":"  'low: 115164.173',","chan":"stdout","logger":"task"}
{"timestamp":"2025-10-28T01:29:08.357965Z","level":"info","event":"  'close: 115174.653'],","chan":"stdout","logger":"task"}
{"timestamp":"2025-10-28T01:29:08.357994Z","level":"info","event":" ['2025-10-27 10:00:00 UTC+07:00+0700',","chan":"stdout","logger":"task"}
{"timestamp":"2025-10-28T01:29:08.358022Z","level":"info","event":"  'open: 114927.850',","chan":"stdout","logger":"task"}
{"timestamp":"2025-10-28T01:29:08.358050Z","level":"info","event":"  'high: 115045.701',","chan":"stdout","logger":"task"}
{"timestamp":"2025-10-28T01:29:08.358078Z","level":"info","event":"  'low: 114860.957',","chan":"stdout","logger":"task"}
{"timestamp":"2025-10-28T01:29:08.358117Z","level":"info","event":"  'close: 114879.262'],","chan":"stdout","logger":"task"}
{"timestamp":"2025-10-28T01:29:08.358150Z","level":"info","event":" ['2025-10-27 10:30:00 UTC+07:00+0700',","chan":"stdout","logger":"task"}
{"timestamp":"2025-10-28T01:29:08.358178Z","level":"info","event":"  'open: 114916.390',","chan":"stdout","logger":"task"}
{"timestamp":"2025-10-28T01:29:08.358223Z","level":"info","event":"  'high: 115180.448',","chan":"stdout","logger":"task"}
{"timestamp":"2025-10-28T01:29:08.358250Z","level":"info","event":"  'low: 114916.390',","chan":"stdout","logger":"task"}
{"timestamp":"2025-10-28T01:29:08.358276Z","level":"info","event":"  'close: 115050.742'],","chan":"stdout","logger":"task"}
{"timestamp":"2025-10-28T01:29:08.358302Z","level":"info","event":" ['2025-10-27 11:00:00 UTC+07:00+0700',","chan":"stdout","logger":"task"}
{"timestamp":"2025-10-28T01:29:08.358328Z","level":"info","event":"  'open: 114956.463',","chan":"stdout","logger":"task"}
{"timestamp":"2025-10-28T01:29:08.358354Z","level":"info","event":"  'high: 115025.868',","chan":"stdout","logger":"task"}
{"timestamp":"2025-10-28T01:29:08.358397Z","level":"info","event":"  'low: 114910.114',","chan":"stdout","logger":"task"}
{"timestamp":"2025-10-28T01:29:08.358428Z","level":"info","event":"  'close: 114983.775'],","chan":"stdout","logger":"task"}
{"timestamp":"2025-10-28T01:29:08.358455Z","level":"info","event":" ['2025-10-27 11:30:00 UTC+07:00+0700',","chan":"stdout","logger":"task"}
{"timestamp":"2025-10-28T01:29:08.358481Z","level":"info","event":"  'open: 114972.259',","chan":"stdout","logger":"task"}
{"timestamp":"2025-10-28T01:29:08.358507Z","level":"info","event":"  'high: 115222.710',","chan":"stdout","logger":"task"}
{"timestamp":"2025-10-28T01:29:08.358533Z","level":"info","event":"  'low: 114972.259',","chan":"stdout","logger":"task"}
{"timestamp":"2025-10-28T01:29:08.358559Z","level":"info","event":"  'close: 115222.710'],","chan":"stdout","logger":"task"}
{"timestamp":"2025-10-28T01:29:08.358585Z","level":"info","event":" ['2025-10-27 12:00:00 UTC+07:00+0700',","chan":"stdout","logger":"task"}
{"timestamp":"2025-10-28T01:29:08.358610Z","level":"info","event":"  'open: 115196.497',","chan":"stdout","logger":"task"}
{"timestamp":"2025-10-28T01:29:08.358637Z","level":"info","event":"  'high: 115269.059',","chan":"stdout","logger":"task"}
{"timestamp":"2025-10-28T01:29:08.358664Z","level":"info","event":"  'low: 115184.585',","chan":"stdout","logger":"task"}
{"timestamp":"2025-10-28T01:29:08.358691Z","level":"info","event":"  'close: 115269.059'],","chan":"stdout","logger":"task"}
{"timestamp":"2025-10-28T01:29:08.358718Z","level":"info","event":" ['2025-10-27 12:30:00 UTC+07:00+0700',","chan":"stdout","logger":"task"}
{"timestamp":"2025-10-28T01:29:08.358745Z","level":"info","event":"  'open: 115280.279',","chan":"stdout","logger":"task"}
{"timestamp":"2025-10-28T01:29:08.358771Z","level":"info","event":"  'high: 115534.846',","chan":"stdout","logger":"task"}
{"timestamp":"2025-10-28T01:29:08.358798Z","level":"info","event":"  'low: 115280.279',","chan":"stdout","logger":"task"}
{"timestamp":"2025-10-28T01:29:08.358824Z","level":"info","event":"  'close: 115501.087'],","chan":"stdout","logger":"task"}
{"timestamp":"2025-10-28T01:29:08.358849Z","level":"info","event":" ['2025-10-27 13:00:00 UTC+07:00+0700',","chan":"stdout","logger":"task"}
{"timestamp":"2025-10-28T01:29:08.358875Z","level":"info","event":"  'open: 115533.653',","chan":"stdout","logger":"task"}
{"timestamp":"2025-10-28T01:29:08.358901Z","level":"info","event":"  'high: 115618.255',","chan":"stdout","logger":"task"}
{"timestamp":"2025-10-28T01:29:08.358927Z","level":"info","event":"  'low: 115471.197',","chan":"stdout","logger":"task"}
{"timestamp":"2025-10-28T01:29:08.358952Z","level":"info","event":"  'close: 115513.155'],","chan":"stdout","logger":"task"}
{"timestamp":"2025-10-28T01:29:08.358978Z","level":"info","event":" ['2025-10-27 13:30:00 UTC+07:00+0700',","chan":"stdout","logger":"task"}
{"timestamp":"2025-10-28T01:29:08.359004Z","level":"info","event":"  'open: 115551.128',","chan":"stdout","logger":"task"}
{"timestamp":"2025-10-28T01:29:08.359030Z","level":"info","event":"  'high: 115690.179',","chan":"stdout","logger":"task"}
{"timestamp":"2025-10-28T01:29:08.359055Z","level":"info","event":"  'low: 115419.910',","chan":"stdout","logger":"task"}
{"timestamp":"2025-10-28T01:29:08.359080Z","level":"info","event":"  'close: 115569.168'],","chan":"stdout","logger":"task"}
{"timestamp":"2025-10-28T01:29:08.359111Z","level":"info","event":" ['2025-10-27 14:00:00 UTC+07:00+0700',","chan":"stdout","logger":"task"}
{"timestamp":"2025-10-28T01:29:08.359141Z","level":"info","event":"  'open: 115628.030',","chan":"stdout","logger":"task"}
{"timestamp":"2025-10-28T01:29:08.359168Z","level":"info","event":"  'high: 115957.345',","chan":"stdout","logger":"task"}
{"timestamp":"2025-10-28T01:29:08.359194Z","level":"info","event":"  'low: 115628.030',","chan":"stdout","logger":"task"}
{"timestamp":"2025-10-28T01:29:08.359219Z","level":"info","event":"  'close: 115957.345'],","chan":"stdout","logger":"task"}
{"timestamp":"2025-10-28T01:29:08.359249Z","level":"info","event":" ['2025-10-27 14:30:00 UTC+07:00+0700',","chan":"stdout","logger":"task"}
{"timestamp":"2025-10-28T01:29:08.359277Z","level":"info","event":"  'open: 116032.271',","chan":"stdout","logger":"task"}
{"timestamp":"2025-10-28T01:29:08.359303Z","level":"info","event":"  'high: 116032.271',","chan":"stdout","logger":"task"}
{"timestamp":"2025-10-28T01:29:08.359328Z","level":"info","event":"  'low: 115939.579',","chan":"stdout","logger":"task"}
{"timestamp":"2025-10-28T01:29:08.359352Z","level":"info","event":"  'close: 115982.345'],","chan":"stdout","logger":"task"}
{"timestamp":"2025-10-28T01:29:08.359378Z","level":"info","event":" ['2025-10-27 15:00:00 UTC+07:00+0700',","chan":"stdout","logger":"task"}
{"timestamp":"2025-10-28T01:29:08.359403Z","level":"info","event":"  'open: 115811.687',","chan":"stdout","logger":"task"}
{"timestamp":"2025-10-28T01:29:08.359428Z","level":"info","event":"  'high: 115811.687',","chan":"stdout","logger":"task"}
{"timestamp":"2025-10-28T01:29:08.359453Z","level":"info","event":"  'low: 115537.762',","chan":"stdout","logger":"task"}
{"timestamp":"2025-10-28T01:29:08.359478Z","level":"info","event":"  'close: 115579.336'],","chan":"stdout","logger":"task"}
{"timestamp":"2025-10-28T01:29:08.359503Z","level":"info","event":" ['2025-10-27 15:30:00 UTC+07:00+0700',","chan":"stdout","logger":"task"}
{"timestamp":"2025-10-28T01:29:08.359528Z","level":"info","event":"  'open: 115527.237',","chan":"stdout","logger":"task"}
{"timestamp":"2025-10-28T01:29:08.359553Z","level":"info","event":"  'high: 115571.164',","chan":"stdout","logger":"task"}
{"timestamp":"2025-10-28T01:29:08.359577Z","level":"info","event":"  'low: 115441.226',","chan":"stdout","logger":"task"}
{"timestamp":"2025-10-28T01:29:08.359602Z","level":"info","event":"  'close: 115441.226'],","chan":"stdout","logger":"task"}
{"timestamp":"2025-10-28T01:29:08.359626Z","level":"info","event":" ['2025-10-27 16:00:00 UTC+07:00+0700',","chan":"stdout","logger":"task"}
{"timestamp":"2025-10-28T01:29:08.359652Z","level":"info","event":"  'open: 115200.443',","chan":"stdout","logger":"task"}
{"timestamp":"2025-10-28T01:29:08.359677Z","level":"info","event":"  'high: 115397.857',","chan":"stdout","logger":"task"}
{"timestamp":"2025-10-28T01:29:08.359702Z","level":"info","event":"  'low: 114936.430',","chan":"stdout","logger":"task"}
{"timestamp":"2025-10-28T01:29:08.359727Z","level":"info","event":"  'close: 114936.430'],","chan":"stdout","logger":"task"}
{"timestamp":"2025-10-28T01:29:08.359752Z","level":"info","event":" ['2025-10-27 16:30:00 UTC+07:00+0700',","chan":"stdout","logger":"task"}
{"timestamp":"2025-10-28T01:29:08.359778Z","level":"info","event":"  'open: 115013.800',","chan":"stdout","logger":"task"}
{"timestamp":"2025-10-28T01:29:08.359803Z","level":"info","event":"  'high: 115121.022',","chan":"stdout","logger":"task"}
{"timestamp":"2025-10-28T01:29:08.359828Z","level":"info","event":"  'low: 114862.086',","chan":"stdout","logger":"task"}
{"timestamp":"2025-10-28T01:29:08.359852Z","level":"info","event":"  'close: 115121.022'],","chan":"stdout","logger":"task"}
{"timestamp":"2025-10-28T01:29:08.359877Z","level":"info","event":" ['2025-10-27 17:00:00 UTC+07:00+0700',","chan":"stdout","logger":"task"}
{"timestamp":"2025-10-28T01:29:08.359903Z","level":"info","event":"  'open: 115163.135',","chan":"stdout","logger":"task"}
{"timestamp":"2025-10-28T01:29:08.359929Z","level":"info","event":"  'high: 115312.873',","chan":"stdout","logger":"task"}
{"timestamp":"2025-10-28T01:29:08.359954Z","level":"info","event":"  'low: 115163.135',","chan":"stdout","logger":"task"}
{"timestamp":"2025-10-28T01:29:08.359980Z","level":"info","event":"  'close: 115266.494'],","chan":"stdout","logger":"task"}
{"timestamp":"2025-10-28T01:29:08.360006Z","level":"info","event":" ['2025-10-27 17:30:00 UTC+07:00+0700',","chan":"stdout","logger":"task"}
{"timestamp":"2025-10-28T01:29:08.360032Z","level":"info","event":"  'open: 115262.657',","chan":"stdout","logger":"task"}
{"timestamp":"2025-10-28T01:29:08.360061Z","level":"info","event":"  'high: 115487.376',","chan":"stdout","logger":"task"}
{"timestamp":"2025-10-28T01:29:08.360087Z","level":"info","event":"  'low: 115249.438',","chan":"stdout","logger":"task"}
{"timestamp":"2025-10-28T01:29:08.360119Z","level":"info","event":"  'close: 115440.162'],","chan":"stdout","logger":"task"}
{"timestamp":"2025-10-28T01:29:08.360147Z","level":"info","event":" ['2025-10-27 18:00:00 UTC+07:00+0700',","chan":"stdout","logger":"task"}
{"timestamp":"2025-10-28T01:29:08.360173Z","level":"info","event":"  'open: 115429.927',","chan":"stdout","logger":"task"}
{"timestamp":"2025-10-28T01:29:08.360198Z","level":"info","event":"  'high: 115483.968',","chan":"stdout","logger":"task"}
{"timestamp":"2025-10-28T01:29:08.360223Z","level":"info","event":"  'low: 115423.118',","chan":"stdout","logger":"task"}
{"timestamp":"2025-10-28T01:29:08.360248Z","level":"info","event":"  'close: 115473.710'],","chan":"stdout","logger":"task"}
{"timestamp":"2025-10-28T01:29:08.360273Z","level":"info","event":" ['2025-10-27 18:30:00 UTC+07:00+0700',","chan":"stdout","logger":"task"}
{"timestamp":"2025-10-28T01:29:08.360298Z","level":"info","event":"  'open: 115454.781',","chan":"stdout","logger":"task"}
{"timestamp":"2025-10-28T01:29:08.360323Z","level":"info","event":"  'high: 115454.781',","chan":"stdout","logger":"task"}
{"timestamp":"2025-10-28T01:29:08.360348Z","level":"info","event":"  'low: 115249.384',","chan":"stdout","logger":"task"}
{"timestamp":"2025-10-28T01:29:08.360372Z","level":"info","event":"  'close: 115249.384'],","chan":"stdout","logger":"task"}
{"timestamp":"2025-10-28T01:29:08.360397Z","level":"info","event":" ['2025-10-27 19:00:00 UTC+07:00+0700',","chan":"stdout","logger":"task"}
{"timestamp":"2025-10-28T01:29:08.360421Z","level":"info","event":"  'open: 115322.880',","chan":"stdout","logger":"task"}
{"timestamp":"2025-10-28T01:29:08.360446Z","level":"info","event":"  'high: 115496.647',","chan":"stdout","logger":"task"}
{"timestamp":"2025-10-28T01:29:08.360470Z","level":"info","event":"  'low: 115322.880',","chan":"stdout","logger":"task"}
{"timestamp":"2025-10-28T01:29:08.360494Z","level":"info","event":"  'close: 115341.677'],","chan":"stdout","logger":"task"}
{"timestamp":"2025-10-28T01:29:08.360518Z","level":"info","event":" ['2025-10-27 19:30:00 UTC+07:00+0700',","chan":"stdout","logger":"task"}
{"timestamp":"2025-10-28T01:29:08.360543Z","level":"info","event":"  'open: 115358.859',","chan":"stdout","logger":"task"}
{"timestamp":"2025-10-28T01:29:08.360568Z","level":"info","event":"  'high: 115358.859',","chan":"stdout","logger":"task"}
{"timestamp":"2025-10-28T01:29:08.360593Z","level":"info","event":"  'low: 115189.739',","chan":"stdout","logger":"task"}
{"timestamp":"2025-10-28T01:29:08.360617Z","level":"info","event":"  'close: 115259.611'],","chan":"stdout","logger":"task"}
{"timestamp":"2025-10-28T01:29:08.360642Z","level":"info","event":" ['2025-10-27 20:00:00 UTC+07:00+0700',","chan":"stdout","logger":"task"}
{"timestamp":"2025-10-28T01:29:08.360666Z","level":"info","event":"  'open: 115275.780',","chan":"stdout","logger":"task"}
{"timestamp":"2025-10-28T01:29:08.360690Z","level":"info","event":"  'high: 115275.780',","chan":"stdout","logger":"task"}
{"timestamp":"2025-10-28T01:29:08.360715Z","level":"info","event":"  'low: 115059.271',","chan":"stdout","logger":"task"}
{"timestamp":"2025-10-28T01:29:08.360738Z","level":"info","event":"  'close: 115059.271'],","chan":"stdout","logger":"task"}
{"timestamp":"2025-10-28T01:29:08.360763Z","level":"info","event":" ['2025-10-27 20:30:00 UTC+07:00+0700',","chan":"stdout","logger":"task"}
{"timestamp":"2025-10-28T01:29:08.360787Z","level":"info","event":"  'open: 115123.916',","chan":"stdout","logger":"task"}
{"timestamp":"2025-10-28T01:29:08.360811Z","level":"info","event":"  'high: 115181.621',","chan":"stdout","logger":"task"}
{"timestamp":"2025-10-28T01:29:08.360835Z","level":"info","event":"  'low: 115119.412',","chan":"stdout","logger":"task"}
{"timestamp":"2025-10-28T01:29:08.360859Z","level":"info","event":"  'close: 115123.514'],","chan":"stdout","logger":"task"}
{"timestamp":"2025-10-28T01:29:08.360888Z","level":"info","event":" ['2025-10-27 21:00:00 UTC+07:00+0700',","chan":"stdout","logger":"task"}
{"timestamp":"2025-10-28T01:29:08.360914Z","level":"info","event":"  'open: 115140.817',","chan":"stdout","logger":"task"}
{"timestamp":"2025-10-28T01:29:08.360939Z","level":"info","event":"  'high: 115230.794',","chan":"stdout","logger":"task"}
{"timestamp":"2025-10-28T01:29:08.360964Z","level":"info","event":"  'low: 114763.025',","chan":"stdout","logger":"task"}
{"timestamp":"2025-10-28T01:29:08.360989Z","level":"info","event":"  'close: 115230.794'],","chan":"stdout","logger":"task"}
{"timestamp":"2025-10-28T01:29:08.361015Z","level":"info","event":" ['2025-10-27 21:30:00 UTC+07:00+0700',","chan":"stdout","logger":"task"}
{"timestamp":"2025-10-28T01:29:08.361040Z","level":"info","event":"  'open: 115270.412',","chan":"stdout","logger":"task"}
{"timestamp":"2025-10-28T01:29:08.361068Z","level":"info","event":"  'high: 115270.412',","chan":"stdout","logger":"task"}
{"timestamp":"2025-10-28T01:29:08.361094Z","level":"info","event":"  'low: 114634.214',","chan":"stdout","logger":"task"}
{"timestamp":"2025-10-28T01:29:08.361127Z","level":"info","event":"  'close: 114805.546'],","chan":"stdout","logger":"task"}
{"timestamp":"2025-10-28T01:29:08.361159Z","level":"info","event":" ['2025-10-27 22:00:00 UTC+07:00+0700',","chan":"stdout","logger":"task"}
{"timestamp":"2025-10-28T01:29:08.361187Z","level":"info","event":"  'open: 114977.611',","chan":"stdout","logger":"task"}
{"timestamp":"2025-10-28T01:29:08.361213Z","level":"info","event":"  'high: 115013.076',","chan":"stdout","logger":"task"}
{"timestamp":"2025-10-28T01:29:08.361238Z","level":"info","event":"  'low: 114727.231',","chan":"stdout","logger":"task"}
{"timestamp":"2025-10-28T01:29:08.361264Z","level":"info","event":"  'close: 114727.231'],","chan":"stdout","logger":"task"}
{"timestamp":"2025-10-28T01:29:08.361288Z","level":"info","event":" ['2025-10-27 22:30:00 UTC+07:00+0700',","chan":"stdout","logger":"task"}
{"timestamp":"2025-10-28T01:29:08.361316Z","level":"info","event":"  'open: 114821.326',","chan":"stdout","logger":"task"}
{"timestamp":"2025-10-28T01:29:08.361341Z","level":"info","event":"  'high: 115063.243',","chan":"stdout","logger":"task"}
{"timestamp":"2025-10-28T01:29:08.361369Z","level":"info","event":"  'low: 114821.326',","chan":"stdout","logger":"task"}
{"timestamp":"2025-10-28T01:29:08.361396Z","level":"info","event":"  'close: 115042.717'],","chan":"stdout","logger":"task"}
{"timestamp":"2025-10-28T01:29:08.361421Z","level":"info","event":" ['2025-10-27 23:00:00 UTC+07:00+0700',","chan":"stdout","logger":"task"}
{"timestamp":"2025-10-28T01:29:08.361446Z","level":"info","event":"  'open: 115078.624',","chan":"stdout","logger":"task"}
{"timestamp":"2025-10-28T01:29:08.361473Z","level":"info","event":"  'high: 115078.624',","chan":"stdout","logger":"task"}
{"timestamp":"2025-10-28T01:29:08.361501Z","level":"info","event":"  'low: 114913.773',","chan":"stdout","logger":"task"}
{"timestamp":"2025-10-28T01:29:08.361527Z","level":"info","event":"  'close: 114913.773'],","chan":"stdout","logger":"task"}
{"timestamp":"2025-10-28T01:29:08.361552Z","level":"info","event":" ['2025-10-27 23:30:00 UTC+07:00+0700',","chan":"stdout","logger":"task"}
{"timestamp":"2025-10-28T01:29:08.361576Z","level":"info","event":"  'open: 114977.952',","chan":"stdout","logger":"task"}
{"timestamp":"2025-10-28T01:29:08.361601Z","level":"info","event":"  'high: 115345.542',","chan":"stdout","logger":"task"}
{"timestamp":"2025-10-28T01:29:08.361626Z","level":"info","event":"  'low: 114977.952',","chan":"stdout","logger":"task"}
{"timestamp":"2025-10-28T01:29:08.361650Z","level":"info","event":"  'close: 115217.305'],","chan":"stdout","logger":"task"}
{"timestamp":"2025-10-28T01:29:08.361675Z","level":"info","event":" ['2025-10-28 00:00:00 UTC+07:00+0700',","chan":"stdout","logger":"task"}
{"timestamp":"2025-10-28T01:29:08.361700Z","level":"info","event":"  'open: 115326.691',","chan":"stdout","logger":"task"}
{"timestamp":"2025-10-28T01:29:08.361728Z","level":"info","event":"  'high: 115561.485',","chan":"stdout","logger":"task"}
{"timestamp":"2025-10-28T01:29:08.361755Z","level":"info","event":"  'low: 115326.691',","chan":"stdout","logger":"task"}
{"timestamp":"2025-10-28T01:29:08.361780Z","level":"info","event":"  'close: 115561.485'],","chan":"stdout","logger":"task"}
{"timestamp":"2025-10-28T01:29:08.361805Z","level":"info","event":" ['2025-10-28 00:30:00 UTC+07:00+0700',","chan":"stdout","logger":"task"}
{"timestamp":"2025-10-28T01:29:08.361830Z","level":"info","event":"  'open: 115478.129',","chan":"stdout","logger":"task"}
{"timestamp":"2025-10-28T01:29:08.361854Z","level":"info","event":"  'high: 115584.841',","chan":"stdout","logger":"task"}
{"timestamp":"2025-10-28T01:29:08.361878Z","level":"info","event":"  'low: 115355.704',","chan":"stdout","logger":"task"}
{"timestamp":"2025-10-28T01:29:08.361902Z","level":"info","event":"  'close: 115355.704'],","chan":"stdout","logger":"task"}
{"timestamp":"2025-10-28T01:29:08.361926Z","level":"info","event":" ['2025-10-28 01:00:00 UTC+07:00+0700',","chan":"stdout","logger":"task"}
{"timestamp":"2025-10-28T01:29:08.361951Z","level":"info","event":"  'open: 115335.838',","chan":"stdout","logger":"task"}
{"timestamp":"2025-10-28T01:29:08.361976Z","level":"info","event":"  'high: 115657.816',","chan":"stdout","logger":"task"}
{"timestamp":"2025-10-28T01:29:08.362001Z","level":"info","event":"  'low: 115335.838',","chan":"stdout","logger":"task"}
{"timestamp":"2025-10-28T01:29:08.362026Z","level":"info","event":"  'close: 115625.972'],","chan":"stdout","logger":"task"}
{"timestamp":"2025-10-28T01:29:08.362150Z","level":"info","event":" ['2025-10-28 01:30:00 UTC+07:00+0700',","chan":"stdout","logger":"task"}
{"timestamp":"2025-10-28T01:29:08.362188Z","level":"info","event":"  'open: 115619.237',","chan":"stdout","logger":"task"}
{"timestamp":"2025-10-28T01:29:08.362218Z","level":"info","event":"  'high: 115755.137',","chan":"stdout","logger":"task"}
{"timestamp":"2025-10-28T01:29:08.362245Z","level":"info","event":"  'low: 115551.893',","chan":"stdout","logger":"task"}
{"timestamp":"2025-10-28T01:29:08.362273Z","level":"info","event":"  'close: 115551.893'],","chan":"stdout","logger":"task"}
{"timestamp":"2025-10-28T01:29:08.362301Z","level":"info","event":" ['2025-10-28 02:00:00 UTC+07:00+0700',","chan":"stdout","logger":"task"}
{"timestamp":"2025-10-28T01:29:08.362328Z","level":"info","event":"  'open: 115371.453',","chan":"stdout","logger":"task"}
{"timestamp":"2025-10-28T01:29:08.362354Z","level":"info","event":"  'high: 115510.086',","chan":"stdout","logger":"task"}
{"timestamp":"2025-10-28T01:29:08.362381Z","level":"info","event":"  'low: 115371.453',","chan":"stdout","logger":"task"}
{"timestamp":"2025-10-28T01:29:08.362407Z","level":"info","event":"  'close: 115450.349'],","chan":"stdout","logger":"task"}
{"timestamp":"2025-10-28T01:29:08.362433Z","level":"info","event":" ['2025-10-28 02:30:00 UTC+07:00+0700',","chan":"stdout","logger":"task"}
{"timestamp":"2025-10-28T01:29:08.362459Z","level":"info","event":"  'open: 115351.628',","chan":"stdout","logger":"task"}
{"timestamp":"2025-10-28T01:29:08.362485Z","level":"info","event":"  'high: 115351.628',","chan":"stdout","logger":"task"}
{"timestamp":"2025-10-28T01:29:08.362511Z","level":"info","event":"  'low: 115065.950',","chan":"stdout","logger":"task"}
{"timestamp":"2025-10-28T01:29:08.362536Z","level":"info","event":"  'close: 115065.950'],","chan":"stdout","logger":"task"}
{"timestamp":"2025-10-28T01:29:08.362562Z","level":"info","event":" ['2025-10-28 03:00:00 UTC+07:00+0700',","chan":"stdout","logger":"task"}
{"timestamp":"2025-10-28T01:29:08.362587Z","level":"info","event":"  'open: 115011.979',","chan":"stdout","logger":"task"}
{"timestamp":"2025-10-28T01:29:08.362612Z","level":"info","event":"  'high: 115011.979',","chan":"stdout","logger":"task"}
{"timestamp":"2025-10-28T01:29:08.362637Z","level":"info","event":"  'low: 114827.763',","chan":"stdout","logger":"task"}
{"timestamp":"2025-10-28T01:29:08.362667Z","level":"info","event":"  'close: 114851.004'],","chan":"stdout","logger":"task"}
{"timestamp":"2025-10-28T01:29:08.362696Z","level":"info","event":" ['2025-10-28 03:30:00 UTC+07:00+0700',","chan":"stdout","logger":"task"}
{"timestamp":"2025-10-28T01:29:08.362723Z","level":"info","event":"  'open: 114830.465',","chan":"stdout","logger":"task"}
{"timestamp":"2025-10-28T01:29:08.362750Z","level":"info","event":"  'high: 114841.782',","chan":"stdout","logger":"task"}
{"timestamp":"2025-10-28T01:29:08.362775Z","level":"info","event":"  'low: 114743.272',","chan":"stdout","logger":"task"}
{"timestamp":"2025-10-28T01:29:08.362801Z","level":"info","event":"  'close: 114755.036'],","chan":"stdout","logger":"task"}
{"timestamp":"2025-10-28T01:29:08.362826Z","level":"info","event":" ['2025-10-28 04:00:00 UTC+07:00+0700',","chan":"stdout","logger":"task"}
{"timestamp":"2025-10-28T01:29:08.362852Z","level":"info","event":"  'open: 114756.514',","chan":"stdout","logger":"task"}
{"timestamp":"2025-10-28T01:29:08.362877Z","level":"info","event":"  'high: 114756.514',","chan":"stdout","logger":"task"}
{"timestamp":"2025-10-28T01:29:08.362902Z","level":"info","event":"  'low: 114556.788',","chan":"stdout","logger":"task"}
{"timestamp":"2025-10-28T01:29:08.362927Z","level":"info","event":"  'close: 114556.788'],","chan":"stdout","logger":"task"}
{"timestamp":"2025-10-28T01:29:08.362951Z","level":"info","event":" ['2025-10-28 04:30:00 UTC+07:00+0700',","chan":"stdout","logger":"task"}
{"timestamp":"2025-10-28T01:29:08.362982Z","level":"info","event":"  'open: 114445.361',","chan":"stdout","logger":"task"}
{"timestamp":"2025-10-28T01:29:08.363009Z","level":"info","event":"  'high: 114544.306',","chan":"stdout","logger":"task"}
{"timestamp":"2025-10-28T01:29:08.363035Z","level":"info","event":"  'low: 114223.724',","chan":"stdout","logger":"task"}
{"timestamp":"2025-10-28T01:29:08.363060Z","level":"info","event":"  'close: 114223.724'],","chan":"stdout","logger":"task"}
{"timestamp":"2025-10-28T01:29:08.363085Z","level":"info","event":" ['2025-10-28 05:00:00 UTC+07:00+0700',","chan":"stdout","logger":"task"}
{"timestamp":"2025-10-28T01:29:08.363119Z","level":"info","event":"  'open: 114175.353',","chan":"stdout","logger":"task"}
{"timestamp":"2025-10-28T01:29:08.363148Z","level":"info","event":"  'high: 114511.464',","chan":"stdout","logger":"task"}
{"timestamp":"2025-10-28T01:29:08.363174Z","level":"info","event":"  'low: 114175.353',","chan":"stdout","logger":"task"}
{"timestamp":"2025-10-28T01:29:08.363200Z","level":"info","event":"  'close: 114483.579'],","chan":"stdout","logger":"task"}
{"timestamp":"2025-10-28T01:29:08.363225Z","level":"info","event":" ['2025-10-28 05:30:00 UTC+07:00+0700',","chan":"stdout","logger":"task"}
{"timestamp":"2025-10-28T01:29:08.363251Z","level":"info","event":"  'open: 114216.658',","chan":"stdout","logger":"task"}
{"timestamp":"2025-10-28T01:29:08.363277Z","level":"info","event":"  'high: 114494.906',","chan":"stdout","logger":"task"}
{"timestamp":"2025-10-28T01:29:08.363302Z","level":"info","event":"  'low: 114216.658',","chan":"stdout","logger":"task"}
{"timestamp":"2025-10-28T01:29:08.363328Z","level":"info","event":"  'close: 114494.906'],","chan":"stdout","logger":"task"}
{"timestamp":"2025-10-28T01:29:08.363353Z","level":"info","event":" ['2025-10-28 06:00:00 UTC+07:00+0700',","chan":"stdout","logger":"task"}
{"timestamp":"2025-10-28T01:29:08.363378Z","level":"info","event":"  'open: 114306.717',","chan":"stdout","logger":"task"}
{"timestamp":"2025-10-28T01:29:08.363402Z","level":"info","event":"  'high: 114340.709',","chan":"stdout","logger":"task"}
{"timestamp":"2025-10-28T01:29:08.363427Z","level":"info","event":"  'low: 114181.672',","chan":"stdout","logger":"task"}
{"timestamp":"2025-10-28T01:29:08.363452Z","level":"info","event":"  'close: 114181.672'],","chan":"stdout","logger":"task"}
{"timestamp":"2025-10-28T01:29:08.363476Z","level":"info","event":" ['2025-10-28 06:30:00 UTC+07:00+0700',","chan":"stdout","logger":"task"}
{"timestamp":"2025-10-28T01:29:08.363501Z","level":"info","event":"  'open: 114083.622',","chan":"stdout","logger":"task"}
{"timestamp":"2025-10-28T01:29:08.363531Z","level":"info","event":"  'high: 114083.622',","chan":"stdout","logger":"task"}
{"timestamp":"2025-10-28T01:29:08.363558Z","level":"info","event":"  'low: 113944.030',","chan":"stdout","logger":"task"}
{"timestamp":"2025-10-28T01:29:08.363583Z","level":"info","event":"  'close: 113999.671'],","chan":"stdout","logger":"task"}
{"timestamp":"2025-10-28T01:29:08.363611Z","level":"info","event":" ['2025-10-28 07:00:00 UTC+07:00+0700',","chan":"stdout","logger":"task"}
{"timestamp":"2025-10-28T01:29:08.363638Z","level":"info","event":"  'open: 114072.746',","chan":"stdout","logger":"task"}
{"timestamp":"2025-10-28T01:29:08.363663Z","level":"info","event":"  'high: 114182.794',","chan":"stdout","logger":"task"}
{"timestamp":"2025-10-28T01:29:08.363688Z","level":"info","event":"  'low: 114072.746',","chan":"stdout","logger":"task"}
{"timestamp":"2025-10-28T01:29:08.363713Z","level":"info","event":"  'close: 114182.794'],","chan":"stdout","logger":"task"}
{"timestamp":"2025-10-28T01:29:08.363738Z","level":"info","event":" ['2025-10-28 07:30:00 UTC+07:00+0700',","chan":"stdout","logger":"task"}
{"timestamp":"2025-10-28T01:29:08.363763Z","level":"info","event":"  'open: 114085.331',","chan":"stdout","logger":"task"}
{"timestamp":"2025-10-28T01:29:08.363787Z","level":"info","event":"  'high: 114300.590',","chan":"stdout","logger":"task"}
{"timestamp":"2025-10-28T01:29:08.363812Z","level":"info","event":"  'low: 113935.417',","chan":"stdout","logger":"task"}
{"timestamp":"2025-10-28T01:29:08.363836Z","level":"info","event":"  'close: 114300.590'],","chan":"stdout","logger":"task"}
{"timestamp":"2025-10-28T01:29:08.363861Z","level":"info","event":" ['2025-10-28 08:00:00 UTC+07:00+0700',","chan":"stdout","logger":"task"}
{"timestamp":"2025-10-28T01:29:08.363885Z","level":"info","event":"  'open: 114163.648',","chan":"stdout","logger":"task"}
{"timestamp":"2025-10-28T01:29:08.363910Z","level":"info","event":"  'high: 114163.648',","chan":"stdout","logger":"task"}
{"timestamp":"2025-10-28T01:29:08.363936Z","level":"info","event":"  'low: 113916.463',","chan":"stdout","logger":"task"}
{"timestamp":"2025-10-28T01:29:08.363961Z","level":"info","event":"  'close: 113920.186']]","chan":"stdout","logger":"task"}
{"timestamp":"2025-10-28T01:29:08.358297","level":"info","event":"Done. Returned value was: None","logger":"airflow.task.operators.airflow.providers.standard.operators.python.PythonOperator"}
