{"timestamp":"2025-10-28T01:46:02.058304","level":"info","event":"DAG bundles loaded: dags-folder","logger":"airflow.dag_processing.bundles.manager.DagBundlesManager"}
{"timestamp":"2025-10-28T01:46:02.058782","level":"info","event":"Filling up the DagBag from /home/vvt/D/SubjectResource/IT4931_BigData_Processing_and_Storage/CRYPTO/airflow/dags/daily_crypto_btc.py","logger":"airflow.models.dagbag.DagBag"}
{"timestamp":"2025-10-28T01:46:02.090643Z","level":"info","event":"https://api.coingecko.com/api/v3/coins/bitcoin/ohlc?vs_currency=usd&days=1&precision=full CG-i9rKH5bqGJ8UKdxzQ8wGpEmg","chan":"stdout","logger":"task"}
{"timestamp":"2025-10-28T01:46:02.237461Z","level":"info","event":"[['2025-10-27 09:00:00 UTC+07:00+0700',","chan":"stdout","logger":"task"}
{"timestamp":"2025-10-28T01:46:02.237584Z","level":"info","event":"  'open: 115123.487',","chan":"stdout","logger":"task"}
{"timestamp":"2025-10-28T01:46:02.237628Z","level":"info","event":"  'high: 115327.154',","chan":"stdout","logger":"task"}
{"timestamp":"2025-10-28T01:46:02.237660Z","level":"info","event":"  'low: 115123.487',","chan":"stdout","logger":"task"}
{"timestamp":"2025-10-28T01:46:02.237691Z","level":"info","event":"  'close: 115308.495'],","chan":"stdout","logger":"task"}
{"timestamp":"2025-10-28T01:46:02.237721Z","level":"info","event":" ['2025-10-27 09:30:00 UTC+07:00+0700',","chan":"stdout","logger":"task"}
{"timestamp":"2025-10-28T01:46:02.237749Z","level":"info","event":"  'open: 115297.974',","chan":"stdout","logger":"task"}
{"timestamp":"2025-10-28T01:46:02.237777Z","level":"info","event":"  'high: 115424.834',","chan":"stdout","logger":"task"}
{"timestamp":"2025-10-28T01:46:02.237807Z","level":"info","event":"  'low: 115164.173',","chan":"stdout","logger":"task"}
{"timestamp":"2025-10-28T01:46:02.237840Z","level":"info","event":"  'close: 115174.653'],","chan":"stdout","logger":"task"}
{"timestamp":"2025-10-28T01:46:02.238005Z","level":"info","event":" ['2025-10-27 10:00:00 UTC+07:00+0700',","chan":"stdout","logger":"task"}
{"timestamp":"2025-10-28T01:46:02.238044Z","level":"info","event":"  'open: 114927.850',","chan":"stdout","logger":"task"}
{"timestamp":"2025-10-28T01:46:02.238078Z","level":"info","event":"  'high: 115045.701',","chan":"stdout","logger":"task"}
{"timestamp":"2025-10-28T01:46:02.238119Z","level":"info","event":"  'low: 114860.957',","chan":"stdout","logger":"task"}
{"timestamp":"2025-10-28T01:46:02.238161Z","level":"info","event":"  'close: 114879.262'],","chan":"stdout","logger":"task"}
{"timestamp":"2025-10-28T01:46:02.238207Z","level":"info","event":" ['2025-10-27 10:30:00 UTC+07:00+0700',","chan":"stdout","logger":"task"}
{"timestamp":"2025-10-28T01:46:02.238258Z","level":"info","event":"  'open: 114916.390',","chan":"stdout","logger":"task"}
{"timestamp":"2025-10-28T01:46:02.238294Z","level":"info","event":"  'high: 115180.448',","chan":"stdout","logger":"task"}
{"timestamp":"2025-10-28T01:46:02.238327Z","level":"info","event":"  'low: 114916.390',","chan":"stdout","logger":"task"}
{"timestamp":"2025-10-28T01:46:02.238355Z","level":"info","event":"  'close: 115050.742'],","chan":"stdout","logger":"task"}
{"timestamp":"2025-10-28T01:46:02.238382Z","level":"info","event":" ['2025-10-27 11:00:00 UTC+07:00+0700',","chan":"stdout","logger":"task"}
{"timestamp":"2025-10-28T01:46:02.238409Z","level":"info","event":"  'open: 114956.463',","chan":"stdout","logger":"task"}
{"timestamp":"2025-10-28T01:46:02.238435Z","level":"info","event":"  'high: 115025.868',","chan":"stdout","logger":"task"}
{"timestamp":"2025-10-28T01:46:02.238461Z","level":"info","event":"  'low: 114910.114',","chan":"stdout","logger":"task"}
{"timestamp":"2025-10-28T01:46:02.238488Z","level":"info","event":"  'close: 114983.775'],","chan":"stdout","logger":"task"}
{"timestamp":"2025-10-28T01:46:02.238515Z","level":"info","event":" ['2025-10-27 11:30:00 UTC+07:00+0700',","chan":"stdout","logger":"task"}
{"timestamp":"2025-10-28T01:46:02.238543Z","level":"info","event":"  'open: 114972.259',","chan":"stdout","logger":"task"}
{"timestamp":"2025-10-28T01:46:02.238570Z","level":"info","event":"  'high: 115222.710',","chan":"stdout","logger":"task"}
{"timestamp":"2025-10-28T01:46:02.238607Z","level":"info","event":"  'low: 114972.259',","chan":"stdout","logger":"task"}
{"timestamp":"2025-10-28T01:46:02.238636Z","level":"info","event":"  'close: 115222.710'],","chan":"stdout","logger":"task"}
{"timestamp":"2025-10-28T01:46:02.238664Z","level":"info","event":" ['2025-10-27 12:00:00 UTC+07:00+0700',","chan":"stdout","logger":"task"}
{"timestamp":"2025-10-28T01:46:02.238692Z","level":"info","event":"  'open: 115196.497',","chan":"stdout","logger":"task"}
{"timestamp":"2025-10-28T01:46:02.238720Z","level":"info","event":"  'high: 115269.059',","chan":"stdout","logger":"task"}
{"timestamp":"2025-10-28T01:46:02.238749Z","level":"info","event":"  'low: 115184.585',","chan":"stdout","logger":"task"}
{"timestamp":"2025-10-28T01:46:02.238777Z","level":"info","event":"  'close: 115269.059'],","chan":"stdout","logger":"task"}
{"timestamp":"2025-10-28T01:46:02.238806Z","level":"info","event":" ['2025-10-27 12:30:00 UTC+07:00+0700',","chan":"stdout","logger":"task"}
{"timestamp":"2025-10-28T01:46:02.238834Z","level":"info","event":"  'open: 115280.279',","chan":"stdout","logger":"task"}
{"timestamp":"2025-10-28T01:46:02.238860Z","level":"info","event":"  'high: 115534.846',","chan":"stdout","logger":"task"}
{"timestamp":"2025-10-28T01:46:02.238886Z","level":"info","event":"  'low: 115280.279',","chan":"stdout","logger":"task"}
{"timestamp":"2025-10-28T01:46:02.238912Z","level":"info","event":"  'close: 115501.087'],","chan":"stdout","logger":"task"}
{"timestamp":"2025-10-28T01:46:02.238938Z","level":"info","event":" ['2025-10-27 13:00:00 UTC+07:00+0700',","chan":"stdout","logger":"task"}
{"timestamp":"2025-10-28T01:46:02.238964Z","level":"info","event":"  'open: 115533.653',","chan":"stdout","logger":"task"}
{"timestamp":"2025-10-28T01:46:02.238990Z","level":"info","event":"  'high: 115618.255',","chan":"stdout","logger":"task"}
{"timestamp":"2025-10-28T01:46:02.239016Z","level":"info","event":"  'low: 115471.197',","chan":"stdout","logger":"task"}
{"timestamp":"2025-10-28T01:46:02.239042Z","level":"info","event":"  'close: 115513.155'],","chan":"stdout","logger":"task"}
{"timestamp":"2025-10-28T01:46:02.239067Z","level":"info","event":" ['2025-10-27 13:30:00 UTC+07:00+0700',","chan":"stdout","logger":"task"}
{"timestamp":"2025-10-28T01:46:02.239094Z","level":"info","event":"  'open: 115551.128',","chan":"stdout","logger":"task"}
{"timestamp":"2025-10-28T01:46:02.239134Z","level":"info","event":"  'high: 115690.179',","chan":"stdout","logger":"task"}
{"timestamp":"2025-10-28T01:46:02.239163Z","level":"info","event":"  'low: 115419.910',","chan":"stdout","logger":"task"}
{"timestamp":"2025-10-28T01:46:02.239190Z","level":"info","event":"  'close: 115569.168'],","chan":"stdout","logger":"task"}
{"timestamp":"2025-10-28T01:46:02.239215Z","level":"info","event":" ['2025-10-27 14:00:00 UTC+07:00+0700',","chan":"stdout","logger":"task"}
{"timestamp":"2025-10-28T01:46:02.239241Z","level":"info","event":"  'open: 115628.030',","chan":"stdout","logger":"task"}
{"timestamp":"2025-10-28T01:46:02.239267Z","level":"info","event":"  'high: 115957.345',","chan":"stdout","logger":"task"}
{"timestamp":"2025-10-28T01:46:02.239292Z","level":"info","event":"  'low: 115628.030',","chan":"stdout","logger":"task"}
{"timestamp":"2025-10-28T01:46:02.239318Z","level":"info","event":"  'close: 115957.345'],","chan":"stdout","logger":"task"}
{"timestamp":"2025-10-28T01:46:02.239343Z","level":"info","event":" ['2025-10-27 14:30:00 UTC+07:00+0700',","chan":"stdout","logger":"task"}
{"timestamp":"2025-10-28T01:46:02.239370Z","level":"info","event":"  'open: 116032.271',","chan":"stdout","logger":"task"}
{"timestamp":"2025-10-28T01:46:02.239395Z","level":"info","event":"  'high: 116032.271',","chan":"stdout","logger":"task"}
{"timestamp":"2025-10-28T01:46:02.239420Z","level":"info","event":"  'low: 115939.579',","chan":"stdout","logger":"task"}
{"timestamp":"2025-10-28T01:46:02.239446Z","level":"info","event":"  'close: 115982.345'],","chan":"stdout","logger":"task"}
{"timestamp":"2025-10-28T01:46:02.239476Z","level":"info","event":" ['2025-10-27 15:00:00 UTC+07:00+0700',","chan":"stdout","logger":"task"}
{"timestamp":"2025-10-28T01:46:02.239503Z","level":"info","event":"  'open: 115811.687',","chan":"stdout","logger":"task"}
{"timestamp":"2025-10-28T01:46:02.239529Z","level":"info","event":"  'high: 115811.687',","chan":"stdout","logger":"task"}
{"timestamp":"2025-10-28T01:46:02.239555Z","level":"info","event":"  'low: 115537.762',","chan":"stdout","logger":"task"}
{"timestamp":"2025-10-28T01:46:02.239580Z","level":"info","event":"  'close: 115579.336'],","chan":"stdout","logger":"task"}
{"timestamp":"2025-10-28T01:46:02.239606Z","level":"info","event":" ['2025-10-27 15:30:00 UTC+07:00+0700',","chan":"stdout","logger":"task"}
{"timestamp":"2025-10-28T01:46:02.239632Z","level":"info","event":"  'open: 115527.237',","chan":"stdout","logger":"task"}
{"timestamp":"2025-10-28T01:46:02.239658Z","level":"info","event":"  'high: 115571.164',","chan":"stdout","logger":"task"}
{"timestamp":"2025-10-28T01:46:02.239685Z","level":"info","event":"  'low: 115441.226',","chan":"stdout","logger":"task"}
{"timestamp":"2025-10-28T01:46:02.239710Z","level":"info","event":"  'close: 115441.226'],","chan":"stdout","logger":"task"}
{"timestamp":"2025-10-28T01:46:02.239736Z","level":"info","event":" ['2025-10-27 16:00:00 UTC+07:00+0700',","chan":"stdout","logger":"task"}
{"timestamp":"2025-10-28T01:46:02.239762Z","level":"info","event":"  'open: 115200.443',","chan":"stdout","logger":"task"}
{"timestamp":"2025-10-28T01:46:02.239787Z","level":"info","event":"  'high: 115397.857',","chan":"stdout","logger":"task"}
{"timestamp":"2025-10-28T01:46:02.239813Z","level":"info","event":"  'low: 114936.430',","chan":"stdout","logger":"task"}
{"timestamp":"2025-10-28T01:46:02.239838Z","level":"info","event":"  'close: 114936.430'],","chan":"stdout","logger":"task"}
{"timestamp":"2025-10-28T01:46:02.239863Z","level":"info","event":" ['2025-10-27 16:30:00 UTC+07:00+0700',","chan":"stdout","logger":"task"}
{"timestamp":"2025-10-28T01:46:02.239889Z","level":"info","event":"  'open: 115013.800',","chan":"stdout","logger":"task"}
{"timestamp":"2025-10-28T01:46:02.239914Z","level":"info","event":"  'high: 115121.022',","chan":"stdout","logger":"task"}
{"timestamp":"2025-10-28T01:46:02.239939Z","level":"info","event":"  'low: 114862.086',","chan":"stdout","logger":"task"}
{"timestamp":"2025-10-28T01:46:02.239965Z","level":"info","event":"  'close: 115121.022'],","chan":"stdout","logger":"task"}
{"timestamp":"2025-10-28T01:46:02.239990Z","level":"info","event":" ['2025-10-27 17:00:00 UTC+07:00+0700',","chan":"stdout","logger":"task"}
{"timestamp":"2025-10-28T01:46:02.240015Z","level":"info","event":"  'open: 115163.135',","chan":"stdout","logger":"task"}
{"timestamp":"2025-10-28T01:46:02.240045Z","level":"info","event":"  'high: 115312.873',","chan":"stdout","logger":"task"}
{"timestamp":"2025-10-28T01:46:02.240087Z","level":"info","event":"  'low: 115163.135',","chan":"stdout","logger":"task"}
{"timestamp":"2025-10-28T01:46:02.240141Z","level":"info","event":"  'close: 115266.494'],","chan":"stdout","logger":"task"}
{"timestamp":"2025-10-28T01:46:02.240171Z","level":"info","event":" ['2025-10-27 17:30:00 UTC+07:00+0700',","chan":"stdout","logger":"task"}
{"timestamp":"2025-10-28T01:46:02.240199Z","level":"info","event":"  'open: 115262.657',","chan":"stdout","logger":"task"}
{"timestamp":"2025-10-28T01:46:02.240226Z","level":"info","event":"  'high: 115487.376',","chan":"stdout","logger":"task"}
{"timestamp":"2025-10-28T01:46:02.240253Z","level":"info","event":"  'low: 115249.438',","chan":"stdout","logger":"task"}
{"timestamp":"2025-10-28T01:46:02.240279Z","level":"info","event":"  'close: 115440.162'],","chan":"stdout","logger":"task"}
{"timestamp":"2025-10-28T01:46:02.240305Z","level":"info","event":" ['2025-10-27 18:00:00 UTC+07:00+0700',","chan":"stdout","logger":"task"}
{"timestamp":"2025-10-28T01:46:02.240331Z","level":"info","event":"  'open: 115429.927',","chan":"stdout","logger":"task"}
{"timestamp":"2025-10-28T01:46:02.240361Z","level":"info","event":"  'high: 115483.968',","chan":"stdout","logger":"task"}
{"timestamp":"2025-10-28T01:46:02.240391Z","level":"info","event":"  'low: 115423.118',","chan":"stdout","logger":"task"}
{"timestamp":"2025-10-28T01:46:02.240433Z","level":"info","event":"  'close: 115473.710'],","chan":"stdout","logger":"task"}
{"timestamp":"2025-10-28T01:46:02.240471Z","level":"info","event":" ['2025-10-27 18:30:00 UTC+07:00+0700',","chan":"stdout","logger":"task"}
{"timestamp":"2025-10-28T01:46:02.240507Z","level":"info","event":"  'open: 115454.781',","chan":"stdout","logger":"task"}
{"timestamp":"2025-10-28T01:46:02.240543Z","level":"info","event":"  'high: 115454.781',","chan":"stdout","logger":"task"}
{"timestamp":"2025-10-28T01:46:02.240578Z","level":"info","event":"  'low: 115249.384',","chan":"stdout","logger":"task"}
{"timestamp":"2025-10-28T01:46:02.240612Z","level":"info","event":"  'close: 115249.384'],","chan":"stdout","logger":"task"}
{"timestamp":"2025-10-28T01:46:02.240647Z","level":"info","event":" ['2025-10-27 19:00:00 UTC+07:00+0700',","chan":"stdout","logger":"task"}
{"timestamp":"2025-10-28T01:46:02.240681Z","level":"info","event":"  'open: 115322.880',","chan":"stdout","logger":"task"}
{"timestamp":"2025-10-28T01:46:02.240715Z","level":"info","event":"  'high: 115496.647',","chan":"stdout","logger":"task"}
{"timestamp":"2025-10-28T01:46:02.240749Z","level":"info","event":"  'low: 115322.880',","chan":"stdout","logger":"task"}
{"timestamp":"2025-10-28T01:46:02.240783Z","level":"info","event":"  'close: 115341.677'],","chan":"stdout","logger":"task"}
{"timestamp":"2025-10-28T01:46:02.240818Z","level":"info","event":" ['2025-10-27 19:30:00 UTC+07:00+0700',","chan":"stdout","logger":"task"}
{"timestamp":"2025-10-28T01:46:02.240854Z","level":"info","event":"  'open: 115358.859',","chan":"stdout","logger":"task"}
{"timestamp":"2025-10-28T01:46:02.240888Z","level":"info","event":"  'high: 115358.859',","chan":"stdout","logger":"task"}
{"timestamp":"2025-10-28T01:46:02.240922Z","level":"info","event":"  'low: 115189.739',","chan":"stdout","logger":"task"}
{"timestamp":"2025-10-28T01:46:02.240956Z","level":"info","event":"  'close: 115259.611'],","chan":"stdout","logger":"task"}
{"timestamp":"2025-10-28T01:46:02.240991Z","level":"info","event":" ['2025-10-27 20:00:00 UTC+07:00+0700',","chan":"stdout","logger":"task"}
{"timestamp":"2025-10-28T01:46:02.241025Z","level":"info","event":"  'open: 115275.780',","chan":"stdout","logger":"task"}
{"timestamp":"2025-10-28T01:46:02.241060Z","level":"info","event":"  'high: 115275.780',","chan":"stdout","logger":"task"}
{"timestamp":"2025-10-28T01:46:02.241094Z","level":"info","event":"  'low: 115059.271',","chan":"stdout","logger":"task"}
{"timestamp":"2025-10-28T01:46:02.241141Z","level":"info","event":"  'close: 115059.271'],","chan":"stdout","logger":"task"}
{"timestamp":"2025-10-28T01:46:02.241178Z","level":"info","event":" ['2025-10-27 20:30:00 UTC+07:00+0700',","chan":"stdout","logger":"task"}
{"timestamp":"2025-10-28T01:46:02.241214Z","level":"info","event":"  'open: 115123.916',","chan":"stdout","logger":"task"}
{"timestamp":"2025-10-28T01:46:02.241249Z","level":"info","event":"  'high: 115181.621',","chan":"stdout","logger":"task"}
{"timestamp":"2025-10-28T01:46:02.241284Z","level":"info","event":"  'low: 115119.412',","chan":"stdout","logger":"task"}
{"timestamp":"2025-10-28T01:46:02.241319Z","level":"info","event":"  'close: 115123.514'],","chan":"stdout","logger":"task"}
{"timestamp":"2025-10-28T01:46:02.241353Z","level":"info","event":" ['2025-10-27 21:00:00 UTC+07:00+0700',","chan":"stdout","logger":"task"}
{"timestamp":"2025-10-28T01:46:02.241388Z","level":"info","event":"  'open: 115140.817',","chan":"stdout","logger":"task"}
{"timestamp":"2025-10-28T01:46:02.241428Z","level":"info","event":"  'high: 115230.794',","chan":"stdout","logger":"task"}
{"timestamp":"2025-10-28T01:46:02.241465Z","level":"info","event":"  'low: 114763.025',","chan":"stdout","logger":"task"}
{"timestamp":"2025-10-28T01:46:02.241501Z","level":"info","event":"  'close: 115230.794'],","chan":"stdout","logger":"task"}
{"timestamp":"2025-10-28T01:46:02.241543Z","level":"info","event":" ['2025-10-27 21:30:00 UTC+07:00+0700',","chan":"stdout","logger":"task"}
{"timestamp":"2025-10-28T01:46:02.241581Z","level":"info","event":"  'open: 115270.412',","chan":"stdout","logger":"task"}
{"timestamp":"2025-10-28T01:46:02.241618Z","level":"info","event":"  'high: 115270.412',","chan":"stdout","logger":"task"}
{"timestamp":"2025-10-28T01:46:02.241654Z","level":"info","event":"  'low: 114634.214',","chan":"stdout","logger":"task"}
{"timestamp":"2025-10-28T01:46:02.241694Z","level":"info","event":"  'close: 114805.546'],","chan":"stdout","logger":"task"}
{"timestamp":"2025-10-28T01:46:02.241731Z","level":"info","event":" ['2025-10-27 22:00:00 UTC+07:00+0700',","chan":"stdout","logger":"task"}
{"timestamp":"2025-10-28T01:46:02.241767Z","level":"info","event":"  'open: 114977.611',","chan":"stdout","logger":"task"}
{"timestamp":"2025-10-28T01:46:02.241804Z","level":"info","event":"  'high: 115013.076',","chan":"stdout","logger":"task"}
{"timestamp":"2025-10-28T01:46:02.241842Z","level":"info","event":"  'low: 114727.231',","chan":"stdout","logger":"task"}
{"timestamp":"2025-10-28T01:46:02.241880Z","level":"info","event":"  'close: 114727.231'],","chan":"stdout","logger":"task"}
{"timestamp":"2025-10-28T01:46:02.241917Z","level":"info","event":" ['2025-10-27 22:30:00 UTC+07:00+0700',","chan":"stdout","logger":"task"}
{"timestamp":"2025-10-28T01:46:02.241955Z","level":"info","event":"  'open: 114821.326',","chan":"stdout","logger":"task"}
{"timestamp":"2025-10-28T01:46:02.241992Z","level":"info","event":"  'high: 115063.243',","chan":"stdout","logger":"task"}
{"timestamp":"2025-10-28T01:46:02.242031Z","level":"info","event":"  'low: 114821.326',","chan":"stdout","logger":"task"}
{"timestamp":"2025-10-28T01:46:02.242072Z","level":"info","event":"  'close: 115042.717'],","chan":"stdout","logger":"task"}
{"timestamp":"2025-10-28T01:46:02.242122Z","level":"info","event":" ['2025-10-27 23:00:00 UTC+07:00+0700',","chan":"stdout","logger":"task"}
{"timestamp":"2025-10-28T01:46:02.242165Z","level":"info","event":"  'open: 115078.624',","chan":"stdout","logger":"task"}
{"timestamp":"2025-10-28T01:46:02.242202Z","level":"info","event":"  'high: 115078.624',","chan":"stdout","logger":"task"}
{"timestamp":"2025-10-28T01:46:02.242241Z","level":"info","event":"  'low: 114913.773',","chan":"stdout","logger":"task"}
{"timestamp":"2025-10-28T01:46:02.242278Z","level":"info","event":"  'close: 114913.773'],","chan":"stdout","logger":"task"}
{"timestamp":"2025-10-28T01:46:02.242313Z","level":"info","event":" ['2025-10-27 23:30:00 UTC+07:00+0700',","chan":"stdout","logger":"task"}
{"timestamp":"2025-10-28T01:46:02.242350Z","level":"info","event":"  'open: 114977.952',","chan":"stdout","logger":"task"}
{"timestamp":"2025-10-28T01:46:02.242386Z","level":"info","event":"  'high: 115345.542',","chan":"stdout","logger":"task"}
{"timestamp":"2025-10-28T01:46:02.242421Z","level":"info","event":"  'low: 114977.952',","chan":"stdout","logger":"task"}
{"timestamp":"2025-10-28T01:46:02.242457Z","level":"info","event":"  'close: 115217.305'],","chan":"stdout","logger":"task"}
{"timestamp":"2025-10-28T01:46:02.242492Z","level":"info","event":" ['2025-10-28 00:00:00 UTC+07:00+0700',","chan":"stdout","logger":"task"}
{"timestamp":"2025-10-28T01:46:02.242528Z","level":"info","event":"  'open: 115326.691',","chan":"stdout","logger":"task"}
{"timestamp":"2025-10-28T01:46:02.242563Z","level":"info","event":"  'high: 115561.485',","chan":"stdout","logger":"task"}
{"timestamp":"2025-10-28T01:46:02.242601Z","level":"info","event":"  'low: 115326.691',","chan":"stdout","logger":"task"}
{"timestamp":"2025-10-28T01:46:02.242636Z","level":"info","event":"  'close: 115561.485'],","chan":"stdout","logger":"task"}
{"timestamp":"2025-10-28T01:46:02.242672Z","level":"info","event":" ['2025-10-28 00:30:00 UTC+07:00+0700',","chan":"stdout","logger":"task"}
{"timestamp":"2025-10-28T01:46:02.242707Z","level":"info","event":"  'open: 115478.129',","chan":"stdout","logger":"task"}
{"timestamp":"2025-10-28T01:46:02.242748Z","level":"info","event":"  'high: 115584.841',","chan":"stdout","logger":"task"}
{"timestamp":"2025-10-28T01:46:02.242785Z","level":"info","event":"  'low: 115355.704',","chan":"stdout","logger":"task"}
{"timestamp":"2025-10-28T01:46:02.242820Z","level":"info","event":"  'close: 115355.704'],","chan":"stdout","logger":"task"}
{"timestamp":"2025-10-28T01:46:02.242858Z","level":"info","event":" ['2025-10-28 01:00:00 UTC+07:00+0700',","chan":"stdout","logger":"task"}
{"timestamp":"2025-10-28T01:46:02.242895Z","level":"info","event":"  'open: 115335.838',","chan":"stdout","logger":"task"}
{"timestamp":"2025-10-28T01:46:02.242932Z","level":"info","event":"  'high: 115657.816',","chan":"stdout","logger":"task"}
{"timestamp":"2025-10-28T01:46:02.242968Z","level":"info","event":"  'low: 115335.838',","chan":"stdout","logger":"task"}
{"timestamp":"2025-10-28T01:46:02.243005Z","level":"info","event":"  'close: 115625.972'],","chan":"stdout","logger":"task"}
{"timestamp":"2025-10-28T01:46:02.243042Z","level":"info","event":" ['2025-10-28 01:30:00 UTC+07:00+0700',","chan":"stdout","logger":"task"}
{"timestamp":"2025-10-28T01:46:02.243080Z","level":"info","event":"  'open: 115619.237',","chan":"stdout","logger":"task"}
{"timestamp":"2025-10-28T01:46:02.243128Z","level":"info","event":"  'high: 115755.137',","chan":"stdout","logger":"task"}
{"timestamp":"2025-10-28T01:46:02.243295Z","level":"info","event":"  'low: 115551.893',","chan":"stdout","logger":"task"}
{"timestamp":"2025-10-28T01:46:02.243342Z","level":"info","event":"  'close: 115551.893'],","chan":"stdout","logger":"task"}
{"timestamp":"2025-10-28T01:46:02.243383Z","level":"info","event":" ['2025-10-28 02:00:00 UTC+07:00+0700',","chan":"stdout","logger":"task"}
{"timestamp":"2025-10-28T01:46:02.243424Z","level":"info","event":"  'open: 115371.453',","chan":"stdout","logger":"task"}
{"timestamp":"2025-10-28T01:46:02.243472Z","level":"info","event":"  'high: 115510.086',","chan":"stdout","logger":"task"}
{"timestamp":"2025-10-28T01:46:02.243519Z","level":"info","event":"  'low: 115371.453',","chan":"stdout","logger":"task"}
{"timestamp":"2025-10-28T01:46:02.243565Z","level":"info","event":"  'close: 115450.349'],","chan":"stdout","logger":"task"}
{"timestamp":"2025-10-28T01:46:02.243595Z","level":"info","event":" ['2025-10-28 02:30:00 UTC+07:00+0700',","chan":"stdout","logger":"task"}
{"timestamp":"2025-10-28T01:46:02.243622Z","level":"info","event":"  'open: 115351.628',","chan":"stdout","logger":"task"}
{"timestamp":"2025-10-28T01:46:02.243648Z","level":"info","event":"  'high: 115351.628',","chan":"stdout","logger":"task"}
{"timestamp":"2025-10-28T01:46:02.243673Z","level":"info","event":"  'low: 115065.950',","chan":"stdout","logger":"task"}
{"timestamp":"2025-10-28T01:46:02.243699Z","level":"info","event":"  'close: 115065.950'],","chan":"stdout","logger":"task"}
{"timestamp":"2025-10-28T01:46:02.243724Z","level":"info","event":" ['2025-10-28 03:00:00 UTC+07:00+0700',","chan":"stdout","logger":"task"}
{"timestamp":"2025-10-28T01:46:02.243749Z","level":"info","event":"  'open: 115011.979',","chan":"stdout","logger":"task"}
{"timestamp":"2025-10-28T01:46:02.243775Z","level":"info","event":"  'high: 115011.979',","chan":"stdout","logger":"task"}
{"timestamp":"2025-10-28T01:46:02.243800Z","level":"info","event":"  'low: 114827.763',","chan":"stdout","logger":"task"}
{"timestamp":"2025-10-28T01:46:02.243825Z","level":"info","event":"  'close: 114851.004'],","chan":"stdout","logger":"task"}
{"timestamp":"2025-10-28T01:46:02.243851Z","level":"info","event":" ['2025-10-28 03:30:00 UTC+07:00+0700',","chan":"stdout","logger":"task"}
{"timestamp":"2025-10-28T01:46:02.243876Z","level":"info","event":"  'open: 114830.465',","chan":"stdout","logger":"task"}
{"timestamp":"2025-10-28T01:46:02.243902Z","level":"info","event":"  'high: 114841.782',","chan":"stdout","logger":"task"}
{"timestamp":"2025-10-28T01:46:02.243927Z","level":"info","event":"  'low: 114743.272',","chan":"stdout","logger":"task"}
{"timestamp":"2025-10-28T01:46:02.243962Z","level":"info","event":"  'close: 114755.036'],","chan":"stdout","logger":"task"}
{"timestamp":"2025-10-28T01:46:02.244009Z","level":"info","event":" ['2025-10-28 04:00:00 UTC+07:00+0700',","chan":"stdout","logger":"task"}
{"timestamp":"2025-10-28T01:46:02.244038Z","level":"info","event":"  'open: 114756.514',","chan":"stdout","logger":"task"}
{"timestamp":"2025-10-28T01:46:02.244064Z","level":"info","event":"  'high: 114756.514',","chan":"stdout","logger":"task"}
{"timestamp":"2025-10-28T01:46:02.244089Z","level":"info","event":"  'low: 114556.788',","chan":"stdout","logger":"task"}
{"timestamp":"2025-10-28T01:46:02.244129Z","level":"info","event":"  'close: 114556.788'],","chan":"stdout","logger":"task"}
{"timestamp":"2025-10-28T01:46:02.244157Z","level":"info","event":" ['2025-10-28 04:30:00 UTC+07:00+0700',","chan":"stdout","logger":"task"}
{"timestamp":"2025-10-28T01:46:02.244184Z","level":"info","event":"  'open: 114445.361',","chan":"stdout","logger":"task"}
{"timestamp":"2025-10-28T01:46:02.244209Z","level":"info","event":"  'high: 114544.306',","chan":"stdout","logger":"task"}
{"timestamp":"2025-10-28T01:46:02.244235Z","level":"info","event":"  'low: 114223.724',","chan":"stdout","logger":"task"}
{"timestamp":"2025-10-28T01:46:02.244261Z","level":"info","event":"  'close: 114223.724'],","chan":"stdout","logger":"task"}
{"timestamp":"2025-10-28T01:46:02.244287Z","level":"info","event":" ['2025-10-28 05:00:00 UTC+07:00+0700',","chan":"stdout","logger":"task"}
{"timestamp":"2025-10-28T01:46:02.244327Z","level":"info","event":"  'open: 114175.353',","chan":"stdout","logger":"task"}
{"timestamp":"2025-10-28T01:46:02.244367Z","level":"info","event":"  'high: 114511.464',","chan":"stdout","logger":"task"}
{"timestamp":"2025-10-28T01:46:02.244394Z","level":"info","event":"  'low: 114175.353',","chan":"stdout","logger":"task"}
{"timestamp":"2025-10-28T01:46:02.244423Z","level":"info","event":"  'close: 114483.579'],","chan":"stdout","logger":"task"}
{"timestamp":"2025-10-28T01:46:02.244450Z","level":"info","event":" ['2025-10-28 05:30:00 UTC+07:00+0700',","chan":"stdout","logger":"task"}
{"timestamp":"2025-10-28T01:46:02.244477Z","level":"info","event":"  'open: 114216.658',","chan":"stdout","logger":"task"}
{"timestamp":"2025-10-28T01:46:02.244504Z","level":"info","event":"  'high: 114494.906',","chan":"stdout","logger":"task"}
{"timestamp":"2025-10-28T01:46:02.244546Z","level":"info","event":"  'low: 114216.658',","chan":"stdout","logger":"task"}
{"timestamp":"2025-10-28T01:46:02.244575Z","level":"info","event":"  'close: 114494.906'],","chan":"stdout","logger":"task"}
{"timestamp":"2025-10-28T01:46:02.244600Z","level":"info","event":" ['2025-10-28 06:00:00 UTC+07:00+0700',","chan":"stdout","logger":"task"}
{"timestamp":"2025-10-28T01:46:02.244626Z","level":"info","event":"  'open: 114306.717',","chan":"stdout","logger":"task"}
{"timestamp":"2025-10-28T01:46:02.244651Z","level":"info","event":"  'high: 114340.709',","chan":"stdout","logger":"task"}
{"timestamp":"2025-10-28T01:46:02.244675Z","level":"info","event":"  'low: 114181.672',","chan":"stdout","logger":"task"}
{"timestamp":"2025-10-28T01:46:02.244700Z","level":"info","event":"  'close: 114181.672'],","chan":"stdout","logger":"task"}
{"timestamp":"2025-10-28T01:46:02.244725Z","level":"info","event":" ['2025-10-28 06:30:00 UTC+07:00+0700',","chan":"stdout","logger":"task"}
{"timestamp":"2025-10-28T01:46:02.244751Z","level":"info","event":"  'open: 114083.622',","chan":"stdout","logger":"task"}
{"timestamp":"2025-10-28T01:46:02.244776Z","level":"info","event":"  'high: 114083.622',","chan":"stdout","logger":"task"}
{"timestamp":"2025-10-28T01:46:02.244800Z","level":"info","event":"  'low: 113944.030',","chan":"stdout","logger":"task"}
{"timestamp":"2025-10-28T01:46:02.244824Z","level":"info","event":"  'close: 113999.671'],","chan":"stdout","logger":"task"}
{"timestamp":"2025-10-28T01:46:02.244849Z","level":"info","event":" ['2025-10-28 07:00:00 UTC+07:00+0700',","chan":"stdout","logger":"task"}
{"timestamp":"2025-10-28T01:46:02.244877Z","level":"info","event":"  'open: 114072.746',","chan":"stdout","logger":"task"}
{"timestamp":"2025-10-28T01:46:02.244907Z","level":"info","event":"  'high: 114182.794',","chan":"stdout","logger":"task"}
{"timestamp":"2025-10-28T01:46:02.244935Z","level":"info","event":"  'low: 114072.746',","chan":"stdout","logger":"task"}
{"timestamp":"2025-10-28T01:46:02.244961Z","level":"info","event":"  'close: 114182.794'],","chan":"stdout","logger":"task"}
{"timestamp":"2025-10-28T01:46:02.244986Z","level":"info","event":" ['2025-10-28 07:30:00 UTC+07:00+0700',","chan":"stdout","logger":"task"}
{"timestamp":"2025-10-28T01:46:02.245012Z","level":"info","event":"  'open: 114085.331',","chan":"stdout","logger":"task"}
{"timestamp":"2025-10-28T01:46:02.245037Z","level":"info","event":"  'high: 114300.590',","chan":"stdout","logger":"task"}
{"timestamp":"2025-10-28T01:46:02.245062Z","level":"info","event":"  'low: 113935.417',","chan":"stdout","logger":"task"}
{"timestamp":"2025-10-28T01:46:02.245088Z","level":"info","event":"  'close: 114300.590'],","chan":"stdout","logger":"task"}
{"timestamp":"2025-10-28T01:46:02.245123Z","level":"info","event":" ['2025-10-28 08:00:00 UTC+07:00+0700',","chan":"stdout","logger":"task"}
{"timestamp":"2025-10-28T01:46:02.245152Z","level":"info","event":"  'open: 114163.648',","chan":"stdout","logger":"task"}
{"timestamp":"2025-10-28T01:46:02.245177Z","level":"info","event":"  'high: 114163.648',","chan":"stdout","logger":"task"}
{"timestamp":"2025-10-28T01:46:02.245219Z","level":"info","event":"  'low: 113916.463',","chan":"stdout","logger":"task"}
{"timestamp":"2025-10-28T01:46:02.245247Z","level":"info","event":"  'close: 113920.186'],","chan":"stdout","logger":"task"}
{"timestamp":"2025-10-28T01:46:02.245272Z","level":"info","event":" ['2025-10-28 08:30:00 UTC+07:00+0700',","chan":"stdout","logger":"task"}
{"timestamp":"2025-10-28T01:46:02.245298Z","level":"info","event":"  'open: 114007.461',","chan":"stdout","logger":"task"}
{"timestamp":"2025-10-28T01:46:02.245323Z","level":"info","event":"  'high: 114261.984',","chan":"stdout","logger":"task"}
{"timestamp":"2025-10-28T01:46:02.245348Z","level":"info","event":"  'low: 114007.461',","chan":"stdout","logger":"task"}
{"timestamp":"2025-10-28T01:46:02.245373Z","level":"info","event":"  'close: 114198.593']]","chan":"stdout","logger":"task"}
{"timestamp":"2025-10-28T01:46:02.238474","level":"info","event":"Done. Returned value was: None","logger":"airflow.task.operators.airflow.providers.standard.operators.python.PythonOperator"}
