{"timestamp":"2025-10-27T12:10:48.942355","level":"info","event":"DAG bundles loaded: dags-folder","logger":"airflow.dag_processing.bundles.manager.DagBundlesManager"}
{"timestamp":"2025-10-27T12:10:48.942835","level":"info","event":"Filling up the DagBag from /home/vvt/D/SubjectResource/IT4931_BigData_Processing_and_Storage/CRYPTO/airflow/dags/consumer.py","logger":"airflow.models.dagbag.DagBag"}
{"timestamp":"2025-10-27T12:10:49.246795Z","level":"error","event":"[2025-10-27 19:10:49,246] [INFO] [quixstreams] : Starting the Application with the config: broker_address=\"{'bootstrap.servers': 'localhost:9092'}\" consumer_group=\"coin_group\" auto_offset_reset=\"earliest\" commit_interval=5.0s commit_every=0 processing_guarantee=\"at-least-once\"","chan":"stderr","logger":"task"}
{"timestamp":"2025-10-27T12:10:49.246974Z","level":"error","event":"[2025-10-27 19:10:49,246] [INFO] [quixstreams] : Initializing state directory at \"/home/vvt/D/SubjectResource/IT4931_BigData_Processing_and_Storage/CRYPTO/airflow/state/coin_group\"","chan":"stderr","logger":"task"}
{"timestamp":"2025-10-27T12:10:49.247552Z","level":"error","event":"[2025-10-27 19:10:49,247] [INFO] [quixstreams] : The application started and is now processing incoming messages","chan":"stderr","logger":"task"}
{"timestamp":"2025-10-27T12:11:19.977376Z","level":"info","event":"游닌 Received: {'coin': 'Bitcoin', 'price_usd': 115229.21982562548, 'volume': 57553292137.34629, 'updated': '2025-10-27T12:09:00.000Z'}","chan":"stdout","logger":"task"}
{"timestamp":"2025-10-27T12:11:29.794143Z","level":"info","event":"游닌 Received: {'coin': 'Bitcoin', 'price_usd': 115229.21982562548, 'volume': 57553292137.34629, 'updated': '2025-10-27T12:09:00.000Z'}","chan":"stdout","logger":"task"}
{"timestamp":"2025-10-27T12:11:40.646802Z","level":"info","event":"游닌 Received: {'coin': 'Bitcoin', 'price_usd': 115229.21982562548, 'volume': 57553292137.34629, 'updated': '2025-10-27T12:09:00.000Z'}","chan":"stdout","logger":"task"}
{"timestamp":"2025-10-27T12:11:51.005261Z","level":"info","event":"游닌 Received: {'coin': 'Bitcoin', 'price_usd': 115229.21982562548, 'volume': 57553292137.34629, 'updated': '2025-10-27T12:09:00.000Z'}","chan":"stdout","logger":"task"}
{"timestamp":"2025-10-27T12:12:02.263114Z","level":"info","event":"游닌 Received: {'coin': 'Bitcoin', 'price_usd': 115196.36337792106, 'volume': 56917747386.62487, 'updated': '2025-10-27T12:10:00.000Z'}","chan":"stdout","logger":"task"}
{"timestamp":"2025-10-27T12:12:12.695910Z","level":"info","event":"游닌 Received: {'coin': 'Bitcoin', 'price_usd': 115196.36337792106, 'volume': 56917747386.62487, 'updated': '2025-10-27T12:10:00.000Z'}","chan":"stdout","logger":"task"}
{"timestamp":"2025-10-27T12:12:23.101860Z","level":"info","event":"游닌 Received: {'coin': 'Bitcoin', 'price_usd': 115196.36337792106, 'volume': 56917747386.62487, 'updated': '2025-10-27T12:10:00.000Z'}","chan":"stdout","logger":"task"}
{"timestamp":"2025-10-27T12:12:35.477950Z","level":"info","event":"游닌 Received: {'coin': 'Bitcoin', 'price_usd': 115196.36337792106, 'volume': 56917747386.62487, 'updated': '2025-10-27T12:10:00.000Z'}","chan":"stdout","logger":"task"}
{"timestamp":"2025-10-27T12:12:49.573823Z","level":"info","event":"游닌 Received: {'coin': 'Bitcoin', 'price_usd': 115196.36337792106, 'volume': 56917747386.62487, 'updated': '2025-10-27T12:10:00.000Z'}","chan":"stdout","logger":"task"}
{"timestamp":"2025-10-27T12:13:00.529290Z","level":"info","event":"游닌 Received: {'coin': 'Bitcoin', 'price_usd': 115209.62205691512, 'volume': 58327424752.08707, 'updated': '2025-10-27T12:11:00.000Z'}","chan":"stdout","logger":"task"}
{"timestamp":"2025-10-27T12:13:12.566711Z","level":"info","event":"游닌 Received: {'coin': 'Bitcoin', 'price_usd': 115209.62205691512, 'volume': 58327424752.08707, 'updated': '2025-10-27T12:11:00.000Z'}","chan":"stdout","logger":"task"}
{"timestamp":"2025-10-27T12:13:23.391474Z","level":"info","event":"游닌 Received: {'coin': 'Bitcoin', 'price_usd': 115209.62205691512, 'volume': 58327424752.08707, 'updated': '2025-10-27T12:11:00.000Z'}","chan":"stdout","logger":"task"}
{"timestamp":"2025-10-27T12:13:33.810881Z","level":"info","event":"游닌 Received: {'coin': 'Bitcoin', 'price_usd': 115209.62205691512, 'volume': 58327424752.08707, 'updated': '2025-10-27T12:11:00.000Z'}","chan":"stdout","logger":"task"}
{"timestamp":"2025-10-27T12:13:44.975702Z","level":"info","event":"游닌 Received: {'coin': 'Bitcoin', 'price_usd': 115209.62205691512, 'volume': 58327424752.08707, 'updated': '2025-10-27T12:11:00.000Z'}","chan":"stdout","logger":"task"}
{"timestamp":"2025-10-27T12:13:56.154208Z","level":"info","event":"游닌 Received: {'coin': 'Bitcoin', 'price_usd': 115240.48117472761, 'volume': 58315554682.63469, 'updated': '2025-10-27T12:12:00.000Z'}","chan":"stdout","logger":"task"}
{"timestamp":"2025-10-27T12:14:06.502517Z","level":"info","event":"游닌 Received: {'coin': 'Bitcoin', 'price_usd': 115240.48117472761, 'volume': 58315554682.63469, 'updated': '2025-10-27T12:12:00.000Z'}","chan":"stdout","logger":"task"}
{"timestamp":"2025-10-27T12:14:17.434360Z","level":"info","event":"游닌 Received: {'coin': 'Bitcoin', 'price_usd': 115240.48117472761, 'volume': 58315554682.63469, 'updated': '2025-10-27T12:12:00.000Z'}","chan":"stdout","logger":"task"}
{"timestamp":"2025-10-27T12:14:42.207256Z","level":"info","event":"游닌 Received: {'coin': 'Bitcoin', 'price_usd': 115240.48117472761, 'volume': 58315554682.63469, 'updated': '2025-10-27T12:12:00.000Z'}","chan":"stdout","logger":"task"}
{"timestamp":"2025-10-27T12:14:53.136188Z","level":"info","event":"游닌 Received: {'coin': 'Bitcoin', 'price_usd': 115240.48117472761, 'volume': 58315554682.63469, 'updated': '2025-10-27T12:12:00.000Z'}","chan":"stdout","logger":"task"}
{"timestamp":"2025-10-27T12:15:04.742425Z","level":"info","event":"游닌 Received: {'coin': 'Bitcoin', 'price_usd': 115250.06962621374, 'volume': 58056587288.94512, 'updated': '2025-10-27T12:13:00.000Z'}","chan":"stdout","logger":"task"}
{"timestamp":"2025-10-27T12:15:15.588895Z","level":"info","event":"游닌 Received: {'coin': 'Bitcoin', 'price_usd': 115250.06962621374, 'volume': 58056587288.94512, 'updated': '2025-10-27T12:13:00.000Z'}","chan":"stdout","logger":"task"}
{"timestamp":"2025-10-27T12:15:26.451596Z","level":"info","event":"游닌 Received: {'coin': 'Bitcoin', 'price_usd': 115250.06962621374, 'volume': 58056587288.94512, 'updated': '2025-10-27T12:13:00.000Z'}","chan":"stdout","logger":"task"}
{"timestamp":"2025-10-27T12:15:38.835400Z","level":"info","event":"游닌 Received: {'coin': 'Bitcoin', 'price_usd': 115250.06962621374, 'volume': 58056587288.94512, 'updated': '2025-10-27T12:13:00.000Z'}","chan":"stdout","logger":"task"}
{"timestamp":"2025-10-27T12:15:50.617725Z","level":"info","event":"游닌 Received: {'coin': 'Bitcoin', 'price_usd': 115250.06962621374, 'volume': 58056587288.94512, 'updated': '2025-10-27T12:13:00.000Z'}","chan":"stdout","logger":"task"}
{"timestamp":"2025-10-27T12:16:08.266739Z","level":"info","event":"游닌 Received: {'coin': 'Bitcoin', 'price_usd': 115255.240993895, 'volume': 57969706402.67734, 'updated': '2025-10-27T12:14:00.000Z'}","chan":"stdout","logger":"task"}
{"timestamp":"2025-10-27T12:16:18.629859Z","level":"info","event":"游닌 Received: {'coin': 'Bitcoin', 'price_usd': 115255.240993895, 'volume': 57969706402.67734, 'updated': '2025-10-27T12:14:00.000Z'}","chan":"stdout","logger":"task"}
{"timestamp":"2025-10-27T12:16:28.961845Z","level":"info","event":"游닌 Received: {'coin': 'Bitcoin', 'price_usd': 115255.240993895, 'volume': 57969706402.67734, 'updated': '2025-10-27T12:14:00.000Z'}","chan":"stdout","logger":"task"}
{"timestamp":"2025-10-27T12:16:39.776776Z","level":"info","event":"游닌 Received: {'coin': 'Bitcoin', 'price_usd': 115255.240993895, 'volume': 57969706402.67734, 'updated': '2025-10-27T12:14:00.000Z'}","chan":"stdout","logger":"task"}
{"timestamp":"2025-10-27T12:16:50.761713Z","level":"info","event":"游닌 Received: {'coin': 'Bitcoin', 'price_usd': 115255.240993895, 'volume': 57969706402.67734, 'updated': '2025-10-27T12:14:00.000Z'}","chan":"stdout","logger":"task"}
{"timestamp":"2025-10-27T12:17:05.706611Z","level":"info","event":"游닌 Received: {'coin': 'Bitcoin', 'price_usd': 115271.82598743182, 'volume': 57932573807.41733, 'updated': '2025-10-27T12:15:00.000Z'}","chan":"stdout","logger":"task"}
{"timestamp":"2025-10-27T12:17:16.932872Z","level":"info","event":"游닌 Received: {'coin': 'Bitcoin', 'price_usd': 115271.82598743182, 'volume': 57932573807.41733, 'updated': '2025-10-27T12:15:00.000Z'}","chan":"stdout","logger":"task"}
{"timestamp":"2025-10-27T12:17:51.025041Z","level":"info","event":"游닌 Received: {'coin': 'Bitcoin', 'price_usd': 115271.82598743182, 'volume': 57932573807.41733, 'updated': '2025-10-27T12:15:00.000Z'}","chan":"stdout","logger":"task"}
{"timestamp":"2025-10-27T12:18:03.477435Z","level":"info","event":"游닌 Received: {'coin': 'Bitcoin', 'price_usd': 115248.1599984596, 'volume': 57826437236.37522, 'updated': '2025-10-27T12:16:00.000Z'}","chan":"stdout","logger":"task"}
{"timestamp":"2025-10-27T12:18:13.891510Z","level":"info","event":"游닌 Received: {'coin': 'Bitcoin', 'price_usd': 115248.1599984596, 'volume': 57826437236.37522, 'updated': '2025-10-27T12:16:00.000Z'}","chan":"stdout","logger":"task"}
{"timestamp":"2025-10-27T12:18:24.532521Z","level":"info","event":"游닌 Received: {'coin': 'Bitcoin', 'price_usd': 115248.1599984596, 'volume': 57826437236.37522, 'updated': '2025-10-27T12:16:00.000Z'}","chan":"stdout","logger":"task"}
{"timestamp":"2025-10-27T12:18:35.459906Z","level":"info","event":"游닌 Received: {'coin': 'Bitcoin', 'price_usd': 115248.1599984596, 'volume': 57826437236.37522, 'updated': '2025-10-27T12:16:00.000Z'}","chan":"stdout","logger":"task"}
{"timestamp":"2025-10-27T12:18:46.823728Z","level":"info","event":"游닌 Received: {'coin': 'Bitcoin', 'price_usd': 115248.1599984596, 'volume': 57826437236.37522, 'updated': '2025-10-27T12:16:00.000Z'}","chan":"stdout","logger":"task"}
{"timestamp":"2025-10-27T12:18:57.669023Z","level":"info","event":"游닌 Received: {'coin': 'Bitcoin', 'price_usd': 115217.21667682531, 'volume': 57804817732.94193, 'updated': '2025-10-27T12:17:00.000Z'}","chan":"stdout","logger":"task"}
{"timestamp":"2025-10-27T12:19:08.808403Z","level":"info","event":"游닌 Received: {'coin': 'Bitcoin', 'price_usd': 115217.21667682531, 'volume': 57804817732.94193, 'updated': '2025-10-27T12:17:00.000Z'}","chan":"stdout","logger":"task"}
{"timestamp":"2025-10-27T12:19:28.088445Z","level":"info","event":"游닌 Received: {'coin': 'Bitcoin', 'price_usd': 115217.21667682531, 'volume': 57804817732.94193, 'updated': '2025-10-27T12:17:00.000Z'}","chan":"stdout","logger":"task"}
{"timestamp":"2025-10-27T12:19:39.043358Z","level":"info","event":"游닌 Received: {'coin': 'Bitcoin', 'price_usd': 115217.21667682531, 'volume': 57804817732.94193, 'updated': '2025-10-27T12:17:00.000Z'}","chan":"stdout","logger":"task"}
{"timestamp":"2025-10-27T12:19:49.457100Z","level":"info","event":"游닌 Received: {'coin': 'Bitcoin', 'price_usd': 115217.21667682531, 'volume': 57804817732.94193, 'updated': '2025-10-27T12:17:00.000Z'}","chan":"stdout","logger":"task"}
{"timestamp":"2025-10-27T12:19:59.828688Z","level":"info","event":"游닌 Received: {'coin': 'Bitcoin', 'price_usd': 115218.59890525501, 'volume': 56746974203.99117, 'updated': '2025-10-27T12:18:00.000Z'}","chan":"stdout","logger":"task"}
{"timestamp":"2025-10-27T12:20:14.574185Z","level":"info","event":"游닌 Received: {'coin': 'Bitcoin', 'price_usd': 115218.59890525501, 'volume': 56746974203.99117, 'updated': '2025-10-27T12:18:00.000Z'}","chan":"stdout","logger":"task"}
{"timestamp":"2025-10-27T12:20:27.977499Z","level":"info","event":"游닌 Received: {'coin': 'Bitcoin', 'price_usd': 115218.59890525501, 'volume': 56746974203.99117, 'updated': '2025-10-27T12:18:00.000Z'}","chan":"stdout","logger":"task"}
{"timestamp":"2025-10-27T12:20:38.365927Z","level":"info","event":"游닌 Received: {'coin': 'Bitcoin', 'price_usd': 115218.59890525501, 'volume': 56746974203.99117, 'updated': '2025-10-27T12:18:00.000Z'}","chan":"stdout","logger":"task"}
{"timestamp":"2025-10-27T12:20:51.434454Z","level":"info","event":"游닌 Received: {'coin': 'Bitcoin', 'price_usd': 115218.59890525501, 'volume': 56746974203.99117, 'updated': '2025-10-27T12:18:00.000Z'}","chan":"stdout","logger":"task"}
{"timestamp":"2025-10-27T12:21:01.805856Z","level":"info","event":"游닌 Received: {'coin': 'Bitcoin', 'price_usd': 115207.26198208728, 'volume': 56650214511.82376, 'updated': '2025-10-27T12:19:00.000Z'}","chan":"stdout","logger":"task"}
{"timestamp":"2025-10-27T12:21:12.725640Z","level":"info","event":"游닌 Received: {'coin': 'Bitcoin', 'price_usd': 115207.26198208728, 'volume': 56650214511.82376, 'updated': '2025-10-27T12:19:00.000Z'}","chan":"stdout","logger":"task"}
{"timestamp":"2025-10-27T12:21:26.438068Z","level":"info","event":"游닌 Received: {'coin': 'Bitcoin', 'price_usd': 115207.26198208728, 'volume': 56650214511.82376, 'updated': '2025-10-27T12:19:00.000Z'}","chan":"stdout","logger":"task"}
{"timestamp":"2025-10-27T12:21:38.934603Z","level":"info","event":"游닌 Received: {'coin': 'Bitcoin', 'price_usd': 115207.26198208728, 'volume': 56650214511.82376, 'updated': '2025-10-27T12:19:00.000Z'}","chan":"stdout","logger":"task"}
{"timestamp":"2025-10-27T12:21:49.448920Z","level":"info","event":"游닌 Received: {'coin': 'Bitcoin', 'price_usd': 115207.26198208728, 'volume': 56650214511.82376, 'updated': '2025-10-27T12:19:00.000Z'}","chan":"stdout","logger":"task"}
{"timestamp":"2025-10-27T12:22:00.758682Z","level":"info","event":"游닌 Received: {'coin': 'Bitcoin', 'price_usd': 115199.90008467794, 'volume': 56706013036.00191, 'updated': '2025-10-27T12:20:00.000Z'}","chan":"stdout","logger":"task"}
{"timestamp":"2025-10-27T12:22:11.600255Z","level":"info","event":"游닌 Received: {'coin': 'Bitcoin', 'price_usd': 115199.90008467794, 'volume': 56706013036.00191, 'updated': '2025-10-27T12:20:00.000Z'}","chan":"stdout","logger":"task"}
{"timestamp":"2025-10-27T12:22:22.260821Z","level":"info","event":"游닌 Received: {'coin': 'Bitcoin', 'price_usd': 115199.90008467794, 'volume': 56706013036.00191, 'updated': '2025-10-27T12:20:00.000Z'}","chan":"stdout","logger":"task"}
{"timestamp":"2025-10-27T12:22:33.114853Z","level":"info","event":"游닌 Received: {'coin': 'Bitcoin', 'price_usd': 115199.90008467794, 'volume': 56706013036.00191, 'updated': '2025-10-27T12:20:00.000Z'}","chan":"stdout","logger":"task"}
{"timestamp":"2025-10-27T12:22:43.927044Z","level":"info","event":"游닌 Received: {'coin': 'Bitcoin', 'price_usd': 115199.90008467794, 'volume': 56706013036.00191, 'updated': '2025-10-27T12:20:00.000Z'}","chan":"stdout","logger":"task"}
{"timestamp":"2025-10-27T12:22:55.847887Z","level":"info","event":"游닌 Received: {'coin': 'Bitcoin', 'price_usd': 115199.90008467794, 'volume': 56706013036.00191, 'updated': '2025-10-27T12:20:00.000Z'}","chan":"stdout","logger":"task"}
{"timestamp":"2025-10-27T12:23:15.072951Z","level":"info","event":"游닌 Received: {'coin': 'Bitcoin', 'price_usd': 115190.4975129523, 'volume': 56690739506.40713, 'updated': '2025-10-27T12:21:00.000Z'}","chan":"stdout","logger":"task"}
{"timestamp":"2025-10-27T12:23:25.630157Z","level":"info","event":"游닌 Received: {'coin': 'Bitcoin', 'price_usd': 115190.4975129523, 'volume': 56690739506.40713, 'updated': '2025-10-27T12:21:00.000Z'}","chan":"stdout","logger":"task"}
{"timestamp":"2025-10-27T12:23:36.601647Z","level":"info","event":"游닌 Received: {'coin': 'Bitcoin', 'price_usd': 115190.4975129523, 'volume': 56690739506.40713, 'updated': '2025-10-27T12:21:00.000Z'}","chan":"stdout","logger":"task"}
{"timestamp":"2025-10-27T12:23:47.022729Z","level":"info","event":"游닌 Received: {'coin': 'Bitcoin', 'price_usd': 115190.4975129523, 'volume': 56690739506.40713, 'updated': '2025-10-27T12:21:00.000Z'}","chan":"stdout","logger":"task"}
{"timestamp":"2025-10-27T12:23:57.427372Z","level":"info","event":"游닌 Received: {'coin': 'Bitcoin', 'price_usd': 115190.4975129523, 'volume': 56690739506.40713, 'updated': '2025-10-27T12:21:00.000Z'}","chan":"stdout","logger":"task"}
{"timestamp":"2025-10-27T12:24:07.793650Z","level":"info","event":"游닌 Received: {'coin': 'Bitcoin', 'price_usd': 115187.02836220062, 'volume': 56629642862.08369, 'updated': '2025-10-27T12:22:00.000Z'}","chan":"stdout","logger":"task"}
{"timestamp":"2025-10-27T12:24:18.291376Z","level":"info","event":"游닌 Received: {'coin': 'Bitcoin', 'price_usd': 115187.02836220062, 'volume': 56629642862.08369, 'updated': '2025-10-27T12:22:00.000Z'}","chan":"stdout","logger":"task"}
{"timestamp":"2025-10-27T12:24:34.353563Z","level":"info","event":"游닌 Received: {'coin': 'Bitcoin', 'price_usd': 115187.02836220062, 'volume': 56629642862.08369, 'updated': '2025-10-27T12:22:00.000Z'}","chan":"stdout","logger":"task"}
{"timestamp":"2025-10-27T12:24:46.537785Z","level":"info","event":"游닌 Received: {'coin': 'Bitcoin', 'price_usd': 115187.02836220062, 'volume': 56629642862.08369, 'updated': '2025-10-27T12:22:00.000Z'}","chan":"stdout","logger":"task"}
{"timestamp":"2025-10-27T12:24:56.866004Z","level":"info","event":"游닌 Received: {'coin': 'Bitcoin', 'price_usd': 115187.02836220062, 'volume': 56629642862.08369, 'updated': '2025-10-27T12:22:00.000Z'}","chan":"stdout","logger":"task"}
{"timestamp":"2025-10-27T12:25:07.345908Z","level":"info","event":"游닌 Received: {'coin': 'Bitcoin', 'price_usd': 115233.93581509862, 'volume': 56660452563.30089, 'updated': '2025-10-27T12:23:00.000Z'}","chan":"stdout","logger":"task"}
{"timestamp":"2025-10-27T12:25:19.715471Z","level":"info","event":"游닌 Received: {'coin': 'Bitcoin', 'price_usd': 115233.93581509862, 'volume': 56660452563.30089, 'updated': '2025-10-27T12:23:00.000Z'}","chan":"stdout","logger":"task"}
{"timestamp":"2025-10-27T12:25:35.893622Z","level":"info","event":"游닌 Received: {'coin': 'Bitcoin', 'price_usd': 115233.93581509862, 'volume': 56660452563.30089, 'updated': '2025-10-27T12:23:00.000Z'}","chan":"stdout","logger":"task"}
{"timestamp":"2025-10-27T12:25:47.670154Z","level":"info","event":"游닌 Received: {'coin': 'Bitcoin', 'price_usd': 115233.93581509862, 'volume': 56660452563.30089, 'updated': '2025-10-27T12:23:00.000Z'}","chan":"stdout","logger":"task"}
{"timestamp":"2025-10-27T12:25:58.821412Z","level":"info","event":"游닌 Received: {'coin': 'Bitcoin', 'price_usd': 115233.93581509862, 'volume': 56660452563.30089, 'updated': '2025-10-27T12:23:00.000Z'}","chan":"stdout","logger":"task"}
{"timestamp":"2025-10-27T12:26:09.158215Z","level":"info","event":"游닌 Received: {'coin': 'Bitcoin', 'price_usd': 115250.96341041036, 'volume': 57554513384.65976, 'updated': '2025-10-27T12:24:00.000Z'}","chan":"stdout","logger":"task"}
{"timestamp":"2025-10-27T12:26:19.638823Z","level":"info","event":"游닌 Received: {'coin': 'Bitcoin', 'price_usd': 115250.96341041036, 'volume': 57554513384.65976, 'updated': '2025-10-27T12:24:00.000Z'}","chan":"stdout","logger":"task"}
{"timestamp":"2025-10-27T12:26:30.710436Z","level":"info","event":"游닌 Received: {'coin': 'Bitcoin', 'price_usd': 115250.96341041036, 'volume': 57554513384.65976, 'updated': '2025-10-27T12:24:00.000Z'}","chan":"stdout","logger":"task"}
{"timestamp":"2025-10-27T12:26:46.046365Z","level":"info","event":"游닌 Received: {'coin': 'Bitcoin', 'price_usd': 115250.96341041036, 'volume': 57554513384.65976, 'updated': '2025-10-27T12:24:00.000Z'}","chan":"stdout","logger":"task"}
{"timestamp":"2025-10-27T12:26:56.418666Z","level":"info","event":"游닌 Received: {'coin': 'Bitcoin', 'price_usd': 115250.96341041036, 'volume': 57554513384.65976, 'updated': '2025-10-27T12:24:00.000Z'}","chan":"stdout","logger":"task"}
{"timestamp":"2025-10-27T12:27:07.029217Z","level":"info","event":"游닌 Received: {'coin': 'Bitcoin', 'price_usd': 115268.04343959661, 'volume': 57624869523.49729, 'updated': '2025-10-27T12:25:00.000Z'}","chan":"stdout","logger":"task"}
{"timestamp":"2025-10-27T12:27:17.383691Z","level":"info","event":"游닌 Received: {'coin': 'Bitcoin', 'price_usd': 115268.04343959661, 'volume': 57624869523.49729, 'updated': '2025-10-27T12:25:00.000Z'}","chan":"stdout","logger":"task"}
{"timestamp":"2025-10-27T12:27:28.420468Z","level":"info","event":"游닌 Received: {'coin': 'Bitcoin', 'price_usd': 115268.04343959661, 'volume': 57624869523.49729, 'updated': '2025-10-27T12:25:00.000Z'}","chan":"stdout","logger":"task"}
{"timestamp":"2025-10-27T12:27:39.301781Z","level":"info","event":"游닌 Received: {'coin': 'Bitcoin', 'price_usd': 115253.84912196148, 'volume': 56683714659.862816, 'updated': '2025-10-27T12:26:00.000Z'}","chan":"stdout","logger":"task"}
{"timestamp":"2025-10-27T12:27:50.363831Z","level":"info","event":"游닌 Received: {'coin': 'Bitcoin', 'price_usd': 115253.84912196148, 'volume': 56683714659.862816, 'updated': '2025-10-27T12:26:00.000Z'}","chan":"stdout","logger":"task"}
{"timestamp":"2025-10-27T12:28:01.923299Z","level":"info","event":"游닌 Received: {'coin': 'Bitcoin', 'price_usd': 115253.84912196148, 'volume': 56683714659.862816, 'updated': '2025-10-27T12:26:00.000Z'}","chan":"stdout","logger":"task"}
{"timestamp":"2025-10-27T12:28:12.869803Z","level":"info","event":"游닌 Received: {'coin': 'Bitcoin', 'price_usd': 115253.84912196148, 'volume': 56683714659.862816, 'updated': '2025-10-27T12:26:00.000Z'}","chan":"stdout","logger":"task"}
{"timestamp":"2025-10-27T12:28:23.731737Z","level":"info","event":"游닌 Received: {'coin': 'Bitcoin', 'price_usd': 115253.84912196148, 'volume': 56683714659.862816, 'updated': '2025-10-27T12:26:00.000Z'}","chan":"stdout","logger":"task"}
{"timestamp":"2025-10-27T12:28:34.134900Z","level":"info","event":"游닌 Received: {'coin': 'Bitcoin', 'price_usd': 115253.84912196148, 'volume': 56683714659.862816, 'updated': '2025-10-27T12:26:00.000Z'}","chan":"stdout","logger":"task"}
{"timestamp":"2025-10-27T12:28:53.316429Z","level":"info","event":"游닌 Received: {'coin': 'Bitcoin', 'price_usd': 115253.84912196148, 'volume': 56683714659.862816, 'updated': '2025-10-27T12:26:00.000Z'}","chan":"stdout","logger":"task"}
{"timestamp":"2025-10-27T12:29:06.220391Z","level":"info","event":"游닌 Received: {'coin': 'Bitcoin', 'price_usd': 115267.96329262207, 'volume': 56708519772.54015, 'updated': '2025-10-27T12:27:00.000Z'}","chan":"stdout","logger":"task"}
{"timestamp":"2025-10-27T12:29:18.498643Z","level":"info","event":"游닌 Received: {'coin': 'Bitcoin', 'price_usd': 115267.96329262207, 'volume': 56708519772.54015, 'updated': '2025-10-27T12:27:00.000Z'}","chan":"stdout","logger":"task"}
{"timestamp":"2025-10-27T12:29:29.360885Z","level":"info","event":"游닌 Received: {'coin': 'Bitcoin', 'price_usd': 115267.96329262207, 'volume': 56708519772.54015, 'updated': '2025-10-27T12:27:00.000Z'}","chan":"stdout","logger":"task"}
{"timestamp":"2025-10-27T12:29:41.754781Z","level":"info","event":"游닌 Received: {'coin': 'Bitcoin', 'price_usd': 115231.54903605337, 'volume': 56928357834.72213, 'updated': '2025-10-27T12:28:00.000Z'}","chan":"stdout","logger":"task"}
{"timestamp":"2025-10-27T12:29:53.309226Z","level":"info","event":"游닌 Received: {'coin': 'Bitcoin', 'price_usd': 115231.54903605337, 'volume': 56928357834.72213, 'updated': '2025-10-27T12:28:00.000Z'}","chan":"stdout","logger":"task"}
{"timestamp":"2025-10-27T12:30:11.430101Z","level":"info","event":"游닌 Received: {'coin': 'Bitcoin', 'price_usd': 115231.54903605337, 'volume': 56928357834.72213, 'updated': '2025-10-27T12:28:00.000Z'}","chan":"stdout","logger":"task"}
{"timestamp":"2025-10-27T12:30:27.235302Z","level":"info","event":"游닌 Received: {'coin': 'Bitcoin', 'price_usd': 115231.54903605337, 'volume': 56928357834.72213, 'updated': '2025-10-27T12:28:00.000Z'}","chan":"stdout","logger":"task"}
{"timestamp":"2025-10-27T12:30:43.000279Z","level":"info","event":"游닌 Received: {'coin': 'Bitcoin', 'price_usd': 115231.54903605337, 'volume': 56928357834.72213, 'updated': '2025-10-27T12:28:00.000Z'}","chan":"stdout","logger":"task"}
{"timestamp":"2025-10-27T12:30:53.372498Z","level":"info","event":"游닌 Received: {'coin': 'Bitcoin', 'price_usd': 115231.54903605337, 'volume': 56928357834.72213, 'updated': '2025-10-27T12:28:00.000Z'}","chan":"stdout","logger":"task"}
{"timestamp":"2025-10-27T12:31:03.791176Z","level":"info","event":"游닌 Received: {'coin': 'Bitcoin', 'price_usd': 115240.86456438499, 'volume': 56927137718.7685, 'updated': '2025-10-27T12:29:00.000Z'}","chan":"stdout","logger":"task"}
{"timestamp":"2025-10-27T12:31:15.044664Z","level":"info","event":"游닌 Received: {'coin': 'Bitcoin', 'price_usd': 115240.86456438499, 'volume': 56927137718.7685, 'updated': '2025-10-27T12:29:00.000Z'}","chan":"stdout","logger":"task"}
{"timestamp":"2025-10-27T12:31:25.581409Z","level":"info","event":"游닌 Received: {'coin': 'Bitcoin', 'price_usd': 115240.86456438499, 'volume': 56927137718.7685, 'updated': '2025-10-27T12:29:00.000Z'}","chan":"stdout","logger":"task"}
{"timestamp":"2025-10-27T12:31:36.443141Z","level":"info","event":"游닌 Received: {'coin': 'Bitcoin', 'price_usd': 115240.86456438499, 'volume': 56927137718.7685, 'updated': '2025-10-27T12:29:00.000Z'}","chan":"stdout","logger":"task"}
{"timestamp":"2025-10-27T12:31:47.393171Z","level":"info","event":"游닌 Received: {'coin': 'Bitcoin', 'price_usd': 115240.86456438499, 'volume': 56927137718.7685, 'updated': '2025-10-27T12:29:00.000Z'}","chan":"stdout","logger":"task"}
{"timestamp":"2025-10-27T12:31:57.823741Z","level":"info","event":"游닌 Received: {'coin': 'Bitcoin', 'price_usd': 115240.86456438499, 'volume': 56927137718.7685, 'updated': '2025-10-27T12:29:00.000Z'}","chan":"stdout","logger":"task"}
{"timestamp":"2025-10-27T12:32:08.187280Z","level":"info","event":"游닌 Received: {'coin': 'Bitcoin', 'price_usd': 115266.76254430416, 'volume': 56939300413.754105, 'updated': '2025-10-27T12:30:00.000Z'}","chan":"stdout","logger":"task"}
{"timestamp":"2025-10-27T12:32:19.137495Z","level":"info","event":"游닌 Received: {'coin': 'Bitcoin', 'price_usd': 115266.76254430416, 'volume': 56939300413.754105, 'updated': '2025-10-27T12:30:00.000Z'}","chan":"stdout","logger":"task"}
{"timestamp":"2025-10-27T12:32:33.938636Z","level":"info","event":"游닌 Received: {'coin': 'Bitcoin', 'price_usd': 115266.76254430416, 'volume': 56939300413.754105, 'updated': '2025-10-27T12:30:00.000Z'}","chan":"stdout","logger":"task"}
{"timestamp":"2025-10-27T12:32:44.295055Z","level":"info","event":"游닌 Received: {'coin': 'Bitcoin', 'price_usd': 115278.84677982159, 'volume': 57193627078.70821, 'updated': '2025-10-27T12:31:00.000Z'}","chan":"stdout","logger":"task"}
{"timestamp":"2025-10-27T12:32:55.116889Z","level":"info","event":"游닌 Received: {'coin': 'Bitcoin', 'price_usd': 115278.84677982159, 'volume': 57193627078.70821, 'updated': '2025-10-27T12:31:00.000Z'}","chan":"stdout","logger":"task"}
{"timestamp":"2025-10-27T12:33:06.242773Z","level":"info","event":"游닌 Received: {'coin': 'Bitcoin', 'price_usd': 115278.84677982159, 'volume': 57193627078.70821, 'updated': '2025-10-27T12:31:00.000Z'}","chan":"stdout","logger":"task"}
{"timestamp":"2025-10-27T12:33:17.094454Z","level":"info","event":"游닌 Received: {'coin': 'Bitcoin', 'price_usd': 115278.84677982159, 'volume': 57193627078.70821, 'updated': '2025-10-27T12:31:00.000Z'}","chan":"stdout","logger":"task"}
{"timestamp":"2025-10-27T12:33:28.258562Z","level":"info","event":"游닌 Received: {'coin': 'Bitcoin', 'price_usd': 115278.84677982159, 'volume': 57193627078.70821, 'updated': '2025-10-27T12:31:00.000Z'}","chan":"stdout","logger":"task"}
{"timestamp":"2025-10-27T12:33:39.103618Z","level":"info","event":"游닌 Received: {'coin': 'Bitcoin', 'price_usd': 115240.95324167139, 'volume': 58122868196.59319, 'updated': '2025-10-27T12:32:00.000Z'}","chan":"stdout","logger":"task"}
{"timestamp":"2025-10-27T12:33:49.964796Z","level":"info","event":"游닌 Received: {'coin': 'Bitcoin', 'price_usd': 115240.95324167139, 'volume': 58122868196.59319, 'updated': '2025-10-27T12:32:00.000Z'}","chan":"stdout","logger":"task"}
{"timestamp":"2025-10-27T12:34:01.093205Z","level":"info","event":"游닌 Received: {'coin': 'Bitcoin', 'price_usd': 115240.95324167139, 'volume': 58122868196.59319, 'updated': '2025-10-27T12:32:00.000Z'}","chan":"stdout","logger":"task"}
{"timestamp":"2025-10-27T12:34:11.979561Z","level":"info","event":"游닌 Received: {'coin': 'Bitcoin', 'price_usd': 115240.95324167139, 'volume': 58122868196.59319, 'updated': '2025-10-27T12:32:00.000Z'}","chan":"stdout","logger":"task"}
{"timestamp":"2025-10-27T12:34:28.120724Z","level":"info","event":"游닌 Received: {'coin': 'Bitcoin', 'price_usd': 115240.95324167139, 'volume': 58122868196.59319, 'updated': '2025-10-27T12:32:00.000Z'}","chan":"stdout","logger":"task"}
{"timestamp":"2025-10-27T12:34:39.014862Z","level":"info","event":"游닌 Received: {'coin': 'Bitcoin', 'price_usd': 115249.14677747828, 'volume': 57205264393.6152, 'updated': '2025-10-27T12:33:00.000Z'}","chan":"stdout","logger":"task"}
{"timestamp":"2025-10-27T12:34:54.330588Z","level":"info","event":"游닌 Received: {'coin': 'Bitcoin', 'price_usd': 115249.14677747828, 'volume': 57205264393.6152, 'updated': '2025-10-27T12:33:00.000Z'}","chan":"stdout","logger":"task"}
{"timestamp":"2025-10-27T12:35:07.352519Z","level":"info","event":"游닌 Received: {'coin': 'Bitcoin', 'price_usd': 115249.14677747828, 'volume': 57205264393.6152, 'updated': '2025-10-27T12:33:00.000Z'}","chan":"stdout","logger":"task"}
{"timestamp":"2025-10-27T12:35:23.454882Z","level":"info","event":"游닌 Received: {'coin': 'Bitcoin', 'price_usd': 115249.14677747828, 'volume': 57205264393.6152, 'updated': '2025-10-27T12:33:00.000Z'}","chan":"stdout","logger":"task"}
{"timestamp":"2025-10-27T12:35:34.891240Z","level":"info","event":"游닌 Received: {'coin': 'Bitcoin', 'price_usd': 115249.14677747828, 'volume': 57205264393.6152, 'updated': '2025-10-27T12:33:00.000Z'}","chan":"stdout","logger":"task"}
{"timestamp":"2025-10-27T12:35:45.722123Z","level":"info","event":"游닌 Received: {'coin': 'Bitcoin', 'price_usd': 115249.14677747828, 'volume': 57205264393.6152, 'updated': '2025-10-27T12:33:00.000Z'}","chan":"stdout","logger":"task"}
{"timestamp":"2025-10-27T12:35:56.589339Z","level":"info","event":"游닌 Received: {'coin': 'Bitcoin', 'price_usd': 115249.14677747828, 'volume': 57205264393.6152, 'updated': '2025-10-27T12:33:00.000Z'}","chan":"stdout","logger":"task"}
{"timestamp":"2025-10-27T12:36:06.979760Z","level":"info","event":"游닌 Received: {'coin': 'Bitcoin', 'price_usd': 115201.90215899552, 'volume': 57378533414.39543, 'updated': '2025-10-27T12:34:00.000Z'}","chan":"stdout","logger":"task"}
{"timestamp":"2025-10-27T12:36:18.839065Z","level":"info","event":"游닌 Received: {'coin': 'Bitcoin', 'price_usd': 115201.90215899552, 'volume': 57378533414.39543, 'updated': '2025-10-27T12:34:00.000Z'}","chan":"stdout","logger":"task"}
{"timestamp":"2025-10-27T12:36:29.735769Z","level":"info","event":"游닌 Received: {'coin': 'Bitcoin', 'price_usd': 115201.90215899552, 'volume': 57378533414.39543, 'updated': '2025-10-27T12:34:00.000Z'}","chan":"stdout","logger":"task"}
{"timestamp":"2025-10-27T12:36:40.663951Z","level":"info","event":"游닌 Received: {'coin': 'Bitcoin', 'price_usd': 115151.4624835126, 'volume': 57376786578.031944, 'updated': '2025-10-27T12:35:00.000Z'}","chan":"stdout","logger":"task"}
{"timestamp":"2025-10-27T12:36:57.038347Z","level":"info","event":"游닌 Received: {'coin': 'Bitcoin', 'price_usd': 115151.4624835126, 'volume': 57376786578.031944, 'updated': '2025-10-27T12:35:00.000Z'}","chan":"stdout","logger":"task"}
{"timestamp":"2025-10-27T12:37:07.651063Z","level":"info","event":"游닌 Received: {'coin': 'Bitcoin', 'price_usd': 115151.4624835126, 'volume': 57376786578.031944, 'updated': '2025-10-27T12:35:00.000Z'}","chan":"stdout","logger":"task"}
{"timestamp":"2025-10-27T12:37:18.550728Z","level":"info","event":"游닌 Received: {'coin': 'Bitcoin', 'price_usd': 115151.4624835126, 'volume': 57376786578.031944, 'updated': '2025-10-27T12:35:00.000Z'}","chan":"stdout","logger":"task"}
{"timestamp":"2025-10-27T12:37:29.506257Z","level":"info","event":"游닌 Received: {'coin': 'Bitcoin', 'price_usd': 115151.4624835126, 'volume': 57376786578.031944, 'updated': '2025-10-27T12:35:00.000Z'}","chan":"stdout","logger":"task"}
{"timestamp":"2025-10-27T12:37:40.566715Z","level":"info","event":"游닌 Received: {'coin': 'Bitcoin', 'price_usd': 115141.9783404014, 'volume': 57313059902.86823, 'updated': '2025-10-27T12:36:00.000Z'}","chan":"stdout","logger":"task"}
{"timestamp":"2025-10-27T12:37:51.521969Z","level":"info","event":"游닌 Received: {'coin': 'Bitcoin', 'price_usd': 115141.9783404014, 'volume': 57313059902.86823, 'updated': '2025-10-27T12:36:00.000Z'}","chan":"stdout","logger":"task"}
{"timestamp":"2025-10-27T12:38:07.880695Z","level":"info","event":"游닌 Received: {'coin': 'Bitcoin', 'price_usd': 115141.9783404014, 'volume': 57313059902.86823, 'updated': '2025-10-27T12:36:00.000Z'}","chan":"stdout","logger":"task"}
{"timestamp":"2025-10-27T12:38:18.864345Z","level":"info","event":"游닌 Received: {'coin': 'Bitcoin', 'price_usd': 115141.9783404014, 'volume': 57313059902.86823, 'updated': '2025-10-27T12:36:00.000Z'}","chan":"stdout","logger":"task"}
{"timestamp":"2025-10-27T12:38:34.940995Z","level":"info","event":"游닌 Received: {'coin': 'Bitcoin', 'price_usd': 115141.9783404014, 'volume': 57313059902.86823, 'updated': '2025-10-27T12:36:00.000Z'}","chan":"stdout","logger":"task"}
{"timestamp":"2025-10-27T12:38:45.755548Z","level":"info","event":"游닌 Received: {'coin': 'Bitcoin', 'price_usd': 115133.80098515199, 'volume': 57395096529.73846, 'updated': '2025-10-27T12:37:00.000Z'}","chan":"stdout","logger":"task"}
{"timestamp":"2025-10-27T12:38:57.254282Z","level":"info","event":"游닌 Received: {'coin': 'Bitcoin', 'price_usd': 115133.80098515199, 'volume': 57395096529.73846, 'updated': '2025-10-27T12:37:00.000Z'}","chan":"stdout","logger":"task"}
{"timestamp":"2025-10-27T12:39:07.649283Z","level":"info","event":"游닌 Received: {'coin': 'Bitcoin', 'price_usd': 115133.80098515199, 'volume': 57395096529.73846, 'updated': '2025-10-27T12:37:00.000Z'}","chan":"stdout","logger":"task"}
{"timestamp":"2025-10-27T12:39:24.091050Z","level":"info","event":"游닌 Received: {'coin': 'Bitcoin', 'price_usd': 115133.80098515199, 'volume': 57395096529.73846, 'updated': '2025-10-27T12:37:00.000Z'}","chan":"stdout","logger":"task"}
{"timestamp":"2025-10-27T12:39:40.269723Z","level":"info","event":"游닌 Received: {'coin': 'Bitcoin', 'price_usd': 115133.17758683884, 'volume': 57354728813.30509, 'updated': '2025-10-27T12:38:00.000Z'}","chan":"stdout","logger":"task"}
{"timestamp":"2025-10-27T12:39:51.226185Z","level":"info","event":"游닌 Received: {'coin': 'Bitcoin', 'price_usd': 115133.17758683884, 'volume': 57354728813.30509, 'updated': '2025-10-27T12:38:00.000Z'}","chan":"stdout","logger":"task"}
{"timestamp":"2025-10-27T12:40:02.974426Z","level":"info","event":"游닌 Received: {'coin': 'Bitcoin', 'price_usd': 115133.17758683884, 'volume': 57354728813.30509, 'updated': '2025-10-27T12:38:00.000Z'}","chan":"stdout","logger":"task"}
{"timestamp":"2025-10-27T12:40:13.447546Z","level":"info","event":"游닌 Received: {'coin': 'Bitcoin', 'price_usd': 115133.17758683884, 'volume': 57354728813.30509, 'updated': '2025-10-27T12:38:00.000Z'}","chan":"stdout","logger":"task"}
{"timestamp":"2025-10-27T12:40:24.285178Z","level":"info","event":"游닌 Received: {'coin': 'Bitcoin', 'price_usd': 115133.17758683884, 'volume': 57354728813.30509, 'updated': '2025-10-27T12:38:00.000Z'}","chan":"stdout","logger":"task"}
{"timestamp":"2025-10-27T12:40:39.616225Z","level":"info","event":"游닌 Received: {'coin': 'Bitcoin', 'price_usd': 115127.85011025636, 'volume': 57374676921.85095, 'updated': '2025-10-27T12:39:00.000Z'}","chan":"stdout","logger":"task"}
{"timestamp":"2025-10-27T12:40:50.506250Z","level":"info","event":"游닌 Received: {'coin': 'Bitcoin', 'price_usd': 115127.85011025636, 'volume': 57374676921.85095, 'updated': '2025-10-27T12:39:00.000Z'}","chan":"stdout","logger":"task"}
{"timestamp":"2025-10-27T12:41:01.313500Z","level":"info","event":"游닌 Received: {'coin': 'Bitcoin', 'price_usd': 115127.85011025636, 'volume': 57374676921.85095, 'updated': '2025-10-27T12:39:00.000Z'}","chan":"stdout","logger":"task"}
{"timestamp":"2025-10-27T12:41:11.822943Z","level":"info","event":"游닌 Received: {'coin': 'Bitcoin', 'price_usd': 115127.85011025636, 'volume': 57374676921.85095, 'updated': '2025-10-27T12:39:00.000Z'}","chan":"stdout","logger":"task"}
{"timestamp":"2025-10-27T12:41:22.669115Z","level":"info","event":"游닌 Received: {'coin': 'Bitcoin', 'price_usd': 115127.85011025636, 'volume': 57374676921.85095, 'updated': '2025-10-27T12:39:00.000Z'}","chan":"stdout","logger":"task"}
{"timestamp":"2025-10-27T12:41:33.617909Z","level":"info","event":"游닌 Received: {'coin': 'Bitcoin', 'price_usd': 115127.85011025636, 'volume': 57374676921.85095, 'updated': '2025-10-27T12:39:00.000Z'}","chan":"stdout","logger":"task"}
{"timestamp":"2025-10-27T12:41:44.582208Z","level":"info","event":"游닌 Received: {'coin': 'Bitcoin', 'price_usd': 115129.11917788931, 'volume': 57586314448.55115, 'updated': '2025-10-27T12:40:00.000Z'}","chan":"stdout","logger":"task"}
{"timestamp":"2025-10-27T12:42:00.454744Z","level":"info","event":"游닌 Received: {'coin': 'Bitcoin', 'price_usd': 115129.11917788931, 'volume': 57586314448.55115, 'updated': '2025-10-27T12:40:00.000Z'}","chan":"stdout","logger":"task"}
{"timestamp":"2025-10-27T12:42:11.274723Z","level":"info","event":"游닌 Received: {'coin': 'Bitcoin', 'price_usd': 115129.11917788931, 'volume': 57586314448.55115, 'updated': '2025-10-27T12:40:00.000Z'}","chan":"stdout","logger":"task"}
{"timestamp":"2025-10-27T12:42:22.538168Z","level":"info","event":"游닌 Received: {'coin': 'Bitcoin', 'price_usd': 115129.11917788931, 'volume': 57586314448.55115, 'updated': '2025-10-27T12:40:00.000Z'}","chan":"stdout","logger":"task"}
{"timestamp":"2025-10-27T12:42:32.916041Z","level":"info","event":"游닌 Received: {'coin': 'Bitcoin', 'price_usd': 115129.11917788931, 'volume': 57586314448.55115, 'updated': '2025-10-27T12:40:00.000Z'}","chan":"stdout","logger":"task"}
{"timestamp":"2025-10-27T12:42:45.415866Z","level":"info","event":"游닌 Received: {'coin': 'Bitcoin', 'price_usd': 115115.71626931267, 'volume': 57590994219.87577, 'updated': '2025-10-27T12:41:00.000Z'}","chan":"stdout","logger":"task"}
{"timestamp":"2025-10-27T12:42:58.256991Z","level":"info","event":"游닌 Received: {'coin': 'Bitcoin', 'price_usd': 115115.71626931267, 'volume': 57590994219.87577, 'updated': '2025-10-27T12:41:00.000Z'}","chan":"stdout","logger":"task"}
{"timestamp":"2025-10-27T12:43:09.629265Z","level":"info","event":"游닌 Received: {'coin': 'Bitcoin', 'price_usd': 115115.71626931267, 'volume': 57590994219.87577, 'updated': '2025-10-27T12:41:00.000Z'}","chan":"stdout","logger":"task"}
{"timestamp":"2025-10-27T12:43:24.542159Z","level":"info","event":"游닌 Received: {'coin': 'Bitcoin', 'price_usd': 115115.71626931267, 'volume': 57590994219.87577, 'updated': '2025-10-27T12:41:00.000Z'}","chan":"stdout","logger":"task"}
{"timestamp":"2025-10-27T12:43:34.912910Z","level":"info","event":"游닌 Received: {'coin': 'Bitcoin', 'price_usd': 115115.71626931267, 'volume': 57590994219.87577, 'updated': '2025-10-27T12:41:00.000Z'}","chan":"stdout","logger":"task"}
{"timestamp":"2025-10-27T12:43:49.224404Z","level":"info","event":"游닌 Received: {'coin': 'Bitcoin', 'price_usd': 115115.71626931267, 'volume': 57590994219.87577, 'updated': '2025-10-27T12:41:00.000Z'}","chan":"stdout","logger":"task"}
{"timestamp":"2025-10-27T12:43:59.777169Z","level":"info","event":"游닌 Received: {'coin': 'Bitcoin', 'price_usd': 115115.71626931267, 'volume': 57590994219.87577, 'updated': '2025-10-27T12:41:00.000Z'}","chan":"stdout","logger":"task"}
{"timestamp":"2025-10-27T12:44:10.586042Z","level":"info","event":"游닌 Received: {'coin': 'Bitcoin', 'price_usd': 115092.30351158557, 'volume': 57615204514.872345, 'updated': '2025-10-27T12:42:00.000Z'}","chan":"stdout","logger":"task"}
{"timestamp":"2025-10-27T12:44:21.487236Z","level":"info","event":"游닌 Received: {'coin': 'Bitcoin', 'price_usd': 115092.30351158557, 'volume': 57615204514.872345, 'updated': '2025-10-27T12:42:00.000Z'}","chan":"stdout","logger":"task"}
{"timestamp":"2025-10-27T12:44:33.486187Z","level":"info","event":"游닌 Received: {'coin': 'Bitcoin', 'price_usd': 115092.30351158557, 'volume': 57615204514.872345, 'updated': '2025-10-27T12:42:00.000Z'}","chan":"stdout","logger":"task"}
{"timestamp":"2025-10-27T12:44:43.823440Z","level":"info","event":"游닌 Received: {'coin': 'Bitcoin', 'price_usd': 115058.99066734682, 'volume': 57560759276.53519, 'updated': '2025-10-27T12:43:00.000Z'}","chan":"stdout","logger":"task"}
{"timestamp":"2025-10-27T12:44:54.134433Z","level":"info","event":"游닌 Received: {'coin': 'Bitcoin', 'price_usd': 115058.99066734682, 'volume': 57560759276.53519, 'updated': '2025-10-27T12:43:00.000Z'}","chan":"stdout","logger":"task"}
{"timestamp":"2025-10-27T12:45:06.945398Z","level":"info","event":"游닌 Received: {'coin': 'Bitcoin', 'price_usd': 115058.99066734682, 'volume': 57560759276.53519, 'updated': '2025-10-27T12:43:00.000Z'}","chan":"stdout","logger":"task"}
{"timestamp":"2025-10-27T12:45:17.814726Z","level":"info","event":"游닌 Received: {'coin': 'Bitcoin', 'price_usd': 115058.99066734682, 'volume': 57560759276.53519, 'updated': '2025-10-27T12:43:00.000Z'}","chan":"stdout","logger":"task"}
{"timestamp":"2025-10-27T12:45:29.530942Z","level":"info","event":"游닌 Received: {'coin': 'Bitcoin', 'price_usd': 115058.99066734682, 'volume': 57560759276.53519, 'updated': '2025-10-27T12:43:00.000Z'}","chan":"stdout","logger":"task"}
{"timestamp":"2025-10-27T12:45:41.678526Z","level":"info","event":"游닌 Received: {'coin': 'Bitcoin', 'price_usd': 115045.5668157784, 'volume': 57557899570.59257, 'updated': '2025-10-27T12:44:00.000Z'}","chan":"stdout","logger":"task"}
{"timestamp":"2025-10-27T12:45:55.188253Z","level":"info","event":"游닌 Received: {'coin': 'Bitcoin', 'price_usd': 115045.5668157784, 'volume': 57557899570.59257, 'updated': '2025-10-27T12:44:00.000Z'}","chan":"stdout","logger":"task"}
{"timestamp":"2025-10-27T12:46:05.734294Z","level":"info","event":"游닌 Received: {'coin': 'Bitcoin', 'price_usd': 115045.5668157784, 'volume': 57557899570.59257, 'updated': '2025-10-27T12:44:00.000Z'}","chan":"stdout","logger":"task"}
{"timestamp":"2025-10-27T12:46:16.601569Z","level":"info","event":"游닌 Received: {'coin': 'Bitcoin', 'price_usd': 115045.5668157784, 'volume': 57557899570.59257, 'updated': '2025-10-27T12:44:00.000Z'}","chan":"stdout","logger":"task"}
{"timestamp":"2025-10-27T12:46:27.423309Z","level":"info","event":"游닌 Received: {'coin': 'Bitcoin', 'price_usd': 115045.5668157784, 'volume': 57557899570.59257, 'updated': '2025-10-27T12:44:00.000Z'}","chan":"stdout","logger":"task"}
{"timestamp":"2025-10-27T12:46:37.782497Z","level":"info","event":"游닌 Received: {'coin': 'Bitcoin', 'price_usd': 115045.5668157784, 'volume': 57557899570.59257, 'updated': '2025-10-27T12:44:00.000Z'}","chan":"stdout","logger":"task"}
{"timestamp":"2025-10-27T12:46:48.650312Z","level":"info","event":"游닌 Received: {'coin': 'Bitcoin', 'price_usd': 115053.44039668501, 'volume': 57548968895.133896, 'updated': '2025-10-27T12:45:00.000Z'}","chan":"stdout","logger":"task"}
{"timestamp":"2025-10-27T12:46:59.605513Z","level":"info","event":"游닌 Received: {'coin': 'Bitcoin', 'price_usd': 115053.44039668501, 'volume': 57548968895.133896, 'updated': '2025-10-27T12:45:00.000Z'}","chan":"stdout","logger":"task"}
{"timestamp":"2025-10-27T12:47:09.995502Z","level":"info","event":"游닌 Received: {'coin': 'Bitcoin', 'price_usd': 115053.44039668501, 'volume': 57548968895.133896, 'updated': '2025-10-27T12:45:00.000Z'}","chan":"stdout","logger":"task"}
{"timestamp":"2025-10-27T12:47:20.407781Z","level":"info","event":"游닌 Received: {'coin': 'Bitcoin', 'price_usd': 115053.44039668501, 'volume': 57548968895.133896, 'updated': '2025-10-27T12:45:00.000Z'}","chan":"stdout","logger":"task"}
{"timestamp":"2025-10-27T12:47:31.359689Z","level":"info","event":"游닌 Received: {'coin': 'Bitcoin', 'price_usd': 115053.44039668501, 'volume': 57548968895.133896, 'updated': '2025-10-27T12:45:00.000Z'}","chan":"stdout","logger":"task"}
{"timestamp":"2025-10-27T12:47:44.791683Z","level":"info","event":"游닌 Received: {'coin': 'Bitcoin', 'price_usd': 115064.98277623807, 'volume': 57524268475.35858, 'updated': '2025-10-27T12:46:00.000Z'}","chan":"stdout","logger":"task"}
{"timestamp":"2025-10-27T12:47:55.813411Z","level":"info","event":"游닌 Received: {'coin': 'Bitcoin', 'price_usd': 115064.98277623807, 'volume': 57524268475.35858, 'updated': '2025-10-27T12:46:00.000Z'}","chan":"stdout","logger":"task"}
{"timestamp":"2025-10-27T12:48:06.126787Z","level":"info","event":"游닌 Received: {'coin': 'Bitcoin', 'price_usd': 115064.98277623807, 'volume': 57524268475.35858, 'updated': '2025-10-27T12:46:00.000Z'}","chan":"stdout","logger":"task"}
{"timestamp":"2025-10-27T12:48:17.239184Z","level":"info","event":"游닌 Received: {'coin': 'Bitcoin', 'price_usd': 115064.98277623807, 'volume': 57524268475.35858, 'updated': '2025-10-27T12:46:00.000Z'}","chan":"stdout","logger":"task"}
{"timestamp":"2025-10-27T12:48:30.347783Z","level":"info","event":"游닌 Received: {'coin': 'Bitcoin', 'price_usd': 115064.98277623807, 'volume': 57524268475.35858, 'updated': '2025-10-27T12:46:00.000Z'}","chan":"stdout","logger":"task"}
{"timestamp":"2025-10-27T12:48:43.149571Z","level":"info","event":"游닌 Received: {'coin': 'Bitcoin', 'price_usd': 115064.98277623807, 'volume': 57524268475.35858, 'updated': '2025-10-27T12:46:00.000Z'}","chan":"stdout","logger":"task"}
{"timestamp":"2025-10-27T12:48:53.500626Z","level":"info","event":"游닌 Received: {'coin': 'Bitcoin', 'price_usd': 115066.79712321852, 'volume': 57547046340.23791, 'updated': '2025-10-27T12:47:00.000Z'}","chan":"stdout","logger":"task"}
{"timestamp":"2025-10-27T12:49:05.213001Z","level":"info","event":"游닌 Received: {'coin': 'Bitcoin', 'price_usd': 115066.79712321852, 'volume': 57547046340.23791, 'updated': '2025-10-27T12:47:00.000Z'}","chan":"stdout","logger":"task"}
{"timestamp":"2025-10-27T12:49:16.324521Z","level":"info","event":"游닌 Received: {'coin': 'Bitcoin', 'price_usd': 115066.79712321852, 'volume': 57547046340.23791, 'updated': '2025-10-27T12:47:00.000Z'}","chan":"stdout","logger":"task"}
{"timestamp":"2025-10-27T12:49:28.121344Z","level":"info","event":"游닌 Received: {'coin': 'Bitcoin', 'price_usd': 115066.79712321852, 'volume': 57547046340.23791, 'updated': '2025-10-27T12:47:00.000Z'}","chan":"stdout","logger":"task"}
{"timestamp":"2025-10-27T12:49:38.451066Z","level":"info","event":"游닌 Received: {'coin': 'Bitcoin', 'price_usd': 115066.79712321852, 'volume': 57547046340.23791, 'updated': '2025-10-27T12:47:00.000Z'}","chan":"stdout","logger":"task"}
{"timestamp":"2025-10-27T12:49:49.391183Z","level":"info","event":"游닌 Received: {'coin': 'Bitcoin', 'price_usd': 115070.31103988347, 'volume': 57528841912.07593, 'updated': '2025-10-27T12:48:00.000Z'}","chan":"stdout","logger":"task"}
{"timestamp":"2025-10-27T12:49:59.811472Z","level":"info","event":"游닌 Received: {'coin': 'Bitcoin', 'price_usd': 115070.31103988347, 'volume': 57528841912.07593, 'updated': '2025-10-27T12:48:00.000Z'}","chan":"stdout","logger":"task"}
{"timestamp":"2025-10-27T12:50:10.210452Z","level":"info","event":"游닌 Received: {'coin': 'Bitcoin', 'price_usd': 115070.31103988347, 'volume': 57528841912.07593, 'updated': '2025-10-27T12:48:00.000Z'}","chan":"stdout","logger":"task"}
{"timestamp":"2025-10-27T12:50:20.591339Z","level":"info","event":"游닌 Received: {'coin': 'Bitcoin', 'price_usd': 115070.31103988347, 'volume': 57528841912.07593, 'updated': '2025-10-27T12:48:00.000Z'}","chan":"stdout","logger":"task"}
{"timestamp":"2025-10-27T12:50:31.085386Z","level":"info","event":"游닌 Received: {'coin': 'Bitcoin', 'price_usd': 115070.31103988347, 'volume': 57528841912.07593, 'updated': '2025-10-27T12:48:00.000Z'}","chan":"stdout","logger":"task"}
{"timestamp":"2025-10-27T12:50:43.231312Z","level":"info","event":"游닌 Received: {'coin': 'Bitcoin', 'price_usd': 115070.31103988347, 'volume': 57528841912.07593, 'updated': '2025-10-27T12:48:00.000Z'}","chan":"stdout","logger":"task"}
{"timestamp":"2025-10-27T12:50:54.097572Z","level":"info","event":"游닌 Received: {'coin': 'Bitcoin', 'price_usd': 115044.6680762798, 'volume': 57499239445.035675, 'updated': '2025-10-27T12:49:00.000Z'}","chan":"stdout","logger":"task"}
{"timestamp":"2025-10-27T12:51:04.561039Z","level":"info","event":"游닌 Received: {'coin': 'Bitcoin', 'price_usd': 115044.6680762798, 'volume': 57499239445.035675, 'updated': '2025-10-27T12:49:00.000Z'}","chan":"stdout","logger":"task"}
{"timestamp":"2025-10-27T12:51:15.520699Z","level":"info","event":"游닌 Received: {'coin': 'Bitcoin', 'price_usd': 115044.6680762798, 'volume': 57499239445.035675, 'updated': '2025-10-27T12:49:00.000Z'}","chan":"stdout","logger":"task"}
{"timestamp":"2025-10-27T12:51:27.235004Z","level":"info","event":"游닌 Received: {'coin': 'Bitcoin', 'price_usd': 115044.6680762798, 'volume': 57499239445.035675, 'updated': '2025-10-27T12:49:00.000Z'}","chan":"stdout","logger":"task"}
{"timestamp":"2025-10-27T12:51:37.648611Z","level":"info","event":"游닌 Received: {'coin': 'Bitcoin', 'price_usd': 115044.6680762798, 'volume': 57499239445.035675, 'updated': '2025-10-27T12:49:00.000Z'}","chan":"stdout","logger":"task"}
{"timestamp":"2025-10-27T12:51:48.028013Z","level":"info","event":"游닌 Received: {'coin': 'Bitcoin', 'price_usd': 115055.44939315092, 'volume': 57502786372.07746, 'updated': '2025-10-27T12:50:00.000Z'}","chan":"stdout","logger":"task"}
{"timestamp":"2025-10-27T12:51:59.255928Z","level":"info","event":"游닌 Received: {'coin': 'Bitcoin', 'price_usd': 115055.44939315092, 'volume': 57502786372.07746, 'updated': '2025-10-27T12:50:00.000Z'}","chan":"stdout","logger":"task"}
{"timestamp":"2025-10-27T12:52:10.213266Z","level":"info","event":"游닌 Received: {'coin': 'Bitcoin', 'price_usd': 115055.44939315092, 'volume': 57502786372.07746, 'updated': '2025-10-27T12:50:00.000Z'}","chan":"stdout","logger":"task"}
{"timestamp":"2025-10-27T12:52:21.060258Z","level":"info","event":"游닌 Received: {'coin': 'Bitcoin', 'price_usd': 115055.44939315092, 'volume': 57502786372.07746, 'updated': '2025-10-27T12:50:00.000Z'}","chan":"stdout","logger":"task"}
{"timestamp":"2025-10-27T12:52:31.923583Z","level":"info","event":"游닌 Received: {'coin': 'Bitcoin', 'price_usd': 115055.44939315092, 'volume': 57502786372.07746, 'updated': '2025-10-27T12:50:00.000Z'}","chan":"stdout","logger":"task"}
{"timestamp":"2025-10-27T12:52:42.478639Z","level":"info","event":"游닌 Received: {'coin': 'Bitcoin', 'price_usd': 115055.44939315092, 'volume': 57502786372.07746, 'updated': '2025-10-27T12:50:00.000Z'}","chan":"stdout","logger":"task"}
{"timestamp":"2025-10-27T12:52:53.428548Z","level":"info","event":"游닌 Received: {'coin': 'Bitcoin', 'price_usd': 115080.83863650008, 'volume': 57561792968.98281, 'updated': '2025-10-27T12:51:00.000Z'}","chan":"stdout","logger":"task"}
{"timestamp":"2025-10-27T12:53:03.865340Z","level":"info","event":"游닌 Received: {'coin': 'Bitcoin', 'price_usd': 115080.83863650008, 'volume': 57561792968.98281, 'updated': '2025-10-27T12:51:00.000Z'}","chan":"stdout","logger":"task"}
{"timestamp":"2025-10-27T12:53:14.681700Z","level":"info","event":"游닌 Received: {'coin': 'Bitcoin', 'price_usd': 115080.83863650008, 'volume': 57561792968.98281, 'updated': '2025-10-27T12:51:00.000Z'}","chan":"stdout","logger":"task"}
{"timestamp":"2025-10-27T12:53:25.056730Z","level":"info","event":"游닌 Received: {'coin': 'Bitcoin', 'price_usd': 115080.83863650008, 'volume': 57561792968.98281, 'updated': '2025-10-27T12:51:00.000Z'}","chan":"stdout","logger":"task"}
{"timestamp":"2025-10-27T12:53:35.925370Z","level":"info","event":"游닌 Received: {'coin': 'Bitcoin', 'price_usd': 115080.83863650008, 'volume': 57561792968.98281, 'updated': '2025-10-27T12:51:00.000Z'}","chan":"stdout","logger":"task"}
{"timestamp":"2025-10-27T12:53:46.875061Z","level":"info","event":"游닌 Received: {'coin': 'Bitcoin', 'price_usd': 115080.83863650008, 'volume': 57561792968.98281, 'updated': '2025-10-27T12:51:00.000Z'}","chan":"stdout","logger":"task"}
{"timestamp":"2025-10-27T12:53:57.267367Z","level":"info","event":"游닌 Received: {'coin': 'Bitcoin', 'price_usd': 115069.8180803872, 'volume': 57551732702.33716, 'updated': '2025-10-27T12:52:00.000Z'}","chan":"stdout","logger":"task"}
{"timestamp":"2025-10-27T12:54:07.688889Z","level":"info","event":"游닌 Received: {'coin': 'Bitcoin', 'price_usd': 115069.8180803872, 'volume': 57551732702.33716, 'updated': '2025-10-27T12:52:00.000Z'}","chan":"stdout","logger":"task"}
{"timestamp":"2025-10-27T12:54:18.628587Z","level":"info","event":"游닌 Received: {'coin': 'Bitcoin', 'price_usd': 115069.8180803872, 'volume': 57551732702.33716, 'updated': '2025-10-27T12:52:00.000Z'}","chan":"stdout","logger":"task"}
{"timestamp":"2025-10-27T12:54:29.036879Z","level":"info","event":"游닌 Received: {'coin': 'Bitcoin', 'price_usd': 115069.8180803872, 'volume': 57551732702.33716, 'updated': '2025-10-27T12:52:00.000Z'}","chan":"stdout","logger":"task"}
{"timestamp":"2025-10-27T12:54:42.692565Z","level":"info","event":"游닌 Received: {'coin': 'Bitcoin', 'price_usd': 115069.8180803872, 'volume': 57551732702.33716, 'updated': '2025-10-27T12:52:00.000Z'}","chan":"stdout","logger":"task"}
{"timestamp":"2025-10-27T12:54:53.547079Z","level":"info","event":"游닌 Received: {'coin': 'Bitcoin', 'price_usd': 115088.15099129778, 'volume': 57504915078.51999, 'updated': '2025-10-27T12:53:00.000Z'}","chan":"stdout","logger":"task"}
{"timestamp":"2025-10-27T12:55:06.033273Z","level":"info","event":"游닌 Received: {'coin': 'Bitcoin', 'price_usd': 115088.15099129778, 'volume': 57504915078.51999, 'updated': '2025-10-27T12:53:00.000Z'}","chan":"stdout","logger":"task"}
{"timestamp":"2025-10-27T12:55:16.869787Z","level":"info","event":"游닌 Received: {'coin': 'Bitcoin', 'price_usd': 115088.15099129778, 'volume': 57504915078.51999, 'updated': '2025-10-27T12:53:00.000Z'}","chan":"stdout","logger":"task"}
{"timestamp":"2025-10-27T12:55:32.811696Z","level":"info","event":"游닌 Received: {'coin': 'Bitcoin', 'price_usd': 115088.15099129778, 'volume': 57504915078.51999, 'updated': '2025-10-27T12:53:00.000Z'}","chan":"stdout","logger":"task"}
{"timestamp":"2025-10-27T12:55:43.175712Z","level":"info","event":"游닌 Received: {'coin': 'Bitcoin', 'price_usd': 115088.15099129778, 'volume': 57504915078.51999, 'updated': '2025-10-27T12:53:00.000Z'}","chan":"stdout","logger":"task"}
{"timestamp":"2025-10-27T12:55:53.592280Z","level":"info","event":"游닌 Received: {'coin': 'Bitcoin', 'price_usd': 115045.49308631671, 'volume': 57497505512.728096, 'updated': '2025-10-27T12:54:00.000Z'}","chan":"stdout","logger":"task"}
{"timestamp":"2025-10-27T12:56:03.973660Z","level":"info","event":"游닌 Received: {'coin': 'Bitcoin', 'price_usd': 115045.49308631671, 'volume': 57497505512.728096, 'updated': '2025-10-27T12:54:00.000Z'}","chan":"stdout","logger":"task"}
{"timestamp":"2025-10-27T12:56:15.368168Z","level":"info","event":"游닌 Received: {'coin': 'Bitcoin', 'price_usd': 115045.49308631671, 'volume': 57497505512.728096, 'updated': '2025-10-27T12:54:00.000Z'}","chan":"stdout","logger":"task"}
{"timestamp":"2025-10-27T12:56:28.016618Z","level":"info","event":"游닌 Received: {'coin': 'Bitcoin', 'price_usd': 115045.49308631671, 'volume': 57497505512.728096, 'updated': '2025-10-27T12:54:00.000Z'}","chan":"stdout","logger":"task"}
{"timestamp":"2025-10-27T12:56:38.919666Z","level":"info","event":"游닌 Received: {'coin': 'Bitcoin', 'price_usd': 115045.49308631671, 'volume': 57497505512.728096, 'updated': '2025-10-27T12:54:00.000Z'}","chan":"stdout","logger":"task"}
{"timestamp":"2025-10-27T12:56:49.466932Z","level":"info","event":"游닌 Received: {'coin': 'Bitcoin', 'price_usd': 115042.0587559673, 'volume': 57472615499.5063, 'updated': '2025-10-27T12:55:00.000Z'}","chan":"stdout","logger":"task"}
{"timestamp":"2025-10-27T12:56:59.892276Z","level":"info","event":"游닌 Received: {'coin': 'Bitcoin', 'price_usd': 115042.0587559673, 'volume': 57472615499.5063, 'updated': '2025-10-27T12:55:00.000Z'}","chan":"stdout","logger":"task"}
{"timestamp":"2025-10-27T12:57:10.357412Z","level":"info","event":"游닌 Received: {'coin': 'Bitcoin', 'price_usd': 115042.0587559673, 'volume': 57472615499.5063, 'updated': '2025-10-27T12:55:00.000Z'}","chan":"stdout","logger":"task"}
{"timestamp":"2025-10-27T12:57:23.362950Z","level":"info","event":"游닌 Received: {'coin': 'Bitcoin', 'price_usd': 115042.0587559673, 'volume': 57472615499.5063, 'updated': '2025-10-27T12:55:00.000Z'}","chan":"stdout","logger":"task"}
{"timestamp":"2025-10-27T12:57:33.734150Z","level":"info","event":"游닌 Received: {'coin': 'Bitcoin', 'price_usd': 115042.0587559673, 'volume': 57472615499.5063, 'updated': '2025-10-27T12:55:00.000Z'}","chan":"stdout","logger":"task"}
{"timestamp":"2025-10-27T12:57:45.686277Z","level":"info","event":"游닌 Received: {'coin': 'Bitcoin', 'price_usd': 115042.0587559673, 'volume': 57472615499.5063, 'updated': '2025-10-27T12:55:00.000Z'}","chan":"stdout","logger":"task"}
{"timestamp":"2025-10-27T12:57:57.516497Z","level":"info","event":"游닌 Received: {'coin': 'Bitcoin', 'price_usd': 115054.68509717302, 'volume': 57420311406.94907, 'updated': '2025-10-27T12:56:00.000Z'}","chan":"stdout","logger":"task"}
{"timestamp":"2025-10-27T12:58:07.900298Z","level":"info","event":"游닌 Received: {'coin': 'Bitcoin', 'price_usd': 115054.68509717302, 'volume': 57420311406.94907, 'updated': '2025-10-27T12:56:00.000Z'}","chan":"stdout","logger":"task"}
{"timestamp":"2025-10-27T12:58:18.866130Z","level":"info","event":"游닌 Received: {'coin': 'Bitcoin', 'price_usd': 115054.68509717302, 'volume': 57420311406.94907, 'updated': '2025-10-27T12:56:00.000Z'}","chan":"stdout","logger":"task"}
{"timestamp":"2025-10-27T12:58:29.233806Z","level":"info","event":"游닌 Received: {'coin': 'Bitcoin', 'price_usd': 115054.68509717302, 'volume': 57420311406.94907, 'updated': '2025-10-27T12:56:00.000Z'}","chan":"stdout","logger":"task"}
{"timestamp":"2025-10-27T12:58:39.657213Z","level":"info","event":"游닌 Received: {'coin': 'Bitcoin', 'price_usd': 115054.68509717302, 'volume': 57420311406.94907, 'updated': '2025-10-27T12:56:00.000Z'}","chan":"stdout","logger":"task"}
{"timestamp":"2025-10-27T12:58:50.526621Z","level":"info","event":"游닌 Received: {'coin': 'Bitcoin', 'price_usd': 115064.52798430613, 'volume': 57484122799.88031, 'updated': '2025-10-27T12:57:00.000Z'}","chan":"stdout","logger":"task"}
{"timestamp":"2025-10-27T12:59:01.465287Z","level":"info","event":"游닌 Received: {'coin': 'Bitcoin', 'price_usd': 115064.52798430613, 'volume': 57484122799.88031, 'updated': '2025-10-27T12:57:00.000Z'}","chan":"stdout","logger":"task"}
{"timestamp":"2025-10-27T12:59:12.889351Z","level":"info","event":"游닌 Received: {'coin': 'Bitcoin', 'price_usd': 115064.52798430613, 'volume': 57484122799.88031, 'updated': '2025-10-27T12:57:00.000Z'}","chan":"stdout","logger":"task"}
{"timestamp":"2025-10-27T12:59:23.379196Z","level":"info","event":"游닌 Received: {'coin': 'Bitcoin', 'price_usd': 115064.52798430613, 'volume': 57484122799.88031, 'updated': '2025-10-27T12:57:00.000Z'}","chan":"stdout","logger":"task"}
{"timestamp":"2025-10-27T12:59:35.665444Z","level":"info","event":"游닌 Received: {'coin': 'Bitcoin', 'price_usd': 115064.52798430613, 'volume': 57484122799.88031, 'updated': '2025-10-27T12:57:00.000Z'}","chan":"stdout","logger":"task"}
{"timestamp":"2025-10-27T12:59:47.094940Z","level":"info","event":"游닌 Received: {'coin': 'Bitcoin', 'price_usd': 115064.52798430613, 'volume': 57484122799.88031, 'updated': '2025-10-27T12:57:00.000Z'}","chan":"stdout","logger":"task"}
{"timestamp":"2025-10-27T12:59:57.990943Z","level":"info","event":"游닌 Received: {'coin': 'Bitcoin', 'price_usd': 115067.22284560093, 'volume': 57415052910.19739, 'updated': '2025-10-27T12:58:00.000Z'}","chan":"stdout","logger":"task"}
{"timestamp":"2025-10-27T13:00:08.443005Z","level":"info","event":"游닌 Received: {'coin': 'Bitcoin', 'price_usd': 115067.22284560093, 'volume': 57415052910.19739, 'updated': '2025-10-27T12:58:00.000Z'}","chan":"stdout","logger":"task"}
{"timestamp":"2025-10-27T13:00:22.465342Z","level":"info","event":"游닌 Received: {'coin': 'Bitcoin', 'price_usd': 115067.22284560093, 'volume': 57415052910.19739, 'updated': '2025-10-27T12:58:00.000Z'}","chan":"stdout","logger":"task"}
{"timestamp":"2025-10-27T13:00:33.729279Z","level":"info","event":"游닌 Received: {'coin': 'Bitcoin', 'price_usd': 115067.22284560093, 'volume': 57415052910.19739, 'updated': '2025-10-27T12:58:00.000Z'}","chan":"stdout","logger":"task"}
{"timestamp":"2025-10-27T13:00:44.679445Z","level":"info","event":"游닌 Received: {'coin': 'Bitcoin', 'price_usd': 115067.22284560093, 'volume': 57415052910.19739, 'updated': '2025-10-27T12:58:00.000Z'}","chan":"stdout","logger":"task"}
{"timestamp":"2025-10-27T13:01:00.527997Z","level":"info","event":"游닌 Received: {'coin': 'Bitcoin', 'price_usd': 115054.4928722132, 'volume': 57394109547.40389, 'updated': '2025-10-27T12:59:00.000Z'}","chan":"stdout","logger":"task"}
{"timestamp":"2025-10-27T13:01:11.921734Z","level":"info","event":"游닌 Received: {'coin': 'Bitcoin', 'price_usd': 115054.4928722132, 'volume': 57394109547.40389, 'updated': '2025-10-27T12:59:00.000Z'}","chan":"stdout","logger":"task"}
{"timestamp":"2025-10-27T13:01:22.429418Z","level":"info","event":"游닌 Received: {'coin': 'Bitcoin', 'price_usd': 115054.4928722132, 'volume': 57394109547.40389, 'updated': '2025-10-27T12:59:00.000Z'}","chan":"stdout","logger":"task"}
{"timestamp":"2025-10-27T13:01:34.143534Z","level":"info","event":"游닌 Received: {'coin': 'Bitcoin', 'price_usd': 115054.4928722132, 'volume': 57394109547.40389, 'updated': '2025-10-27T12:59:00.000Z'}","chan":"stdout","logger":"task"}
{"timestamp":"2025-10-27T13:01:46.737665Z","level":"info","event":"游닌 Received: {'coin': 'Bitcoin', 'price_usd': 115054.4928722132, 'volume': 57394109547.40389, 'updated': '2025-10-27T12:59:00.000Z'}","chan":"stdout","logger":"task"}
{"timestamp":"2025-10-27T13:01:57.557599Z","level":"info","event":"游닌 Received: {'coin': 'Bitcoin', 'price_usd': 115047.21508179503, 'volume': 57390195130.528175, 'updated': '2025-10-27T13:00:00.000Z'}","chan":"stdout","logger":"task"}
{"timestamp":"2025-10-27T13:02:09.094949Z","level":"info","event":"游닌 Received: {'coin': 'Bitcoin', 'price_usd': 115047.21508179503, 'volume': 57390195130.528175, 'updated': '2025-10-27T13:00:00.000Z'}","chan":"stdout","logger":"task"}
{"timestamp":"2025-10-27T13:02:19.933383Z","level":"info","event":"游닌 Received: {'coin': 'Bitcoin', 'price_usd': 115047.21508179503, 'volume': 57390195130.528175, 'updated': '2025-10-27T13:00:00.000Z'}","chan":"stdout","logger":"task"}
