{"timestamp":"2025-10-28T01:50:01.520337","level":"info","event":"DAG bundles loaded: dags-folder","logger":"airflow.dag_processing.bundles.manager.DagBundlesManager"}
{"timestamp":"2025-10-28T01:50:01.520908","level":"info","event":"Filling up the DagBag from /home/vvt/D/SubjectResource/IT4931_BigData_Processing_and_Storage/CRYPTO/airflow/dags/daily_crypto_btc.py","logger":"airflow.models.dagbag.DagBag"}
{"timestamp":"2025-10-28T01:50:01.549415Z","level":"info","event":"https://api.coingecko.com/api/v3/coins/colend/ohlc?vs_currency=usd&days=1&precision=full CG-i9rKH5bqGJ8UKdxzQ8wGpEmg","chan":"stdout","logger":"task"}
{"timestamp":"2025-10-28T01:50:01.625277Z","level":"info","event":"[['2025-10-27 09:00:00 UTC+07:00+0700',","chan":"stdout","logger":"task"}
{"timestamp":"2025-10-28T01:50:01.625415Z","level":"info","event":"  'open: 0.039',","chan":"stdout","logger":"task"}
{"timestamp":"2025-10-28T01:50:01.625477Z","level":"info","event":"  'high: 0.039',","chan":"stdout","logger":"task"}
{"timestamp":"2025-10-28T01:50:01.625529Z","level":"info","event":"  'low: 0.039',","chan":"stdout","logger":"task"}
{"timestamp":"2025-10-28T01:50:01.625578Z","level":"info","event":"  'close: 0.039'],","chan":"stdout","logger":"task"}
{"timestamp":"2025-10-28T01:50:01.625629Z","level":"info","event":" ['2025-10-27 09:30:00 UTC+07:00+0700',","chan":"stdout","logger":"task"}
{"timestamp":"2025-10-28T01:50:01.625677Z","level":"info","event":"  'open: 0.039',","chan":"stdout","logger":"task"}
{"timestamp":"2025-10-28T01:50:01.625725Z","level":"info","event":"  'high: 0.039',","chan":"stdout","logger":"task"}
{"timestamp":"2025-10-28T01:50:01.625777Z","level":"info","event":"  'low: 0.039',","chan":"stdout","logger":"task"}
{"timestamp":"2025-10-28T01:50:01.625823Z","level":"info","event":"  'close: 0.039'],","chan":"stdout","logger":"task"}
{"timestamp":"2025-10-28T01:50:01.625869Z","level":"info","event":" ['2025-10-27 10:00:00 UTC+07:00+0700',","chan":"stdout","logger":"task"}
{"timestamp":"2025-10-28T01:50:01.625914Z","level":"info","event":"  'open: 0.039',","chan":"stdout","logger":"task"}
{"timestamp":"2025-10-28T01:50:01.626206Z","level":"info","event":"  'high: 0.039',","chan":"stdout","logger":"task"}
{"timestamp":"2025-10-28T01:50:01.626277Z","level":"info","event":"  'low: 0.039',","chan":"stdout","logger":"task"}
{"timestamp":"2025-10-28T01:50:01.626331Z","level":"info","event":"  'close: 0.039'],","chan":"stdout","logger":"task"}
{"timestamp":"2025-10-28T01:50:01.626385Z","level":"info","event":" ['2025-10-27 10:30:00 UTC+07:00+0700',","chan":"stdout","logger":"task"}
{"timestamp":"2025-10-28T01:50:01.626434Z","level":"info","event":"  'open: 0.039',","chan":"stdout","logger":"task"}
{"timestamp":"2025-10-28T01:50:01.626480Z","level":"info","event":"  'high: 0.039',","chan":"stdout","logger":"task"}
{"timestamp":"2025-10-28T01:50:01.626528Z","level":"info","event":"  'low: 0.039',","chan":"stdout","logger":"task"}
{"timestamp":"2025-10-28T01:50:01.626574Z","level":"info","event":"  'close: 0.039'],","chan":"stdout","logger":"task"}
{"timestamp":"2025-10-28T01:50:01.626626Z","level":"info","event":" ['2025-10-27 11:00:00 UTC+07:00+0700',","chan":"stdout","logger":"task"}
{"timestamp":"2025-10-28T01:50:01.626673Z","level":"info","event":"  'open: 0.039',","chan":"stdout","logger":"task"}
{"timestamp":"2025-10-28T01:50:01.626720Z","level":"info","event":"  'high: 0.039',","chan":"stdout","logger":"task"}
{"timestamp":"2025-10-28T01:50:01.626772Z","level":"info","event":"  'low: 0.039',","chan":"stdout","logger":"task"}
{"timestamp":"2025-10-28T01:50:01.626819Z","level":"info","event":"  'close: 0.039'],","chan":"stdout","logger":"task"}
{"timestamp":"2025-10-28T01:50:01.626865Z","level":"info","event":" ['2025-10-27 11:30:00 UTC+07:00+0700',","chan":"stdout","logger":"task"}
{"timestamp":"2025-10-28T01:50:01.626909Z","level":"info","event":"  'open: 0.039',","chan":"stdout","logger":"task"}
{"timestamp":"2025-10-28T01:50:01.626937Z","level":"info","event":"  'high: 0.039',","chan":"stdout","logger":"task"}
{"timestamp":"2025-10-28T01:50:01.626964Z","level":"info","event":"  'low: 0.039',","chan":"stdout","logger":"task"}
{"timestamp":"2025-10-28T01:50:01.626999Z","level":"info","event":"  'close: 0.039'],","chan":"stdout","logger":"task"}
{"timestamp":"2025-10-28T01:50:01.627031Z","level":"info","event":" ['2025-10-27 12:00:00 UTC+07:00+0700',","chan":"stdout","logger":"task"}
{"timestamp":"2025-10-28T01:50:01.627060Z","level":"info","event":"  'open: 0.039',","chan":"stdout","logger":"task"}
{"timestamp":"2025-10-28T01:50:01.627089Z","level":"info","event":"  'high: 0.039',","chan":"stdout","logger":"task"}
{"timestamp":"2025-10-28T01:50:01.627140Z","level":"info","event":"  'low: 0.039',","chan":"stdout","logger":"task"}
{"timestamp":"2025-10-28T01:50:01.627178Z","level":"info","event":"  'close: 0.039'],","chan":"stdout","logger":"task"}
{"timestamp":"2025-10-28T01:50:01.627208Z","level":"info","event":" ['2025-10-27 12:30:00 UTC+07:00+0700',","chan":"stdout","logger":"task"}
{"timestamp":"2025-10-28T01:50:01.627237Z","level":"info","event":"  'open: 0.039',","chan":"stdout","logger":"task"}
{"timestamp":"2025-10-28T01:50:01.627266Z","level":"info","event":"  'high: 0.039',","chan":"stdout","logger":"task"}
{"timestamp":"2025-10-28T01:50:01.627294Z","level":"info","event":"  'low: 0.039',","chan":"stdout","logger":"task"}
{"timestamp":"2025-10-28T01:50:01.627322Z","level":"info","event":"  'close: 0.039'],","chan":"stdout","logger":"task"}
{"timestamp":"2025-10-28T01:50:01.627351Z","level":"info","event":" ['2025-10-27 13:00:00 UTC+07:00+0700',","chan":"stdout","logger":"task"}
{"timestamp":"2025-10-28T01:50:01.627378Z","level":"info","event":"  'open: 0.039',","chan":"stdout","logger":"task"}
{"timestamp":"2025-10-28T01:50:01.627406Z","level":"info","event":"  'high: 0.039',","chan":"stdout","logger":"task"}
{"timestamp":"2025-10-28T01:50:01.627433Z","level":"info","event":"  'low: 0.039',","chan":"stdout","logger":"task"}
{"timestamp":"2025-10-28T01:50:01.627460Z","level":"info","event":"  'close: 0.039'],","chan":"stdout","logger":"task"}
{"timestamp":"2025-10-28T01:50:01.627488Z","level":"info","event":" ['2025-10-27 13:30:00 UTC+07:00+0700',","chan":"stdout","logger":"task"}
{"timestamp":"2025-10-28T01:50:01.627516Z","level":"info","event":"  'open: 0.039',","chan":"stdout","logger":"task"}
{"timestamp":"2025-10-28T01:50:01.627542Z","level":"info","event":"  'high: 0.039',","chan":"stdout","logger":"task"}
{"timestamp":"2025-10-28T01:50:01.627569Z","level":"info","event":"  'low: 0.039',","chan":"stdout","logger":"task"}
{"timestamp":"2025-10-28T01:50:01.627596Z","level":"info","event":"  'close: 0.039'],","chan":"stdout","logger":"task"}
{"timestamp":"2025-10-28T01:50:01.627623Z","level":"info","event":" ['2025-10-27 14:00:00 UTC+07:00+0700',","chan":"stdout","logger":"task"}
{"timestamp":"2025-10-28T01:50:01.627650Z","level":"info","event":"  'open: 0.039',","chan":"stdout","logger":"task"}
{"timestamp":"2025-10-28T01:50:01.627677Z","level":"info","event":"  'high: 0.039',","chan":"stdout","logger":"task"}
{"timestamp":"2025-10-28T01:50:01.627704Z","level":"info","event":"  'low: 0.039',","chan":"stdout","logger":"task"}
{"timestamp":"2025-10-28T01:50:01.627731Z","level":"info","event":"  'close: 0.039'],","chan":"stdout","logger":"task"}
{"timestamp":"2025-10-28T01:50:01.627759Z","level":"info","event":" ['2025-10-27 14:30:00 UTC+07:00+0700',","chan":"stdout","logger":"task"}
{"timestamp":"2025-10-28T01:50:01.627785Z","level":"info","event":"  'open: 0.039',","chan":"stdout","logger":"task"}
{"timestamp":"2025-10-28T01:50:01.627812Z","level":"info","event":"  'high: 0.039',","chan":"stdout","logger":"task"}
{"timestamp":"2025-10-28T01:50:01.627839Z","level":"info","event":"  'low: 0.039',","chan":"stdout","logger":"task"}
{"timestamp":"2025-10-28T01:50:01.627867Z","level":"info","event":"  'close: 0.039'],","chan":"stdout","logger":"task"}
{"timestamp":"2025-10-28T01:50:01.627894Z","level":"info","event":" ['2025-10-27 15:00:00 UTC+07:00+0700',","chan":"stdout","logger":"task"}
{"timestamp":"2025-10-28T01:50:01.627921Z","level":"info","event":"  'open: 0.039',","chan":"stdout","logger":"task"}
{"timestamp":"2025-10-28T01:50:01.627954Z","level":"info","event":"  'high: 0.039',","chan":"stdout","logger":"task"}
{"timestamp":"2025-10-28T01:50:01.627985Z","level":"info","event":"  'low: 0.039',","chan":"stdout","logger":"task"}
{"timestamp":"2025-10-28T01:50:01.628014Z","level":"info","event":"  'close: 0.039'],","chan":"stdout","logger":"task"}
{"timestamp":"2025-10-28T01:50:01.628042Z","level":"info","event":" ['2025-10-27 15:30:00 UTC+07:00+0700',","chan":"stdout","logger":"task"}
{"timestamp":"2025-10-28T01:50:01.628070Z","level":"info","event":"  'open: 0.039',","chan":"stdout","logger":"task"}
{"timestamp":"2025-10-28T01:50:01.628098Z","level":"info","event":"  'high: 0.039',","chan":"stdout","logger":"task"}
{"timestamp":"2025-10-28T01:50:01.628134Z","level":"info","event":"  'low: 0.039',","chan":"stdout","logger":"task"}
{"timestamp":"2025-10-28T01:50:01.628164Z","level":"info","event":"  'close: 0.039'],","chan":"stdout","logger":"task"}
{"timestamp":"2025-10-28T01:50:01.628192Z","level":"info","event":" ['2025-10-27 16:00:00 UTC+07:00+0700',","chan":"stdout","logger":"task"}
{"timestamp":"2025-10-28T01:50:01.628220Z","level":"info","event":"  'open: 0.039',","chan":"stdout","logger":"task"}
{"timestamp":"2025-10-28T01:50:01.628247Z","level":"info","event":"  'high: 0.039',","chan":"stdout","logger":"task"}
{"timestamp":"2025-10-28T01:50:01.628275Z","level":"info","event":"  'low: 0.039',","chan":"stdout","logger":"task"}
{"timestamp":"2025-10-28T01:50:01.628302Z","level":"info","event":"  'close: 0.039'],","chan":"stdout","logger":"task"}
{"timestamp":"2025-10-28T01:50:01.628330Z","level":"info","event":" ['2025-10-27 16:30:00 UTC+07:00+0700',","chan":"stdout","logger":"task"}
{"timestamp":"2025-10-28T01:50:01.628359Z","level":"info","event":"  'open: 0.039',","chan":"stdout","logger":"task"}
{"timestamp":"2025-10-28T01:50:01.628386Z","level":"info","event":"  'high: 0.039',","chan":"stdout","logger":"task"}
{"timestamp":"2025-10-28T01:50:01.628414Z","level":"info","event":"  'low: 0.038',","chan":"stdout","logger":"task"}
{"timestamp":"2025-10-28T01:50:01.628442Z","level":"info","event":"  'close: 0.038'],","chan":"stdout","logger":"task"}
{"timestamp":"2025-10-28T01:50:01.628470Z","level":"info","event":" ['2025-10-27 17:00:00 UTC+07:00+0700',","chan":"stdout","logger":"task"}
{"timestamp":"2025-10-28T01:50:01.628497Z","level":"info","event":"  'open: 0.038',","chan":"stdout","logger":"task"}
{"timestamp":"2025-10-28T01:50:01.628525Z","level":"info","event":"  'high: 0.038',","chan":"stdout","logger":"task"}
{"timestamp":"2025-10-28T01:50:01.628552Z","level":"info","event":"  'low: 0.038',","chan":"stdout","logger":"task"}
{"timestamp":"2025-10-28T01:50:01.628579Z","level":"info","event":"  'close: 0.038'],","chan":"stdout","logger":"task"}
{"timestamp":"2025-10-28T01:50:01.628606Z","level":"info","event":" ['2025-10-27 17:30:00 UTC+07:00+0700',","chan":"stdout","logger":"task"}
{"timestamp":"2025-10-28T01:50:01.628634Z","level":"info","event":"  'open: 0.038',","chan":"stdout","logger":"task"}
{"timestamp":"2025-10-28T01:50:01.628662Z","level":"info","event":"  'high: 0.038',","chan":"stdout","logger":"task"}
{"timestamp":"2025-10-28T01:50:01.628689Z","level":"info","event":"  'low: 0.038',","chan":"stdout","logger":"task"}
{"timestamp":"2025-10-28T01:50:01.628717Z","level":"info","event":"  'close: 0.038'],","chan":"stdout","logger":"task"}
{"timestamp":"2025-10-28T01:50:01.628744Z","level":"info","event":" ['2025-10-27 18:00:00 UTC+07:00+0700',","chan":"stdout","logger":"task"}
{"timestamp":"2025-10-28T01:50:01.628771Z","level":"info","event":"  'open: 0.038',","chan":"stdout","logger":"task"}
{"timestamp":"2025-10-28T01:50:01.628798Z","level":"info","event":"  'high: 0.038',","chan":"stdout","logger":"task"}
{"timestamp":"2025-10-28T01:50:01.628826Z","level":"info","event":"  'low: 0.038',","chan":"stdout","logger":"task"}
{"timestamp":"2025-10-28T01:50:01.628854Z","level":"info","event":"  'close: 0.038'],","chan":"stdout","logger":"task"}
{"timestamp":"2025-10-28T01:50:01.628885Z","level":"info","event":" ['2025-10-27 18:30:00 UTC+07:00+0700',","chan":"stdout","logger":"task"}
{"timestamp":"2025-10-28T01:50:01.628915Z","level":"info","event":"  'open: 0.038',","chan":"stdout","logger":"task"}
{"timestamp":"2025-10-28T01:50:01.628943Z","level":"info","event":"  'high: 0.038',","chan":"stdout","logger":"task"}
{"timestamp":"2025-10-28T01:50:01.628970Z","level":"info","event":"  'low: 0.038',","chan":"stdout","logger":"task"}
{"timestamp":"2025-10-28T01:50:01.628997Z","level":"info","event":"  'close: 0.038'],","chan":"stdout","logger":"task"}
{"timestamp":"2025-10-28T01:50:01.629025Z","level":"info","event":" ['2025-10-27 19:00:00 UTC+07:00+0700',","chan":"stdout","logger":"task"}
{"timestamp":"2025-10-28T01:50:01.629052Z","level":"info","event":"  'open: 0.038',","chan":"stdout","logger":"task"}
{"timestamp":"2025-10-28T01:50:01.629079Z","level":"info","event":"  'high: 0.038',","chan":"stdout","logger":"task"}
{"timestamp":"2025-10-28T01:50:01.629146Z","level":"info","event":"  'low: 0.038',","chan":"stdout","logger":"task"}
{"timestamp":"2025-10-28T01:50:01.629196Z","level":"info","event":"  'close: 0.038'],","chan":"stdout","logger":"task"}
{"timestamp":"2025-10-28T01:50:01.629227Z","level":"info","event":" ['2025-10-27 19:30:00 UTC+07:00+0700',","chan":"stdout","logger":"task"}
{"timestamp":"2025-10-28T01:50:01.629256Z","level":"info","event":"  'open: 0.039',","chan":"stdout","logger":"task"}
{"timestamp":"2025-10-28T01:50:01.629283Z","level":"info","event":"  'high: 0.039',","chan":"stdout","logger":"task"}
{"timestamp":"2025-10-28T01:50:01.629310Z","level":"info","event":"  'low: 0.038',","chan":"stdout","logger":"task"}
{"timestamp":"2025-10-28T01:50:01.629337Z","level":"info","event":"  'close: 0.038'],","chan":"stdout","logger":"task"}
{"timestamp":"2025-10-28T01:50:01.629364Z","level":"info","event":" ['2025-10-27 20:00:00 UTC+07:00+0700',","chan":"stdout","logger":"task"}
{"timestamp":"2025-10-28T01:50:01.629391Z","level":"info","event":"  'open: 0.039',","chan":"stdout","logger":"task"}
{"timestamp":"2025-10-28T01:50:01.629418Z","level":"info","event":"  'high: 0.039',","chan":"stdout","logger":"task"}
{"timestamp":"2025-10-28T01:50:01.629445Z","level":"info","event":"  'low: 0.039',","chan":"stdout","logger":"task"}
{"timestamp":"2025-10-28T01:50:01.629472Z","level":"info","event":"  'close: 0.039'],","chan":"stdout","logger":"task"}
{"timestamp":"2025-10-28T01:50:01.629499Z","level":"info","event":" ['2025-10-27 20:30:00 UTC+07:00+0700',","chan":"stdout","logger":"task"}
{"timestamp":"2025-10-28T01:50:01.629525Z","level":"info","event":"  'open: 0.039',","chan":"stdout","logger":"task"}
{"timestamp":"2025-10-28T01:50:01.629552Z","level":"info","event":"  'high: 0.039',","chan":"stdout","logger":"task"}
{"timestamp":"2025-10-28T01:50:01.629578Z","level":"info","event":"  'low: 0.039',","chan":"stdout","logger":"task"}
{"timestamp":"2025-10-28T01:50:01.629604Z","level":"info","event":"  'close: 0.039'],","chan":"stdout","logger":"task"}
{"timestamp":"2025-10-28T01:50:01.629631Z","level":"info","event":" ['2025-10-27 21:00:00 UTC+07:00+0700',","chan":"stdout","logger":"task"}
{"timestamp":"2025-10-28T01:50:01.629658Z","level":"info","event":"  'open: 0.039',","chan":"stdout","logger":"task"}
{"timestamp":"2025-10-28T01:50:01.629685Z","level":"info","event":"  'high: 0.039',","chan":"stdout","logger":"task"}
{"timestamp":"2025-10-28T01:50:01.629712Z","level":"info","event":"  'low: 0.038',","chan":"stdout","logger":"task"}
{"timestamp":"2025-10-28T01:50:01.629739Z","level":"info","event":"  'close: 0.038'],","chan":"stdout","logger":"task"}
{"timestamp":"2025-10-28T01:50:01.629766Z","level":"info","event":" ['2025-10-27 21:30:00 UTC+07:00+0700',","chan":"stdout","logger":"task"}
{"timestamp":"2025-10-28T01:50:01.629793Z","level":"info","event":"  'open: 0.038',","chan":"stdout","logger":"task"}
{"timestamp":"2025-10-28T01:50:01.629820Z","level":"info","event":"  'high: 0.038',","chan":"stdout","logger":"task"}
{"timestamp":"2025-10-28T01:50:01.629847Z","level":"info","event":"  'low: 0.038',","chan":"stdout","logger":"task"}
{"timestamp":"2025-10-28T01:50:01.629880Z","level":"info","event":"  'close: 0.038'],","chan":"stdout","logger":"task"}
{"timestamp":"2025-10-28T01:50:01.629909Z","level":"info","event":" ['2025-10-27 22:00:00 UTC+07:00+0700',","chan":"stdout","logger":"task"}
{"timestamp":"2025-10-28T01:50:01.629937Z","level":"info","event":"  'open: 0.038',","chan":"stdout","logger":"task"}
{"timestamp":"2025-10-28T01:50:01.629964Z","level":"info","event":"  'high: 0.038',","chan":"stdout","logger":"task"}
{"timestamp":"2025-10-28T01:50:01.629991Z","level":"info","event":"  'low: 0.038',","chan":"stdout","logger":"task"}
{"timestamp":"2025-10-28T01:50:01.630030Z","level":"info","event":"  'close: 0.038'],","chan":"stdout","logger":"task"}
{"timestamp":"2025-10-28T01:50:01.630057Z","level":"info","event":" ['2025-10-27 22:30:00 UTC+07:00+0700',","chan":"stdout","logger":"task"}
{"timestamp":"2025-10-28T01:50:01.630085Z","level":"info","event":"  'open: 0.038',","chan":"stdout","logger":"task"}
{"timestamp":"2025-10-28T01:50:01.630119Z","level":"info","event":"  'high: 0.038',","chan":"stdout","logger":"task"}
{"timestamp":"2025-10-28T01:50:01.630149Z","level":"info","event":"  'low: 0.038',","chan":"stdout","logger":"task"}
{"timestamp":"2025-10-28T01:50:01.630187Z","level":"info","event":"  'close: 0.038'],","chan":"stdout","logger":"task"}
{"timestamp":"2025-10-28T01:50:01.630214Z","level":"info","event":" ['2025-10-27 23:00:00 UTC+07:00+0700',","chan":"stdout","logger":"task"}
{"timestamp":"2025-10-28T01:50:01.630241Z","level":"info","event":"  'open: 0.038',","chan":"stdout","logger":"task"}
{"timestamp":"2025-10-28T01:50:01.630268Z","level":"info","event":"  'high: 0.038',","chan":"stdout","logger":"task"}
{"timestamp":"2025-10-28T01:50:01.630294Z","level":"info","event":"  'low: 0.038',","chan":"stdout","logger":"task"}
{"timestamp":"2025-10-28T01:50:01.630321Z","level":"info","event":"  'close: 0.038'],","chan":"stdout","logger":"task"}
{"timestamp":"2025-10-28T01:50:01.630347Z","level":"info","event":" ['2025-10-27 23:30:00 UTC+07:00+0700',","chan":"stdout","logger":"task"}
{"timestamp":"2025-10-28T01:50:01.630374Z","level":"info","event":"  'open: 0.038',","chan":"stdout","logger":"task"}
{"timestamp":"2025-10-28T01:50:01.630400Z","level":"info","event":"  'high: 0.038',","chan":"stdout","logger":"task"}
{"timestamp":"2025-10-28T01:50:01.630438Z","level":"info","event":"  'low: 0.038',","chan":"stdout","logger":"task"}
{"timestamp":"2025-10-28T01:50:01.630464Z","level":"info","event":"  'close: 0.038'],","chan":"stdout","logger":"task"}
{"timestamp":"2025-10-28T01:50:01.630491Z","level":"info","event":" ['2025-10-28 00:00:00 UTC+07:00+0700',","chan":"stdout","logger":"task"}
{"timestamp":"2025-10-28T01:50:01.630518Z","level":"info","event":"  'open: 0.038',","chan":"stdout","logger":"task"}
{"timestamp":"2025-10-28T01:50:01.630545Z","level":"info","event":"  'high: 0.038',","chan":"stdout","logger":"task"}
{"timestamp":"2025-10-28T01:50:01.630576Z","level":"info","event":"  'low: 0.038',","chan":"stdout","logger":"task"}
{"timestamp":"2025-10-28T01:50:01.630604Z","level":"info","event":"  'close: 0.038'],","chan":"stdout","logger":"task"}
{"timestamp":"2025-10-28T01:50:01.630630Z","level":"info","event":" ['2025-10-28 00:30:00 UTC+07:00+0700',","chan":"stdout","logger":"task"}
{"timestamp":"2025-10-28T01:50:01.630656Z","level":"info","event":"  'open: 0.038',","chan":"stdout","logger":"task"}
{"timestamp":"2025-10-28T01:50:01.630682Z","level":"info","event":"  'high: 0.038',","chan":"stdout","logger":"task"}
{"timestamp":"2025-10-28T01:50:01.630709Z","level":"info","event":"  'low: 0.038',","chan":"stdout","logger":"task"}
{"timestamp":"2025-10-28T01:50:01.630735Z","level":"info","event":"  'close: 0.038'],","chan":"stdout","logger":"task"}
{"timestamp":"2025-10-28T01:50:01.630760Z","level":"info","event":" ['2025-10-28 01:00:00 UTC+07:00+0700',","chan":"stdout","logger":"task"}
{"timestamp":"2025-10-28T01:50:01.630787Z","level":"info","event":"  'open: 0.038',","chan":"stdout","logger":"task"}
{"timestamp":"2025-10-28T01:50:01.630818Z","level":"info","event":"  'high: 0.038',","chan":"stdout","logger":"task"}
{"timestamp":"2025-10-28T01:50:01.630846Z","level":"info","event":"  'low: 0.038',","chan":"stdout","logger":"task"}
{"timestamp":"2025-10-28T01:50:01.630872Z","level":"info","event":"  'close: 0.038'],","chan":"stdout","logger":"task"}
{"timestamp":"2025-10-28T01:50:01.630898Z","level":"info","event":" ['2025-10-28 01:30:00 UTC+07:00+0700',","chan":"stdout","logger":"task"}
{"timestamp":"2025-10-28T01:50:01.630924Z","level":"info","event":"  'open: 0.038',","chan":"stdout","logger":"task"}
{"timestamp":"2025-10-28T01:50:01.630950Z","level":"info","event":"  'high: 0.038',","chan":"stdout","logger":"task"}
{"timestamp":"2025-10-28T01:50:01.630976Z","level":"info","event":"  'low: 0.038',","chan":"stdout","logger":"task"}
{"timestamp":"2025-10-28T01:50:01.631002Z","level":"info","event":"  'close: 0.038'],","chan":"stdout","logger":"task"}
{"timestamp":"2025-10-28T01:50:01.631028Z","level":"info","event":" ['2025-10-28 02:00:00 UTC+07:00+0700',","chan":"stdout","logger":"task"}
{"timestamp":"2025-10-28T01:50:01.631055Z","level":"info","event":"  'open: 0.038',","chan":"stdout","logger":"task"}
{"timestamp":"2025-10-28T01:50:01.631082Z","level":"info","event":"  'high: 0.038',","chan":"stdout","logger":"task"}
{"timestamp":"2025-10-28T01:50:01.631115Z","level":"info","event":"  'low: 0.038',","chan":"stdout","logger":"task"}
{"timestamp":"2025-10-28T01:50:01.631154Z","level":"info","event":"  'close: 0.038'],","chan":"stdout","logger":"task"}
{"timestamp":"2025-10-28T01:50:01.631183Z","level":"info","event":" ['2025-10-28 02:30:00 UTC+07:00+0700',","chan":"stdout","logger":"task"}
{"timestamp":"2025-10-28T01:50:01.631210Z","level":"info","event":"  'open: 0.038',","chan":"stdout","logger":"task"}
{"timestamp":"2025-10-28T01:50:01.631236Z","level":"info","event":"  'high: 0.039',","chan":"stdout","logger":"task"}
{"timestamp":"2025-10-28T01:50:01.631263Z","level":"info","event":"  'low: 0.038',","chan":"stdout","logger":"task"}
{"timestamp":"2025-10-28T01:50:01.631289Z","level":"info","event":"  'close: 0.039'],","chan":"stdout","logger":"task"}
{"timestamp":"2025-10-28T01:50:01.631316Z","level":"info","event":" ['2025-10-28 03:00:00 UTC+07:00+0700',","chan":"stdout","logger":"task"}
{"timestamp":"2025-10-28T01:50:01.631342Z","level":"info","event":"  'open: 0.039',","chan":"stdout","logger":"task"}
{"timestamp":"2025-10-28T01:50:01.631374Z","level":"info","event":"  'high: 0.039',","chan":"stdout","logger":"task"}
{"timestamp":"2025-10-28T01:50:01.631400Z","level":"info","event":"  'low: 0.039',","chan":"stdout","logger":"task"}
{"timestamp":"2025-10-28T01:50:01.631426Z","level":"info","event":"  'close: 0.039'],","chan":"stdout","logger":"task"}
{"timestamp":"2025-10-28T01:50:01.631452Z","level":"info","event":" ['2025-10-28 03:30:00 UTC+07:00+0700',","chan":"stdout","logger":"task"}
{"timestamp":"2025-10-28T01:50:01.631479Z","level":"info","event":"  'open: 0.039',","chan":"stdout","logger":"task"}
{"timestamp":"2025-10-28T01:50:01.631504Z","level":"info","event":"  'high: 0.039',","chan":"stdout","logger":"task"}
{"timestamp":"2025-10-28T01:50:01.631530Z","level":"info","event":"  'low: 0.038',","chan":"stdout","logger":"task"}
{"timestamp":"2025-10-28T01:50:01.631557Z","level":"info","event":"  'close: 0.038'],","chan":"stdout","logger":"task"}
{"timestamp":"2025-10-28T01:50:01.631583Z","level":"info","event":" ['2025-10-28 04:00:00 UTC+07:00+0700',","chan":"stdout","logger":"task"}
{"timestamp":"2025-10-28T01:50:01.631609Z","level":"info","event":"  'open: 0.038',","chan":"stdout","logger":"task"}
{"timestamp":"2025-10-28T01:50:01.631635Z","level":"info","event":"  'high: 0.038',","chan":"stdout","logger":"task"}
{"timestamp":"2025-10-28T01:50:01.631661Z","level":"info","event":"  'low: 0.038',","chan":"stdout","logger":"task"}
{"timestamp":"2025-10-28T01:50:01.631687Z","level":"info","event":"  'close: 0.038'],","chan":"stdout","logger":"task"}
{"timestamp":"2025-10-28T01:50:01.631714Z","level":"info","event":" ['2025-10-28 04:30:00 UTC+07:00+0700',","chan":"stdout","logger":"task"}
{"timestamp":"2025-10-28T01:50:01.631745Z","level":"info","event":"  'open: 0.038',","chan":"stdout","logger":"task"}
{"timestamp":"2025-10-28T01:50:01.631773Z","level":"info","event":"  'high: 0.038',","chan":"stdout","logger":"task"}
{"timestamp":"2025-10-28T01:50:01.631800Z","level":"info","event":"  'low: 0.038',","chan":"stdout","logger":"task"}
{"timestamp":"2025-10-28T01:50:01.631827Z","level":"info","event":"  'close: 0.038'],","chan":"stdout","logger":"task"}
{"timestamp":"2025-10-28T01:50:01.631932Z","level":"info","event":" ['2025-10-28 05:00:00 UTC+07:00+0700',","chan":"stdout","logger":"task"}
{"timestamp":"2025-10-28T01:50:01.631968Z","level":"info","event":"  'open: 0.038',","chan":"stdout","logger":"task"}
{"timestamp":"2025-10-28T01:50:01.631998Z","level":"info","event":"  'high: 0.038',","chan":"stdout","logger":"task"}
{"timestamp":"2025-10-28T01:50:01.632029Z","level":"info","event":"  'low: 0.038',","chan":"stdout","logger":"task"}
{"timestamp":"2025-10-28T01:50:01.632057Z","level":"info","event":"  'close: 0.038'],","chan":"stdout","logger":"task"}
{"timestamp":"2025-10-28T01:50:01.632084Z","level":"info","event":" ['2025-10-28 05:30:00 UTC+07:00+0700',","chan":"stdout","logger":"task"}
{"timestamp":"2025-10-28T01:50:01.632117Z","level":"info","event":"  'open: 0.038',","chan":"stdout","logger":"task"}
{"timestamp":"2025-10-28T01:50:01.632149Z","level":"info","event":"  'high: 0.038',","chan":"stdout","logger":"task"}
{"timestamp":"2025-10-28T01:50:01.632177Z","level":"info","event":"  'low: 0.038',","chan":"stdout","logger":"task"}
{"timestamp":"2025-10-28T01:50:01.632205Z","level":"info","event":"  'close: 0.038'],","chan":"stdout","logger":"task"}
{"timestamp":"2025-10-28T01:50:01.632234Z","level":"info","event":" ['2025-10-28 06:00:00 UTC+07:00+0700',","chan":"stdout","logger":"task"}
{"timestamp":"2025-10-28T01:50:01.632262Z","level":"info","event":"  'open: 0.038',","chan":"stdout","logger":"task"}
{"timestamp":"2025-10-28T01:50:01.632289Z","level":"info","event":"  'high: 0.038',","chan":"stdout","logger":"task"}
{"timestamp":"2025-10-28T01:50:01.632316Z","level":"info","event":"  'low: 0.038',","chan":"stdout","logger":"task"}
{"timestamp":"2025-10-28T01:50:01.632342Z","level":"info","event":"  'close: 0.038'],","chan":"stdout","logger":"task"}
{"timestamp":"2025-10-28T01:50:01.632370Z","level":"info","event":" ['2025-10-28 06:30:00 UTC+07:00+0700',","chan":"stdout","logger":"task"}
{"timestamp":"2025-10-28T01:50:01.632398Z","level":"info","event":"  'open: 0.038',","chan":"stdout","logger":"task"}
{"timestamp":"2025-10-28T01:50:01.632424Z","level":"info","event":"  'high: 0.038',","chan":"stdout","logger":"task"}
{"timestamp":"2025-10-28T01:50:01.632450Z","level":"info","event":"  'low: 0.038',","chan":"stdout","logger":"task"}
{"timestamp":"2025-10-28T01:50:01.632475Z","level":"info","event":"  'close: 0.038'],","chan":"stdout","logger":"task"}
{"timestamp":"2025-10-28T01:50:01.632501Z","level":"info","event":" ['2025-10-28 07:00:00 UTC+07:00+0700',","chan":"stdout","logger":"task"}
{"timestamp":"2025-10-28T01:50:01.632528Z","level":"info","event":"  'open: 0.038',","chan":"stdout","logger":"task"}
{"timestamp":"2025-10-28T01:50:01.632553Z","level":"info","event":"  'high: 0.038',","chan":"stdout","logger":"task"}
{"timestamp":"2025-10-28T01:50:01.632579Z","level":"info","event":"  'low: 0.038',","chan":"stdout","logger":"task"}
{"timestamp":"2025-10-28T01:50:01.632605Z","level":"info","event":"  'close: 0.038'],","chan":"stdout","logger":"task"}
{"timestamp":"2025-10-28T01:50:01.632631Z","level":"info","event":" ['2025-10-28 07:30:00 UTC+07:00+0700',","chan":"stdout","logger":"task"}
{"timestamp":"2025-10-28T01:50:01.632658Z","level":"info","event":"  'open: 0.038',","chan":"stdout","logger":"task"}
{"timestamp":"2025-10-28T01:50:01.632683Z","level":"info","event":"  'high: 0.038',","chan":"stdout","logger":"task"}
{"timestamp":"2025-10-28T01:50:01.632710Z","level":"info","event":"  'low: 0.038',","chan":"stdout","logger":"task"}
{"timestamp":"2025-10-28T01:50:01.632740Z","level":"info","event":"  'close: 0.038'],","chan":"stdout","logger":"task"}
{"timestamp":"2025-10-28T01:50:01.632769Z","level":"info","event":" ['2025-10-28 08:00:00 UTC+07:00+0700',","chan":"stdout","logger":"task"}
{"timestamp":"2025-10-28T01:50:01.632795Z","level":"info","event":"  'open: 0.038',","chan":"stdout","logger":"task"}
{"timestamp":"2025-10-28T01:50:01.632821Z","level":"info","event":"  'high: 0.038',","chan":"stdout","logger":"task"}
{"timestamp":"2025-10-28T01:50:01.632848Z","level":"info","event":"  'low: 0.038',","chan":"stdout","logger":"task"}
{"timestamp":"2025-10-28T01:50:01.632873Z","level":"info","event":"  'close: 0.038'],","chan":"stdout","logger":"task"}
{"timestamp":"2025-10-28T01:50:01.632899Z","level":"info","event":" ['2025-10-28 08:30:00 UTC+07:00+0700',","chan":"stdout","logger":"task"}
{"timestamp":"2025-10-28T01:50:01.632926Z","level":"info","event":"  'open: 0.038',","chan":"stdout","logger":"task"}
{"timestamp":"2025-10-28T01:50:01.632952Z","level":"info","event":"  'high: 0.038',","chan":"stdout","logger":"task"}
{"timestamp":"2025-10-28T01:50:01.632978Z","level":"info","event":"  'low: 0.038',","chan":"stdout","logger":"task"}
{"timestamp":"2025-10-28T01:50:01.633004Z","level":"info","event":"  'close: 0.038']]","chan":"stdout","logger":"task"}
{"timestamp":"2025-10-28T01:50:01.626281","level":"info","event":"Done. Returned value was: None","logger":"airflow.task.operators.airflow.providers.standard.operators.python.PythonOperator"}
