{"timestamp":"2025-10-28T01:29:07.825201","level":"info","event":"DAG bundles loaded: dags-folder","logger":"airflow.dag_processing.bundles.manager.DagBundlesManager"}
{"timestamp":"2025-10-28T01:29:07.825758","level":"info","event":"Filling up the DagBag from /home/vvt/D/SubjectResource/IT4931_BigData_Processing_and_Storage/CRYPTO/airflow/dags/daily_crypto_btc.py","logger":"airflow.models.dagbag.DagBag"}
{"timestamp":"2025-10-28T01:29:07.876594Z","level":"info","event":"https://api.coingecko.com/api/v3/coins/bitcoin/ohlc?vs_currency=usd&days=1&precision=full CG-i9rKH5bqGJ8UKdxzQ8wGpEmg","chan":"stdout","logger":"task"}
{"timestamp":"2025-10-28T01:29:08.054557Z","level":"info","event":"[['2025-10-27 08:30:00 UTC+07:00+0700',","chan":"stdout","logger":"task"}
{"timestamp":"2025-10-28T01:29:08.054713Z","level":"info","event":"  'open: 114841.125',","chan":"stdout","logger":"task"}
{"timestamp":"2025-10-28T01:29:08.054777Z","level":"info","event":"  'high: 115177.415',","chan":"stdout","logger":"task"}
{"timestamp":"2025-10-28T01:29:08.054835Z","level":"info","event":"  'low: 114831.048',","chan":"stdout","logger":"task"}
{"timestamp":"2025-10-28T01:29:08.054892Z","level":"info","event":"  'close: 115177.415'],","chan":"stdout","logger":"task"}
{"timestamp":"2025-10-28T01:29:08.054948Z","level":"info","event":" ['2025-10-27 09:00:00 UTC+07:00+0700',","chan":"stdout","logger":"task"}
{"timestamp":"2025-10-28T01:29:08.055003Z","level":"info","event":"  'open: 115123.487',","chan":"stdout","logger":"task"}
{"timestamp":"2025-10-28T01:29:08.055057Z","level":"info","event":"  'high: 115327.154',","chan":"stdout","logger":"task"}
{"timestamp":"2025-10-28T01:29:08.055270Z","level":"info","event":"  'low: 115123.487',","chan":"stdout","logger":"task"}
{"timestamp":"2025-10-28T01:29:08.055336Z","level":"info","event":"  'close: 115308.495'],","chan":"stdout","logger":"task"}
{"timestamp":"2025-10-28T01:29:08.055398Z","level":"info","event":" ['2025-10-27 09:30:00 UTC+07:00+0700',","chan":"stdout","logger":"task"}
{"timestamp":"2025-10-28T01:29:08.055453Z","level":"info","event":"  'open: 115297.974',","chan":"stdout","logger":"task"}
{"timestamp":"2025-10-28T01:29:08.055509Z","level":"info","event":"  'high: 115424.834',","chan":"stdout","logger":"task"}
{"timestamp":"2025-10-28T01:29:08.055564Z","level":"info","event":"  'low: 115164.173',","chan":"stdout","logger":"task"}
{"timestamp":"2025-10-28T01:29:08.055620Z","level":"info","event":"  'close: 115174.653'],","chan":"stdout","logger":"task"}
{"timestamp":"2025-10-28T01:29:08.055675Z","level":"info","event":" ['2025-10-27 10:00:00 UTC+07:00+0700',","chan":"stdout","logger":"task"}
{"timestamp":"2025-10-28T01:29:08.055729Z","level":"info","event":"  'open: 114927.850',","chan":"stdout","logger":"task"}
{"timestamp":"2025-10-28T01:29:08.055784Z","level":"info","event":"  'high: 115045.701',","chan":"stdout","logger":"task"}
{"timestamp":"2025-10-28T01:29:08.055837Z","level":"info","event":"  'low: 114860.957',","chan":"stdout","logger":"task"}
{"timestamp":"2025-10-28T01:29:08.055900Z","level":"info","event":"  'close: 114879.262'],","chan":"stdout","logger":"task"}
{"timestamp":"2025-10-28T01:29:08.055955Z","level":"info","event":" ['2025-10-27 10:30:00 UTC+07:00+0700',","chan":"stdout","logger":"task"}
{"timestamp":"2025-10-28T01:29:08.056008Z","level":"info","event":"  'open: 114916.390',","chan":"stdout","logger":"task"}
{"timestamp":"2025-10-28T01:29:08.056059Z","level":"info","event":"  'high: 115180.448',","chan":"stdout","logger":"task"}
{"timestamp":"2025-10-28T01:29:08.056115Z","level":"info","event":"  'low: 114916.390',","chan":"stdout","logger":"task"}
{"timestamp":"2025-10-28T01:29:08.056176Z","level":"info","event":"  'close: 115050.742'],","chan":"stdout","logger":"task"}
{"timestamp":"2025-10-28T01:29:08.056235Z","level":"info","event":" ['2025-10-27 11:00:00 UTC+07:00+0700',","chan":"stdout","logger":"task"}
{"timestamp":"2025-10-28T01:29:08.056288Z","level":"info","event":"  'open: 114956.463',","chan":"stdout","logger":"task"}
{"timestamp":"2025-10-28T01:29:08.056340Z","level":"info","event":"  'high: 115025.868',","chan":"stdout","logger":"task"}
{"timestamp":"2025-10-28T01:29:08.056404Z","level":"info","event":"  'low: 114910.114',","chan":"stdout","logger":"task"}
{"timestamp":"2025-10-28T01:29:08.056461Z","level":"info","event":"  'close: 114983.775'],","chan":"stdout","logger":"task"}
{"timestamp":"2025-10-28T01:29:08.056513Z","level":"info","event":" ['2025-10-27 11:30:00 UTC+07:00+0700',","chan":"stdout","logger":"task"}
{"timestamp":"2025-10-28T01:29:08.056564Z","level":"info","event":"  'open: 114972.259',","chan":"stdout","logger":"task"}
{"timestamp":"2025-10-28T01:29:08.056616Z","level":"info","event":"  'high: 115222.710',","chan":"stdout","logger":"task"}
{"timestamp":"2025-10-28T01:29:08.056666Z","level":"info","event":"  'low: 114972.259',","chan":"stdout","logger":"task"}
{"timestamp":"2025-10-28T01:29:08.056717Z","level":"info","event":"  'close: 115222.710'],","chan":"stdout","logger":"task"}
{"timestamp":"2025-10-28T01:29:08.056761Z","level":"info","event":" ['2025-10-27 12:00:00 UTC+07:00+0700',","chan":"stdout","logger":"task"}
{"timestamp":"2025-10-28T01:29:08.056803Z","level":"info","event":"  'open: 115196.497',","chan":"stdout","logger":"task"}
{"timestamp":"2025-10-28T01:29:08.056844Z","level":"info","event":"  'high: 115269.059',","chan":"stdout","logger":"task"}
{"timestamp":"2025-10-28T01:29:08.056885Z","level":"info","event":"  'low: 115184.585',","chan":"stdout","logger":"task"}
{"timestamp":"2025-10-28T01:29:08.056925Z","level":"info","event":"  'close: 115269.059'],","chan":"stdout","logger":"task"}
{"timestamp":"2025-10-28T01:29:08.056965Z","level":"info","event":" ['2025-10-27 12:30:00 UTC+07:00+0700',","chan":"stdout","logger":"task"}
{"timestamp":"2025-10-28T01:29:08.057004Z","level":"info","event":"  'open: 115280.279',","chan":"stdout","logger":"task"}
{"timestamp":"2025-10-28T01:29:08.057043Z","level":"info","event":"  'high: 115534.846',","chan":"stdout","logger":"task"}
{"timestamp":"2025-10-28T01:29:08.057082Z","level":"info","event":"  'low: 115280.279',","chan":"stdout","logger":"task"}
{"timestamp":"2025-10-28T01:29:08.057131Z","level":"info","event":"  'close: 115501.087'],","chan":"stdout","logger":"task"}
{"timestamp":"2025-10-28T01:29:08.057206Z","level":"info","event":" ['2025-10-27 13:00:00 UTC+07:00+0700',","chan":"stdout","logger":"task"}
{"timestamp":"2025-10-28T01:29:08.057250Z","level":"info","event":"  'open: 115533.653',","chan":"stdout","logger":"task"}
{"timestamp":"2025-10-28T01:29:08.057286Z","level":"info","event":"  'high: 115618.255',","chan":"stdout","logger":"task"}
{"timestamp":"2025-10-28T01:29:08.057319Z","level":"info","event":"  'low: 115471.197',","chan":"stdout","logger":"task"}
{"timestamp":"2025-10-28T01:29:08.057351Z","level":"info","event":"  'close: 115513.155'],","chan":"stdout","logger":"task"}
{"timestamp":"2025-10-28T01:29:08.057381Z","level":"info","event":" ['2025-10-27 13:30:00 UTC+07:00+0700',","chan":"stdout","logger":"task"}
{"timestamp":"2025-10-28T01:29:08.057412Z","level":"info","event":"  'open: 115551.128',","chan":"stdout","logger":"task"}
{"timestamp":"2025-10-28T01:29:08.057443Z","level":"info","event":"  'high: 115690.179',","chan":"stdout","logger":"task"}
{"timestamp":"2025-10-28T01:29:08.057473Z","level":"info","event":"  'low: 115419.910',","chan":"stdout","logger":"task"}
{"timestamp":"2025-10-28T01:29:08.057503Z","level":"info","event":"  'close: 115569.168'],","chan":"stdout","logger":"task"}
{"timestamp":"2025-10-28T01:29:08.057544Z","level":"info","event":" ['2025-10-27 14:00:00 UTC+07:00+0700',","chan":"stdout","logger":"task"}
{"timestamp":"2025-10-28T01:29:08.057577Z","level":"info","event":"  'open: 115628.030',","chan":"stdout","logger":"task"}
{"timestamp":"2025-10-28T01:29:08.057609Z","level":"info","event":"  'high: 115957.345',","chan":"stdout","logger":"task"}
{"timestamp":"2025-10-28T01:29:08.057639Z","level":"info","event":"  'low: 115628.030',","chan":"stdout","logger":"task"}
{"timestamp":"2025-10-28T01:29:08.057669Z","level":"info","event":"  'close: 115957.345'],","chan":"stdout","logger":"task"}
{"timestamp":"2025-10-28T01:29:08.057704Z","level":"info","event":" ['2025-10-27 14:30:00 UTC+07:00+0700',","chan":"stdout","logger":"task"}
{"timestamp":"2025-10-28T01:29:08.057736Z","level":"info","event":"  'open: 116032.271',","chan":"stdout","logger":"task"}
{"timestamp":"2025-10-28T01:29:08.057766Z","level":"info","event":"  'high: 116032.271',","chan":"stdout","logger":"task"}
{"timestamp":"2025-10-28T01:29:08.057796Z","level":"info","event":"  'low: 115939.579',","chan":"stdout","logger":"task"}
{"timestamp":"2025-10-28T01:29:08.057825Z","level":"info","event":"  'close: 115982.345'],","chan":"stdout","logger":"task"}
{"timestamp":"2025-10-28T01:29:08.057853Z","level":"info","event":" ['2025-10-27 15:00:00 UTC+07:00+0700',","chan":"stdout","logger":"task"}
{"timestamp":"2025-10-28T01:29:08.057882Z","level":"info","event":"  'open: 115811.687',","chan":"stdout","logger":"task"}
{"timestamp":"2025-10-28T01:29:08.057910Z","level":"info","event":"  'high: 115811.687',","chan":"stdout","logger":"task"}
{"timestamp":"2025-10-28T01:29:08.057939Z","level":"info","event":"  'low: 115537.762',","chan":"stdout","logger":"task"}
{"timestamp":"2025-10-28T01:29:08.057967Z","level":"info","event":"  'close: 115579.336'],","chan":"stdout","logger":"task"}
{"timestamp":"2025-10-28T01:29:08.057995Z","level":"info","event":" ['2025-10-27 15:30:00 UTC+07:00+0700',","chan":"stdout","logger":"task"}
{"timestamp":"2025-10-28T01:29:08.058024Z","level":"info","event":"  'open: 115527.237',","chan":"stdout","logger":"task"}
{"timestamp":"2025-10-28T01:29:08.058052Z","level":"info","event":"  'high: 115571.164',","chan":"stdout","logger":"task"}
{"timestamp":"2025-10-28T01:29:08.058081Z","level":"info","event":"  'low: 115441.226',","chan":"stdout","logger":"task"}
{"timestamp":"2025-10-28T01:29:08.058120Z","level":"info","event":"  'close: 115441.226'],","chan":"stdout","logger":"task"}
{"timestamp":"2025-10-28T01:29:08.058156Z","level":"info","event":" ['2025-10-27 16:00:00 UTC+07:00+0700',","chan":"stdout","logger":"task"}
{"timestamp":"2025-10-28T01:29:08.058186Z","level":"info","event":"  'open: 115200.443',","chan":"stdout","logger":"task"}
{"timestamp":"2025-10-28T01:29:08.058217Z","level":"info","event":"  'high: 115397.857',","chan":"stdout","logger":"task"}
{"timestamp":"2025-10-28T01:29:08.058245Z","level":"info","event":"  'low: 114936.430',","chan":"stdout","logger":"task"}
{"timestamp":"2025-10-28T01:29:08.058274Z","level":"info","event":"  'close: 114936.430'],","chan":"stdout","logger":"task"}
{"timestamp":"2025-10-28T01:29:08.058302Z","level":"info","event":" ['2025-10-27 16:30:00 UTC+07:00+0700',","chan":"stdout","logger":"task"}
{"timestamp":"2025-10-28T01:29:08.058331Z","level":"info","event":"  'open: 115013.800',","chan":"stdout","logger":"task"}
{"timestamp":"2025-10-28T01:29:08.058360Z","level":"info","event":"  'high: 115121.022',","chan":"stdout","logger":"task"}
{"timestamp":"2025-10-28T01:29:08.058388Z","level":"info","event":"  'low: 114862.086',","chan":"stdout","logger":"task"}
{"timestamp":"2025-10-28T01:29:08.058417Z","level":"info","event":"  'close: 115121.022'],","chan":"stdout","logger":"task"}
{"timestamp":"2025-10-28T01:29:08.058445Z","level":"info","event":" ['2025-10-27 17:00:00 UTC+07:00+0700',","chan":"stdout","logger":"task"}
{"timestamp":"2025-10-28T01:29:08.058474Z","level":"info","event":"  'open: 115163.135',","chan":"stdout","logger":"task"}
{"timestamp":"2025-10-28T01:29:08.058503Z","level":"info","event":"  'high: 115312.873',","chan":"stdout","logger":"task"}
{"timestamp":"2025-10-28T01:29:08.058532Z","level":"info","event":"  'low: 115163.135',","chan":"stdout","logger":"task"}
{"timestamp":"2025-10-28T01:29:08.058560Z","level":"info","event":"  'close: 115266.494'],","chan":"stdout","logger":"task"}
{"timestamp":"2025-10-28T01:29:08.058588Z","level":"info","event":" ['2025-10-27 17:30:00 UTC+07:00+0700',","chan":"stdout","logger":"task"}
{"timestamp":"2025-10-28T01:29:08.058620Z","level":"info","event":"  'open: 115262.657',","chan":"stdout","logger":"task"}
{"timestamp":"2025-10-28T01:29:08.058655Z","level":"info","event":"  'high: 115487.376',","chan":"stdout","logger":"task"}
{"timestamp":"2025-10-28T01:29:08.058686Z","level":"info","event":"  'low: 115249.438',","chan":"stdout","logger":"task"}
{"timestamp":"2025-10-28T01:29:08.058719Z","level":"info","event":"  'close: 115440.162'],","chan":"stdout","logger":"task"}
{"timestamp":"2025-10-28T01:29:08.058754Z","level":"info","event":" ['2025-10-27 18:00:00 UTC+07:00+0700',","chan":"stdout","logger":"task"}
{"timestamp":"2025-10-28T01:29:08.058784Z","level":"info","event":"  'open: 115429.927',","chan":"stdout","logger":"task"}
{"timestamp":"2025-10-28T01:29:08.058813Z","level":"info","event":"  'high: 115483.968',","chan":"stdout","logger":"task"}
{"timestamp":"2025-10-28T01:29:08.058841Z","level":"info","event":"  'low: 115423.118',","chan":"stdout","logger":"task"}
{"timestamp":"2025-10-28T01:29:08.058872Z","level":"info","event":"  'close: 115473.710'],","chan":"stdout","logger":"task"}
{"timestamp":"2025-10-28T01:29:08.058905Z","level":"info","event":" ['2025-10-27 18:30:00 UTC+07:00+0700',","chan":"stdout","logger":"task"}
{"timestamp":"2025-10-28T01:29:08.058936Z","level":"info","event":"  'open: 115454.781',","chan":"stdout","logger":"task"}
{"timestamp":"2025-10-28T01:29:08.058966Z","level":"info","event":"  'high: 115454.781',","chan":"stdout","logger":"task"}
{"timestamp":"2025-10-28T01:29:08.058995Z","level":"info","event":"  'low: 115249.384',","chan":"stdout","logger":"task"}
{"timestamp":"2025-10-28T01:29:08.059023Z","level":"info","event":"  'close: 115249.384'],","chan":"stdout","logger":"task"}
{"timestamp":"2025-10-28T01:29:08.059054Z","level":"info","event":" ['2025-10-27 19:00:00 UTC+07:00+0700',","chan":"stdout","logger":"task"}
{"timestamp":"2025-10-28T01:29:08.059085Z","level":"info","event":"  'open: 115322.880',","chan":"stdout","logger":"task"}
{"timestamp":"2025-10-28T01:29:08.059128Z","level":"info","event":"  'high: 115496.647',","chan":"stdout","logger":"task"}
{"timestamp":"2025-10-28T01:29:08.059161Z","level":"info","event":"  'low: 115322.880',","chan":"stdout","logger":"task"}
{"timestamp":"2025-10-28T01:29:08.059190Z","level":"info","event":"  'close: 115341.677'],","chan":"stdout","logger":"task"}
{"timestamp":"2025-10-28T01:29:08.059219Z","level":"info","event":" ['2025-10-27 19:30:00 UTC+07:00+0700',","chan":"stdout","logger":"task"}
{"timestamp":"2025-10-28T01:29:08.059248Z","level":"info","event":"  'open: 115358.859',","chan":"stdout","logger":"task"}
{"timestamp":"2025-10-28T01:29:08.059277Z","level":"info","event":"  'high: 115358.859',","chan":"stdout","logger":"task"}
{"timestamp":"2025-10-28T01:29:08.059305Z","level":"info","event":"  'low: 115189.739',","chan":"stdout","logger":"task"}
{"timestamp":"2025-10-28T01:29:08.059334Z","level":"info","event":"  'close: 115259.611'],","chan":"stdout","logger":"task"}
{"timestamp":"2025-10-28T01:29:08.059366Z","level":"info","event":" ['2025-10-27 20:00:00 UTC+07:00+0700',","chan":"stdout","logger":"task"}
{"timestamp":"2025-10-28T01:29:08.059396Z","level":"info","event":"  'open: 115275.780',","chan":"stdout","logger":"task"}
{"timestamp":"2025-10-28T01:29:08.059425Z","level":"info","event":"  'high: 115275.780',","chan":"stdout","logger":"task"}
{"timestamp":"2025-10-28T01:29:08.059453Z","level":"info","event":"  'low: 115059.271',","chan":"stdout","logger":"task"}
{"timestamp":"2025-10-28T01:29:08.059481Z","level":"info","event":"  'close: 115059.271'],","chan":"stdout","logger":"task"}
{"timestamp":"2025-10-28T01:29:08.059510Z","level":"info","event":" ['2025-10-27 20:30:00 UTC+07:00+0700',","chan":"stdout","logger":"task"}
{"timestamp":"2025-10-28T01:29:08.059538Z","level":"info","event":"  'open: 115123.916',","chan":"stdout","logger":"task"}
{"timestamp":"2025-10-28T01:29:08.059566Z","level":"info","event":"  'high: 115181.621',","chan":"stdout","logger":"task"}
{"timestamp":"2025-10-28T01:29:08.059594Z","level":"info","event":"  'low: 115119.412',","chan":"stdout","logger":"task"}
{"timestamp":"2025-10-28T01:29:08.059621Z","level":"info","event":"  'close: 115123.514'],","chan":"stdout","logger":"task"}
{"timestamp":"2025-10-28T01:29:08.059653Z","level":"info","event":" ['2025-10-27 21:00:00 UTC+07:00+0700',","chan":"stdout","logger":"task"}
{"timestamp":"2025-10-28T01:29:08.059683Z","level":"info","event":"  'open: 115140.817',","chan":"stdout","logger":"task"}
{"timestamp":"2025-10-28T01:29:08.059710Z","level":"info","event":"  'high: 115230.794',","chan":"stdout","logger":"task"}
{"timestamp":"2025-10-28T01:29:08.059738Z","level":"info","event":"  'low: 114763.025',","chan":"stdout","logger":"task"}
{"timestamp":"2025-10-28T01:29:08.059766Z","level":"info","event":"  'close: 115230.794'],","chan":"stdout","logger":"task"}
{"timestamp":"2025-10-28T01:29:08.059936Z","level":"info","event":" ['2025-10-27 21:30:00 UTC+07:00+0700',","chan":"stdout","logger":"task"}
{"timestamp":"2025-10-28T01:29:08.059975Z","level":"info","event":"  'open: 115270.412',","chan":"stdout","logger":"task"}
{"timestamp":"2025-10-28T01:29:08.060008Z","level":"info","event":"  'high: 115270.412',","chan":"stdout","logger":"task"}
{"timestamp":"2025-10-28T01:29:08.060039Z","level":"info","event":"  'low: 114634.214',","chan":"stdout","logger":"task"}
{"timestamp":"2025-10-28T01:29:08.060069Z","level":"info","event":"  'close: 114805.546'],","chan":"stdout","logger":"task"}
{"timestamp":"2025-10-28T01:29:08.060098Z","level":"info","event":" ['2025-10-27 22:00:00 UTC+07:00+0700',","chan":"stdout","logger":"task"}
{"timestamp":"2025-10-28T01:29:08.060138Z","level":"info","event":"  'open: 114977.611',","chan":"stdout","logger":"task"}
{"timestamp":"2025-10-28T01:29:08.060170Z","level":"info","event":"  'high: 115013.076',","chan":"stdout","logger":"task"}
{"timestamp":"2025-10-28T01:29:08.060199Z","level":"info","event":"  'low: 114727.231',","chan":"stdout","logger":"task"}
{"timestamp":"2025-10-28T01:29:08.060228Z","level":"info","event":"  'close: 114727.231'],","chan":"stdout","logger":"task"}
{"timestamp":"2025-10-28T01:29:08.060257Z","level":"info","event":" ['2025-10-27 22:30:00 UTC+07:00+0700',","chan":"stdout","logger":"task"}
{"timestamp":"2025-10-28T01:29:08.060286Z","level":"info","event":"  'open: 114821.326',","chan":"stdout","logger":"task"}
{"timestamp":"2025-10-28T01:29:08.060315Z","level":"info","event":"  'high: 115063.243',","chan":"stdout","logger":"task"}
{"timestamp":"2025-10-28T01:29:08.060344Z","level":"info","event":"  'low: 114821.326',","chan":"stdout","logger":"task"}
{"timestamp":"2025-10-28T01:29:08.060372Z","level":"info","event":"  'close: 115042.717'],","chan":"stdout","logger":"task"}
{"timestamp":"2025-10-28T01:29:08.060400Z","level":"info","event":" ['2025-10-27 23:00:00 UTC+07:00+0700',","chan":"stdout","logger":"task"}
{"timestamp":"2025-10-28T01:29:08.060429Z","level":"info","event":"  'open: 115078.624',","chan":"stdout","logger":"task"}
{"timestamp":"2025-10-28T01:29:08.060458Z","level":"info","event":"  'high: 115078.624',","chan":"stdout","logger":"task"}
{"timestamp":"2025-10-28T01:29:08.060486Z","level":"info","event":"  'low: 114913.773',","chan":"stdout","logger":"task"}
{"timestamp":"2025-10-28T01:29:08.060514Z","level":"info","event":"  'close: 114913.773'],","chan":"stdout","logger":"task"}
{"timestamp":"2025-10-28T01:29:08.060542Z","level":"info","event":" ['2025-10-27 23:30:00 UTC+07:00+0700',","chan":"stdout","logger":"task"}
{"timestamp":"2025-10-28T01:29:08.060569Z","level":"info","event":"  'open: 114977.952',","chan":"stdout","logger":"task"}
{"timestamp":"2025-10-28T01:29:08.060597Z","level":"info","event":"  'high: 115345.542',","chan":"stdout","logger":"task"}
{"timestamp":"2025-10-28T01:29:08.060624Z","level":"info","event":"  'low: 114977.952',","chan":"stdout","logger":"task"}
{"timestamp":"2025-10-28T01:29:08.060652Z","level":"info","event":"  'close: 115217.305'],","chan":"stdout","logger":"task"}
{"timestamp":"2025-10-28T01:29:08.060680Z","level":"info","event":" ['2025-10-28 00:00:00 UTC+07:00+0700',","chan":"stdout","logger":"task"}
{"timestamp":"2025-10-28T01:29:08.060707Z","level":"info","event":"  'open: 115326.691',","chan":"stdout","logger":"task"}
{"timestamp":"2025-10-28T01:29:08.060745Z","level":"info","event":"  'high: 115561.485',","chan":"stdout","logger":"task"}
{"timestamp":"2025-10-28T01:29:08.060776Z","level":"info","event":"  'low: 115326.691',","chan":"stdout","logger":"task"}
{"timestamp":"2025-10-28T01:29:08.060804Z","level":"info","event":"  'close: 115561.485'],","chan":"stdout","logger":"task"}
{"timestamp":"2025-10-28T01:29:08.060832Z","level":"info","event":" ['2025-10-28 00:30:00 UTC+07:00+0700',","chan":"stdout","logger":"task"}
{"timestamp":"2025-10-28T01:29:08.060860Z","level":"info","event":"  'open: 115478.129',","chan":"stdout","logger":"task"}
{"timestamp":"2025-10-28T01:29:08.060890Z","level":"info","event":"  'high: 115584.841',","chan":"stdout","logger":"task"}
{"timestamp":"2025-10-28T01:29:08.060919Z","level":"info","event":"  'low: 115355.704',","chan":"stdout","logger":"task"}
{"timestamp":"2025-10-28T01:29:08.060947Z","level":"info","event":"  'close: 115355.704'],","chan":"stdout","logger":"task"}
{"timestamp":"2025-10-28T01:29:08.060976Z","level":"info","event":" ['2025-10-28 01:00:00 UTC+07:00+0700',","chan":"stdout","logger":"task"}
{"timestamp":"2025-10-28T01:29:08.061004Z","level":"info","event":"  'open: 115335.838',","chan":"stdout","logger":"task"}
{"timestamp":"2025-10-28T01:29:08.061033Z","level":"info","event":"  'high: 115657.816',","chan":"stdout","logger":"task"}
{"timestamp":"2025-10-28T01:29:08.061063Z","level":"info","event":"  'low: 115335.838',","chan":"stdout","logger":"task"}
{"timestamp":"2025-10-28T01:29:08.061091Z","level":"info","event":"  'close: 115625.972'],","chan":"stdout","logger":"task"}
{"timestamp":"2025-10-28T01:29:08.061128Z","level":"info","event":" ['2025-10-28 01:30:00 UTC+07:00+0700',","chan":"stdout","logger":"task"}
{"timestamp":"2025-10-28T01:29:08.061158Z","level":"info","event":"  'open: 115619.237',","chan":"stdout","logger":"task"}
{"timestamp":"2025-10-28T01:29:08.061187Z","level":"info","event":"  'high: 115755.137',","chan":"stdout","logger":"task"}
{"timestamp":"2025-10-28T01:29:08.061215Z","level":"info","event":"  'low: 115551.893',","chan":"stdout","logger":"task"}
{"timestamp":"2025-10-28T01:29:08.061243Z","level":"info","event":"  'close: 115551.893'],","chan":"stdout","logger":"task"}
{"timestamp":"2025-10-28T01:29:08.061270Z","level":"info","event":" ['2025-10-28 02:00:00 UTC+07:00+0700',","chan":"stdout","logger":"task"}
{"timestamp":"2025-10-28T01:29:08.061298Z","level":"info","event":"  'open: 115371.453',","chan":"stdout","logger":"task"}
{"timestamp":"2025-10-28T01:29:08.061325Z","level":"info","event":"  'high: 115510.086',","chan":"stdout","logger":"task"}
{"timestamp":"2025-10-28T01:29:08.061353Z","level":"info","event":"  'low: 115371.453',","chan":"stdout","logger":"task"}
{"timestamp":"2025-10-28T01:29:08.061380Z","level":"info","event":"  'close: 115450.349'],","chan":"stdout","logger":"task"}
{"timestamp":"2025-10-28T01:29:08.061408Z","level":"info","event":" ['2025-10-28 02:30:00 UTC+07:00+0700',","chan":"stdout","logger":"task"}
{"timestamp":"2025-10-28T01:29:08.061435Z","level":"info","event":"  'open: 115351.628',","chan":"stdout","logger":"task"}
{"timestamp":"2025-10-28T01:29:08.061464Z","level":"info","event":"  'high: 115351.628',","chan":"stdout","logger":"task"}
{"timestamp":"2025-10-28T01:29:08.061493Z","level":"info","event":"  'low: 115065.950',","chan":"stdout","logger":"task"}
{"timestamp":"2025-10-28T01:29:08.061521Z","level":"info","event":"  'close: 115065.950'],","chan":"stdout","logger":"task"}
{"timestamp":"2025-10-28T01:29:08.061549Z","level":"info","event":" ['2025-10-28 03:00:00 UTC+07:00+0700',","chan":"stdout","logger":"task"}
{"timestamp":"2025-10-28T01:29:08.061577Z","level":"info","event":"  'open: 115011.979',","chan":"stdout","logger":"task"}
{"timestamp":"2025-10-28T01:29:08.061605Z","level":"info","event":"  'high: 115011.979',","chan":"stdout","logger":"task"}
{"timestamp":"2025-10-28T01:29:08.061632Z","level":"info","event":"  'low: 114827.763',","chan":"stdout","logger":"task"}
{"timestamp":"2025-10-28T01:29:08.061664Z","level":"info","event":"  'close: 114851.004'],","chan":"stdout","logger":"task"}
{"timestamp":"2025-10-28T01:29:08.061694Z","level":"info","event":" ['2025-10-28 03:30:00 UTC+07:00+0700',","chan":"stdout","logger":"task"}
{"timestamp":"2025-10-28T01:29:08.061722Z","level":"info","event":"  'open: 114830.465',","chan":"stdout","logger":"task"}
{"timestamp":"2025-10-28T01:29:08.061751Z","level":"info","event":"  'high: 114841.782',","chan":"stdout","logger":"task"}
{"timestamp":"2025-10-28T01:29:08.061779Z","level":"info","event":"  'low: 114743.272',","chan":"stdout","logger":"task"}
{"timestamp":"2025-10-28T01:29:08.061807Z","level":"info","event":"  'close: 114755.036'],","chan":"stdout","logger":"task"}
{"timestamp":"2025-10-28T01:29:08.061836Z","level":"info","event":" ['2025-10-28 04:00:00 UTC+07:00+0700',","chan":"stdout","logger":"task"}
{"timestamp":"2025-10-28T01:29:08.061865Z","level":"info","event":"  'open: 114756.514',","chan":"stdout","logger":"task"}
{"timestamp":"2025-10-28T01:29:08.061892Z","level":"info","event":"  'high: 114756.514',","chan":"stdout","logger":"task"}
{"timestamp":"2025-10-28T01:29:08.061921Z","level":"info","event":"  'low: 114556.788',","chan":"stdout","logger":"task"}
{"timestamp":"2025-10-28T01:29:08.061949Z","level":"info","event":"  'close: 114556.788'],","chan":"stdout","logger":"task"}
{"timestamp":"2025-10-28T01:29:08.061977Z","level":"info","event":" ['2025-10-28 04:30:00 UTC+07:00+0700',","chan":"stdout","logger":"task"}
{"timestamp":"2025-10-28T01:29:08.062004Z","level":"info","event":"  'open: 114445.361',","chan":"stdout","logger":"task"}
{"timestamp":"2025-10-28T01:29:08.062032Z","level":"info","event":"  'high: 114544.306',","chan":"stdout","logger":"task"}
{"timestamp":"2025-10-28T01:29:08.062061Z","level":"info","event":"  'low: 114223.724',","chan":"stdout","logger":"task"}
{"timestamp":"2025-10-28T01:29:08.062089Z","level":"info","event":"  'close: 114223.724'],","chan":"stdout","logger":"task"}
{"timestamp":"2025-10-28T01:29:08.062127Z","level":"info","event":" ['2025-10-28 05:00:00 UTC+07:00+0700',","chan":"stdout","logger":"task"}
{"timestamp":"2025-10-28T01:29:08.062158Z","level":"info","event":"  'open: 114175.353',","chan":"stdout","logger":"task"}
{"timestamp":"2025-10-28T01:29:08.062187Z","level":"info","event":"  'high: 114511.464',","chan":"stdout","logger":"task"}
{"timestamp":"2025-10-28T01:29:08.062215Z","level":"info","event":"  'low: 114175.353',","chan":"stdout","logger":"task"}
{"timestamp":"2025-10-28T01:29:08.062243Z","level":"info","event":"  'close: 114483.579'],","chan":"stdout","logger":"task"}
{"timestamp":"2025-10-28T01:29:08.062271Z","level":"info","event":" ['2025-10-28 05:30:00 UTC+07:00+0700',","chan":"stdout","logger":"task"}
{"timestamp":"2025-10-28T01:29:08.062299Z","level":"info","event":"  'open: 114216.658',","chan":"stdout","logger":"task"}
{"timestamp":"2025-10-28T01:29:08.062326Z","level":"info","event":"  'high: 114494.906',","chan":"stdout","logger":"task"}
{"timestamp":"2025-10-28T01:29:08.062353Z","level":"info","event":"  'low: 114216.658',","chan":"stdout","logger":"task"}
{"timestamp":"2025-10-28T01:29:08.062380Z","level":"info","event":"  'close: 114494.906'],","chan":"stdout","logger":"task"}
{"timestamp":"2025-10-28T01:29:08.062407Z","level":"info","event":" ['2025-10-28 06:00:00 UTC+07:00+0700',","chan":"stdout","logger":"task"}
{"timestamp":"2025-10-28T01:29:08.062434Z","level":"info","event":"  'open: 114306.717',","chan":"stdout","logger":"task"}
{"timestamp":"2025-10-28T01:29:08.062462Z","level":"info","event":"  'high: 114340.709',","chan":"stdout","logger":"task"}
{"timestamp":"2025-10-28T01:29:08.062488Z","level":"info","event":"  'low: 114181.672',","chan":"stdout","logger":"task"}
{"timestamp":"2025-10-28T01:29:08.062515Z","level":"info","event":"  'close: 114181.672'],","chan":"stdout","logger":"task"}
{"timestamp":"2025-10-28T01:29:08.062541Z","level":"info","event":" ['2025-10-28 06:30:00 UTC+07:00+0700',","chan":"stdout","logger":"task"}
{"timestamp":"2025-10-28T01:29:08.062568Z","level":"info","event":"  'open: 114083.622',","chan":"stdout","logger":"task"}
{"timestamp":"2025-10-28T01:29:08.062599Z","level":"info","event":"  'high: 114083.622',","chan":"stdout","logger":"task"}
{"timestamp":"2025-10-28T01:29:08.062627Z","level":"info","event":"  'low: 113944.030',","chan":"stdout","logger":"task"}
{"timestamp":"2025-10-28T01:29:08.062654Z","level":"info","event":"  'close: 113999.671'],","chan":"stdout","logger":"task"}
{"timestamp":"2025-10-28T01:29:08.062681Z","level":"info","event":" ['2025-10-28 07:00:00 UTC+07:00+0700',","chan":"stdout","logger":"task"}
{"timestamp":"2025-10-28T01:29:08.062709Z","level":"info","event":"  'open: 114072.746',","chan":"stdout","logger":"task"}
{"timestamp":"2025-10-28T01:29:08.062736Z","level":"info","event":"  'high: 114182.794',","chan":"stdout","logger":"task"}
{"timestamp":"2025-10-28T01:29:08.062763Z","level":"info","event":"  'low: 114072.746',","chan":"stdout","logger":"task"}
{"timestamp":"2025-10-28T01:29:08.062790Z","level":"info","event":"  'close: 114182.794'],","chan":"stdout","logger":"task"}
{"timestamp":"2025-10-28T01:29:08.062817Z","level":"info","event":" ['2025-10-28 07:30:00 UTC+07:00+0700',","chan":"stdout","logger":"task"}
{"timestamp":"2025-10-28T01:29:08.062843Z","level":"info","event":"  'open: 114085.331',","chan":"stdout","logger":"task"}
{"timestamp":"2025-10-28T01:29:08.062870Z","level":"info","event":"  'high: 114300.590',","chan":"stdout","logger":"task"}
{"timestamp":"2025-10-28T01:29:08.062897Z","level":"info","event":"  'low: 113935.417',","chan":"stdout","logger":"task"}
{"timestamp":"2025-10-28T01:29:08.062924Z","level":"info","event":"  'close: 114300.590'],","chan":"stdout","logger":"task"}
{"timestamp":"2025-10-28T01:29:08.062951Z","level":"info","event":" ['2025-10-28 08:00:00 UTC+07:00+0700',","chan":"stdout","logger":"task"}
{"timestamp":"2025-10-28T01:29:08.062978Z","level":"info","event":"  'open: 114163.648',","chan":"stdout","logger":"task"}
{"timestamp":"2025-10-28T01:29:08.063005Z","level":"info","event":"  'high: 114163.648',","chan":"stdout","logger":"task"}
{"timestamp":"2025-10-28T01:29:08.063032Z","level":"info","event":"  'low: 113916.463',","chan":"stdout","logger":"task"}
{"timestamp":"2025-10-28T01:29:08.063059Z","level":"info","event":"  'close: 113920.186']]","chan":"stdout","logger":"task"}
{"timestamp":"2025-10-28T01:29:08.056309","level":"info","event":"Done. Returned value was: None","logger":"airflow.task.operators.airflow.providers.standard.operators.python.PythonOperator"}
