{"timestamp":"2025-10-28T01:50:01.473526","level":"info","event":"DAG bundles loaded: dags-folder","logger":"airflow.dag_processing.bundles.manager.DagBundlesManager"}
{"timestamp":"2025-10-28T01:50:01.474193","level":"info","event":"Filling up the DagBag from /home/vvt/D/SubjectResource/IT4931_BigData_Processing_and_Storage/CRYPTO/airflow/dags/daily_crypto_btc.py","logger":"airflow.models.dagbag.DagBag"}
{"timestamp":"2025-10-28T01:50:01.537622Z","level":"info","event":"https://api.coingecko.com/api/v3/coins/bitcoin/ohlc?vs_currency=usd&days=1&precision=full CG-i9rKH5bqGJ8UKdxzQ8wGpEmg","chan":"stdout","logger":"task"}
{"timestamp":"2025-10-28T01:50:01.614568Z","level":"info","event":"[['2025-10-27 09:00:00 UTC+07:00+0700',","chan":"stdout","logger":"task"}
{"timestamp":"2025-10-28T01:50:01.614732Z","level":"info","event":"  'open: 115123.487',","chan":"stdout","logger":"task"}
{"timestamp":"2025-10-28T01:50:01.614814Z","level":"info","event":"  'high: 115327.154',","chan":"stdout","logger":"task"}
{"timestamp":"2025-10-28T01:50:01.614880Z","level":"info","event":"  'low: 115123.487',","chan":"stdout","logger":"task"}
{"timestamp":"2025-10-28T01:50:01.614930Z","level":"info","event":"  'close: 115308.495'],","chan":"stdout","logger":"task"}
{"timestamp":"2025-10-28T01:50:01.614976Z","level":"info","event":" ['2025-10-27 09:30:00 UTC+07:00+0700',","chan":"stdout","logger":"task"}
{"timestamp":"2025-10-28T01:50:01.615022Z","level":"info","event":"  'open: 115297.974',","chan":"stdout","logger":"task"}
{"timestamp":"2025-10-28T01:50:01.615071Z","level":"info","event":"  'high: 115424.834',","chan":"stdout","logger":"task"}
{"timestamp":"2025-10-28T01:50:01.615134Z","level":"info","event":"  'low: 115164.173',","chan":"stdout","logger":"task"}
{"timestamp":"2025-10-28T01:50:01.615182Z","level":"info","event":"  'close: 115174.653'],","chan":"stdout","logger":"task"}
{"timestamp":"2025-10-28T01:50:01.615227Z","level":"info","event":" ['2025-10-27 10:00:00 UTC+07:00+0700',","chan":"stdout","logger":"task"}
{"timestamp":"2025-10-28T01:50:01.615271Z","level":"info","event":"  'open: 114927.850',","chan":"stdout","logger":"task"}
{"timestamp":"2025-10-28T01:50:01.615314Z","level":"info","event":"  'high: 115045.701',","chan":"stdout","logger":"task"}
{"timestamp":"2025-10-28T01:50:01.615356Z","level":"info","event":"  'low: 114860.957',","chan":"stdout","logger":"task"}
{"timestamp":"2025-10-28T01:50:01.615400Z","level":"info","event":"  'close: 114879.262'],","chan":"stdout","logger":"task"}
{"timestamp":"2025-10-28T01:50:01.615443Z","level":"info","event":" ['2025-10-27 10:30:00 UTC+07:00+0700',","chan":"stdout","logger":"task"}
{"timestamp":"2025-10-28T01:50:01.615486Z","level":"info","event":"  'open: 114916.390',","chan":"stdout","logger":"task"}
{"timestamp":"2025-10-28T01:50:01.615530Z","level":"info","event":"  'high: 115180.448',","chan":"stdout","logger":"task"}
{"timestamp":"2025-10-28T01:50:01.615830Z","level":"info","event":"  'low: 114916.390',","chan":"stdout","logger":"task"}
{"timestamp":"2025-10-28T01:50:01.615966Z","level":"info","event":"  'close: 115050.742'],","chan":"stdout","logger":"task"}
{"timestamp":"2025-10-28T01:50:01.616059Z","level":"info","event":" ['2025-10-27 11:00:00 UTC+07:00+0700',","chan":"stdout","logger":"task"}
{"timestamp":"2025-10-28T01:50:01.616102Z","level":"info","event":"  'open: 114956.463',","chan":"stdout","logger":"task"}
{"timestamp":"2025-10-28T01:50:01.616153Z","level":"info","event":"  'high: 115025.868',","chan":"stdout","logger":"task"}
{"timestamp":"2025-10-28T01:50:01.616183Z","level":"info","event":"  'low: 114910.114',","chan":"stdout","logger":"task"}
{"timestamp":"2025-10-28T01:50:01.616211Z","level":"info","event":"  'close: 114983.775'],","chan":"stdout","logger":"task"}
{"timestamp":"2025-10-28T01:50:01.616239Z","level":"info","event":" ['2025-10-27 11:30:00 UTC+07:00+0700',","chan":"stdout","logger":"task"}
{"timestamp":"2025-10-28T01:50:01.616266Z","level":"info","event":"  'open: 114972.259',","chan":"stdout","logger":"task"}
{"timestamp":"2025-10-28T01:50:01.616307Z","level":"info","event":"  'high: 115222.710',","chan":"stdout","logger":"task"}
{"timestamp":"2025-10-28T01:50:01.616352Z","level":"info","event":"  'low: 114972.259',","chan":"stdout","logger":"task"}
{"timestamp":"2025-10-28T01:50:01.616381Z","level":"info","event":"  'close: 115222.710'],","chan":"stdout","logger":"task"}
{"timestamp":"2025-10-28T01:50:01.616407Z","level":"info","event":" ['2025-10-27 12:00:00 UTC+07:00+0700',","chan":"stdout","logger":"task"}
{"timestamp":"2025-10-28T01:50:01.616434Z","level":"info","event":"  'open: 115196.497',","chan":"stdout","logger":"task"}
{"timestamp":"2025-10-28T01:50:01.616460Z","level":"info","event":"  'high: 115269.059',","chan":"stdout","logger":"task"}
{"timestamp":"2025-10-28T01:50:01.616486Z","level":"info","event":"  'low: 115184.585',","chan":"stdout","logger":"task"}
{"timestamp":"2025-10-28T01:50:01.616511Z","level":"info","event":"  'close: 115269.059'],","chan":"stdout","logger":"task"}
{"timestamp":"2025-10-28T01:50:01.616536Z","level":"info","event":" ['2025-10-27 12:30:00 UTC+07:00+0700',","chan":"stdout","logger":"task"}
{"timestamp":"2025-10-28T01:50:01.616562Z","level":"info","event":"  'open: 115280.279',","chan":"stdout","logger":"task"}
{"timestamp":"2025-10-28T01:50:01.616588Z","level":"info","event":"  'high: 115534.846',","chan":"stdout","logger":"task"}
{"timestamp":"2025-10-28T01:50:01.616615Z","level":"info","event":"  'low: 115280.279',","chan":"stdout","logger":"task"}
{"timestamp":"2025-10-28T01:50:01.616640Z","level":"info","event":"  'close: 115501.087'],","chan":"stdout","logger":"task"}
{"timestamp":"2025-10-28T01:50:01.616668Z","level":"info","event":" ['2025-10-27 13:00:00 UTC+07:00+0700',","chan":"stdout","logger":"task"}
{"timestamp":"2025-10-28T01:50:01.616696Z","level":"info","event":"  'open: 115533.653',","chan":"stdout","logger":"task"}
{"timestamp":"2025-10-28T01:50:01.616722Z","level":"info","event":"  'high: 115618.255',","chan":"stdout","logger":"task"}
{"timestamp":"2025-10-28T01:50:01.616748Z","level":"info","event":"  'low: 115471.197',","chan":"stdout","logger":"task"}
{"timestamp":"2025-10-28T01:50:01.616773Z","level":"info","event":"  'close: 115513.155'],","chan":"stdout","logger":"task"}
{"timestamp":"2025-10-28T01:50:01.616799Z","level":"info","event":" ['2025-10-27 13:30:00 UTC+07:00+0700',","chan":"stdout","logger":"task"}
{"timestamp":"2025-10-28T01:50:01.616825Z","level":"info","event":"  'open: 115551.128',","chan":"stdout","logger":"task"}
{"timestamp":"2025-10-28T01:50:01.616858Z","level":"info","event":"  'high: 115690.179',","chan":"stdout","logger":"task"}
{"timestamp":"2025-10-28T01:50:01.616884Z","level":"info","event":"  'low: 115419.910',","chan":"stdout","logger":"task"}
{"timestamp":"2025-10-28T01:50:01.616909Z","level":"info","event":"  'close: 115569.168'],","chan":"stdout","logger":"task"}
{"timestamp":"2025-10-28T01:50:01.616935Z","level":"info","event":" ['2025-10-27 14:00:00 UTC+07:00+0700',","chan":"stdout","logger":"task"}
{"timestamp":"2025-10-28T01:50:01.616962Z","level":"info","event":"  'open: 115628.030',","chan":"stdout","logger":"task"}
{"timestamp":"2025-10-28T01:50:01.616987Z","level":"info","event":"  'high: 115957.345',","chan":"stdout","logger":"task"}
{"timestamp":"2025-10-28T01:50:01.617014Z","level":"info","event":"  'low: 115628.030',","chan":"stdout","logger":"task"}
{"timestamp":"2025-10-28T01:50:01.617040Z","level":"info","event":"  'close: 115957.345'],","chan":"stdout","logger":"task"}
{"timestamp":"2025-10-28T01:50:01.617065Z","level":"info","event":" ['2025-10-27 14:30:00 UTC+07:00+0700',","chan":"stdout","logger":"task"}
{"timestamp":"2025-10-28T01:50:01.617092Z","level":"info","event":"  'open: 116032.271',","chan":"stdout","logger":"task"}
{"timestamp":"2025-10-28T01:50:01.617125Z","level":"info","event":"  'high: 116032.271',","chan":"stdout","logger":"task"}
{"timestamp":"2025-10-28T01:50:01.617158Z","level":"info","event":"  'low: 115939.579',","chan":"stdout","logger":"task"}
{"timestamp":"2025-10-28T01:50:01.617183Z","level":"info","event":"  'close: 115982.345'],","chan":"stdout","logger":"task"}
{"timestamp":"2025-10-28T01:50:01.617212Z","level":"info","event":" ['2025-10-27 15:00:00 UTC+07:00+0700',","chan":"stdout","logger":"task"}
{"timestamp":"2025-10-28T01:50:01.617243Z","level":"info","event":"  'open: 115811.687',","chan":"stdout","logger":"task"}
{"timestamp":"2025-10-28T01:50:01.617270Z","level":"info","event":"  'high: 115811.687',","chan":"stdout","logger":"task"}
{"timestamp":"2025-10-28T01:50:01.617295Z","level":"info","event":"  'low: 115537.762',","chan":"stdout","logger":"task"}
{"timestamp":"2025-10-28T01:50:01.617319Z","level":"info","event":"  'close: 115579.336'],","chan":"stdout","logger":"task"}
{"timestamp":"2025-10-28T01:50:01.617344Z","level":"info","event":" ['2025-10-27 15:30:00 UTC+07:00+0700',","chan":"stdout","logger":"task"}
{"timestamp":"2025-10-28T01:50:01.617371Z","level":"info","event":"  'open: 115527.237',","chan":"stdout","logger":"task"}
{"timestamp":"2025-10-28T01:50:01.617396Z","level":"info","event":"  'high: 115571.164',","chan":"stdout","logger":"task"}
{"timestamp":"2025-10-28T01:50:01.617422Z","level":"info","event":"  'low: 115441.226',","chan":"stdout","logger":"task"}
{"timestamp":"2025-10-28T01:50:01.617449Z","level":"info","event":"  'close: 115441.226'],","chan":"stdout","logger":"task"}
{"timestamp":"2025-10-28T01:50:01.617474Z","level":"info","event":" ['2025-10-27 16:00:00 UTC+07:00+0700',","chan":"stdout","logger":"task"}
{"timestamp":"2025-10-28T01:50:01.617503Z","level":"info","event":"  'open: 115200.443',","chan":"stdout","logger":"task"}
{"timestamp":"2025-10-28T01:50:01.617529Z","level":"info","event":"  'high: 115397.857',","chan":"stdout","logger":"task"}
{"timestamp":"2025-10-28T01:50:01.617554Z","level":"info","event":"  'low: 114936.430',","chan":"stdout","logger":"task"}
{"timestamp":"2025-10-28T01:50:01.617586Z","level":"info","event":"  'close: 114936.430'],","chan":"stdout","logger":"task"}
{"timestamp":"2025-10-28T01:50:01.617612Z","level":"info","event":" ['2025-10-27 16:30:00 UTC+07:00+0700',","chan":"stdout","logger":"task"}
{"timestamp":"2025-10-28T01:50:01.617638Z","level":"info","event":"  'open: 115013.800',","chan":"stdout","logger":"task"}
{"timestamp":"2025-10-28T01:50:01.617663Z","level":"info","event":"  'high: 115121.022',","chan":"stdout","logger":"task"}
{"timestamp":"2025-10-28T01:50:01.617713Z","level":"info","event":"  'low: 114862.086',","chan":"stdout","logger":"task"}
{"timestamp":"2025-10-28T01:50:01.617763Z","level":"info","event":"  'close: 115121.022'],","chan":"stdout","logger":"task"}
{"timestamp":"2025-10-28T01:50:01.617794Z","level":"info","event":" ['2025-10-27 17:00:00 UTC+07:00+0700',","chan":"stdout","logger":"task"}
{"timestamp":"2025-10-28T01:50:01.617821Z","level":"info","event":"  'open: 115163.135',","chan":"stdout","logger":"task"}
{"timestamp":"2025-10-28T01:50:01.617847Z","level":"info","event":"  'high: 115312.873',","chan":"stdout","logger":"task"}
{"timestamp":"2025-10-28T01:50:01.617873Z","level":"info","event":"  'low: 115163.135',","chan":"stdout","logger":"task"}
{"timestamp":"2025-10-28T01:50:01.617899Z","level":"info","event":"  'close: 115266.494'],","chan":"stdout","logger":"task"}
{"timestamp":"2025-10-28T01:50:01.617924Z","level":"info","event":" ['2025-10-27 17:30:00 UTC+07:00+0700',","chan":"stdout","logger":"task"}
{"timestamp":"2025-10-28T01:50:01.617950Z","level":"info","event":"  'open: 115262.657',","chan":"stdout","logger":"task"}
{"timestamp":"2025-10-28T01:50:01.617976Z","level":"info","event":"  'high: 115487.376',","chan":"stdout","logger":"task"}
{"timestamp":"2025-10-28T01:50:01.618002Z","level":"info","event":"  'low: 115249.438',","chan":"stdout","logger":"task"}
{"timestamp":"2025-10-28T01:50:01.618027Z","level":"info","event":"  'close: 115440.162'],","chan":"stdout","logger":"task"}
{"timestamp":"2025-10-28T01:50:01.618051Z","level":"info","event":" ['2025-10-27 18:00:00 UTC+07:00+0700',","chan":"stdout","logger":"task"}
{"timestamp":"2025-10-28T01:50:01.618077Z","level":"info","event":"  'open: 115429.927',","chan":"stdout","logger":"task"}
{"timestamp":"2025-10-28T01:50:01.618116Z","level":"info","event":"  'high: 115483.968',","chan":"stdout","logger":"task"}
{"timestamp":"2025-10-28T01:50:01.618149Z","level":"info","event":"  'low: 115423.118',","chan":"stdout","logger":"task"}
{"timestamp":"2025-10-28T01:50:01.618182Z","level":"info","event":"  'close: 115473.710'],","chan":"stdout","logger":"task"}
{"timestamp":"2025-10-28T01:50:01.618208Z","level":"info","event":" ['2025-10-27 18:30:00 UTC+07:00+0700',","chan":"stdout","logger":"task"}
{"timestamp":"2025-10-28T01:50:01.618234Z","level":"info","event":"  'open: 115454.781',","chan":"stdout","logger":"task"}
{"timestamp":"2025-10-28T01:50:01.618260Z","level":"info","event":"  'high: 115454.781',","chan":"stdout","logger":"task"}
{"timestamp":"2025-10-28T01:50:01.618286Z","level":"info","event":"  'low: 115249.384',","chan":"stdout","logger":"task"}
{"timestamp":"2025-10-28T01:50:01.618312Z","level":"info","event":"  'close: 115249.384'],","chan":"stdout","logger":"task"}
{"timestamp":"2025-10-28T01:50:01.618343Z","level":"info","event":" ['2025-10-27 19:00:00 UTC+07:00+0700',","chan":"stdout","logger":"task"}
{"timestamp":"2025-10-28T01:50:01.618369Z","level":"info","event":"  'open: 115322.880',","chan":"stdout","logger":"task"}
{"timestamp":"2025-10-28T01:50:01.618395Z","level":"info","event":"  'high: 115496.647',","chan":"stdout","logger":"task"}
{"timestamp":"2025-10-28T01:50:01.618420Z","level":"info","event":"  'low: 115322.880',","chan":"stdout","logger":"task"}
{"timestamp":"2025-10-28T01:50:01.618444Z","level":"info","event":"  'close: 115341.677'],","chan":"stdout","logger":"task"}
{"timestamp":"2025-10-28T01:50:01.618470Z","level":"info","event":" ['2025-10-27 19:30:00 UTC+07:00+0700',","chan":"stdout","logger":"task"}
{"timestamp":"2025-10-28T01:50:01.618495Z","level":"info","event":"  'open: 115358.859',","chan":"stdout","logger":"task"}
{"timestamp":"2025-10-28T01:50:01.618520Z","level":"info","event":"  'high: 115358.859',","chan":"stdout","logger":"task"}
{"timestamp":"2025-10-28T01:50:01.618546Z","level":"info","event":"  'low: 115189.739',","chan":"stdout","logger":"task"}
{"timestamp":"2025-10-28T01:50:01.618571Z","level":"info","event":"  'close: 115259.611'],","chan":"stdout","logger":"task"}
{"timestamp":"2025-10-28T01:50:01.618597Z","level":"info","event":" ['2025-10-27 20:00:00 UTC+07:00+0700',","chan":"stdout","logger":"task"}
{"timestamp":"2025-10-28T01:50:01.618622Z","level":"info","event":"  'open: 115275.780',","chan":"stdout","logger":"task"}
{"timestamp":"2025-10-28T01:50:01.618647Z","level":"info","event":"  'high: 115275.780',","chan":"stdout","logger":"task"}
{"timestamp":"2025-10-28T01:50:01.618672Z","level":"info","event":"  'low: 115059.271',","chan":"stdout","logger":"task"}
{"timestamp":"2025-10-28T01:50:01.618697Z","level":"info","event":"  'close: 115059.271'],","chan":"stdout","logger":"task"}
{"timestamp":"2025-10-28T01:50:01.618723Z","level":"info","event":" ['2025-10-27 20:30:00 UTC+07:00+0700',","chan":"stdout","logger":"task"}
{"timestamp":"2025-10-28T01:50:01.618749Z","level":"info","event":"  'open: 115123.916',","chan":"stdout","logger":"task"}
{"timestamp":"2025-10-28T01:50:01.618774Z","level":"info","event":"  'high: 115181.621',","chan":"stdout","logger":"task"}
{"timestamp":"2025-10-28T01:50:01.618800Z","level":"info","event":"  'low: 115119.412',","chan":"stdout","logger":"task"}
{"timestamp":"2025-10-28T01:50:01.618825Z","level":"info","event":"  'close: 115123.514'],","chan":"stdout","logger":"task"}
{"timestamp":"2025-10-28T01:50:01.618851Z","level":"info","event":" ['2025-10-27 21:00:00 UTC+07:00+0700',","chan":"stdout","logger":"task"}
{"timestamp":"2025-10-28T01:50:01.618876Z","level":"info","event":"  'open: 115140.817',","chan":"stdout","logger":"task"}
{"timestamp":"2025-10-28T01:50:01.618901Z","level":"info","event":"  'high: 115230.794',","chan":"stdout","logger":"task"}
{"timestamp":"2025-10-28T01:50:01.618926Z","level":"info","event":"  'low: 114763.025',","chan":"stdout","logger":"task"}
{"timestamp":"2025-10-28T01:50:01.618952Z","level":"info","event":"  'close: 115230.794'],","chan":"stdout","logger":"task"}
{"timestamp":"2025-10-28T01:50:01.618980Z","level":"info","event":" ['2025-10-27 21:30:00 UTC+07:00+0700',","chan":"stdout","logger":"task"}
{"timestamp":"2025-10-28T01:50:01.619008Z","level":"info","event":"  'open: 115270.412',","chan":"stdout","logger":"task"}
{"timestamp":"2025-10-28T01:50:01.619034Z","level":"info","event":"  'high: 115270.412',","chan":"stdout","logger":"task"}
{"timestamp":"2025-10-28T01:50:01.619059Z","level":"info","event":"  'low: 114634.214',","chan":"stdout","logger":"task"}
{"timestamp":"2025-10-28T01:50:01.619084Z","level":"info","event":"  'close: 114805.546'],","chan":"stdout","logger":"task"}
{"timestamp":"2025-10-28T01:50:01.619114Z","level":"info","event":" ['2025-10-27 22:00:00 UTC+07:00+0700',","chan":"stdout","logger":"task"}
{"timestamp":"2025-10-28T01:50:01.619143Z","level":"info","event":"  'open: 114977.611',","chan":"stdout","logger":"task"}
{"timestamp":"2025-10-28T01:50:01.619169Z","level":"info","event":"  'high: 115013.076',","chan":"stdout","logger":"task"}
{"timestamp":"2025-10-28T01:50:01.619194Z","level":"info","event":"  'low: 114727.231',","chan":"stdout","logger":"task"}
{"timestamp":"2025-10-28T01:50:01.619220Z","level":"info","event":"  'close: 114727.231'],","chan":"stdout","logger":"task"}
{"timestamp":"2025-10-28T01:50:01.619244Z","level":"info","event":" ['2025-10-27 22:30:00 UTC+07:00+0700',","chan":"stdout","logger":"task"}
{"timestamp":"2025-10-28T01:50:01.619269Z","level":"info","event":"  'open: 114821.326',","chan":"stdout","logger":"task"}
{"timestamp":"2025-10-28T01:50:01.619294Z","level":"info","event":"  'high: 115063.243',","chan":"stdout","logger":"task"}
{"timestamp":"2025-10-28T01:50:01.619322Z","level":"info","event":"  'low: 114821.326',","chan":"stdout","logger":"task"}
{"timestamp":"2025-10-28T01:50:01.619347Z","level":"info","event":"  'close: 115042.717'],","chan":"stdout","logger":"task"}
{"timestamp":"2025-10-28T01:50:01.619372Z","level":"info","event":" ['2025-10-27 23:00:00 UTC+07:00+0700',","chan":"stdout","logger":"task"}
{"timestamp":"2025-10-28T01:50:01.619397Z","level":"info","event":"  'open: 115078.624',","chan":"stdout","logger":"task"}
{"timestamp":"2025-10-28T01:50:01.619421Z","level":"info","event":"  'high: 115078.624',","chan":"stdout","logger":"task"}
{"timestamp":"2025-10-28T01:50:01.619446Z","level":"info","event":"  'low: 114913.773',","chan":"stdout","logger":"task"}
{"timestamp":"2025-10-28T01:50:01.619470Z","level":"info","event":"  'close: 114913.773'],","chan":"stdout","logger":"task"}
{"timestamp":"2025-10-28T01:50:01.619495Z","level":"info","event":" ['2025-10-27 23:30:00 UTC+07:00+0700',","chan":"stdout","logger":"task"}
{"timestamp":"2025-10-28T01:50:01.619520Z","level":"info","event":"  'open: 114977.952',","chan":"stdout","logger":"task"}
{"timestamp":"2025-10-28T01:50:01.619545Z","level":"info","event":"  'high: 115345.542',","chan":"stdout","logger":"task"}
{"timestamp":"2025-10-28T01:50:01.619570Z","level":"info","event":"  'low: 114977.952',","chan":"stdout","logger":"task"}
{"timestamp":"2025-10-28T01:50:01.619595Z","level":"info","event":"  'close: 115217.305'],","chan":"stdout","logger":"task"}
{"timestamp":"2025-10-28T01:50:01.619619Z","level":"info","event":" ['2025-10-28 00:00:00 UTC+07:00+0700',","chan":"stdout","logger":"task"}
{"timestamp":"2025-10-28T01:50:01.619643Z","level":"info","event":"  'open: 115326.691',","chan":"stdout","logger":"task"}
{"timestamp":"2025-10-28T01:50:01.619667Z","level":"info","event":"  'high: 115561.485',","chan":"stdout","logger":"task"}
{"timestamp":"2025-10-28T01:50:01.619691Z","level":"info","event":"  'low: 115326.691',","chan":"stdout","logger":"task"}
{"timestamp":"2025-10-28T01:50:01.619716Z","level":"info","event":"  'close: 115561.485'],","chan":"stdout","logger":"task"}
{"timestamp":"2025-10-28T01:50:01.619740Z","level":"info","event":" ['2025-10-28 00:30:00 UTC+07:00+0700',","chan":"stdout","logger":"task"}
{"timestamp":"2025-10-28T01:50:01.619764Z","level":"info","event":"  'open: 115478.129',","chan":"stdout","logger":"task"}
{"timestamp":"2025-10-28T01:50:01.619793Z","level":"info","event":"  'high: 115584.841',","chan":"stdout","logger":"task"}
{"timestamp":"2025-10-28T01:50:01.619820Z","level":"info","event":"  'low: 115355.704',","chan":"stdout","logger":"task"}
{"timestamp":"2025-10-28T01:50:01.619845Z","level":"info","event":"  'close: 115355.704'],","chan":"stdout","logger":"task"}
{"timestamp":"2025-10-28T01:50:01.619870Z","level":"info","event":" ['2025-10-28 01:00:00 UTC+07:00+0700',","chan":"stdout","logger":"task"}
{"timestamp":"2025-10-28T01:50:01.619894Z","level":"info","event":"  'open: 115335.838',","chan":"stdout","logger":"task"}
{"timestamp":"2025-10-28T01:50:01.619919Z","level":"info","event":"  'high: 115657.816',","chan":"stdout","logger":"task"}
{"timestamp":"2025-10-28T01:50:01.619943Z","level":"info","event":"  'low: 115335.838',","chan":"stdout","logger":"task"}
{"timestamp":"2025-10-28T01:50:01.619967Z","level":"info","event":"  'close: 115625.972'],","chan":"stdout","logger":"task"}
{"timestamp":"2025-10-28T01:50:01.619992Z","level":"info","event":" ['2025-10-28 01:30:00 UTC+07:00+0700',","chan":"stdout","logger":"task"}
{"timestamp":"2025-10-28T01:50:01.620017Z","level":"info","event":"  'open: 115619.237',","chan":"stdout","logger":"task"}
{"timestamp":"2025-10-28T01:50:01.620043Z","level":"info","event":"  'high: 115755.137',","chan":"stdout","logger":"task"}
{"timestamp":"2025-10-28T01:50:01.620071Z","level":"info","event":"  'low: 115551.893',","chan":"stdout","logger":"task"}
{"timestamp":"2025-10-28T01:50:01.620096Z","level":"info","event":"  'close: 115551.893'],","chan":"stdout","logger":"task"}
{"timestamp":"2025-10-28T01:50:01.620128Z","level":"info","event":" ['2025-10-28 02:00:00 UTC+07:00+0700',","chan":"stdout","logger":"task"}
{"timestamp":"2025-10-28T01:50:01.620154Z","level":"info","event":"  'open: 115371.453',","chan":"stdout","logger":"task"}
{"timestamp":"2025-10-28T01:50:01.620179Z","level":"info","event":"  'high: 115510.086',","chan":"stdout","logger":"task"}
{"timestamp":"2025-10-28T01:50:01.620204Z","level":"info","event":"  'low: 115371.453',","chan":"stdout","logger":"task"}
{"timestamp":"2025-10-28T01:50:01.620228Z","level":"info","event":"  'close: 115450.349'],","chan":"stdout","logger":"task"}
{"timestamp":"2025-10-28T01:50:01.620252Z","level":"info","event":" ['2025-10-28 02:30:00 UTC+07:00+0700',","chan":"stdout","logger":"task"}
{"timestamp":"2025-10-28T01:50:01.615526","level":"info","event":"Done. Returned value was: None","logger":"airflow.task.operators.airflow.providers.standard.operators.python.PythonOperator"}
{"timestamp":"2025-10-28T01:50:01.620414Z","level":"info","event":"  'open: 115351.628',","chan":"stdout","logger":"task"}
{"timestamp":"2025-10-28T01:50:01.620451Z","level":"info","event":"  'high: 115351.628',","chan":"stdout","logger":"task"}
{"timestamp":"2025-10-28T01:50:01.620480Z","level":"info","event":"  'low: 115065.950',","chan":"stdout","logger":"task"}
{"timestamp":"2025-10-28T01:50:01.620508Z","level":"info","event":"  'close: 115065.950'],","chan":"stdout","logger":"task"}
{"timestamp":"2025-10-28T01:50:01.620535Z","level":"info","event":" ['2025-10-28 03:00:00 UTC+07:00+0700',","chan":"stdout","logger":"task"}
{"timestamp":"2025-10-28T01:50:01.620563Z","level":"info","event":"  'open: 115011.979',","chan":"stdout","logger":"task"}
{"timestamp":"2025-10-28T01:50:01.620589Z","level":"info","event":"  'high: 115011.979',","chan":"stdout","logger":"task"}
{"timestamp":"2025-10-28T01:50:01.620615Z","level":"info","event":"  'low: 114827.763',","chan":"stdout","logger":"task"}
{"timestamp":"2025-10-28T01:50:01.620640Z","level":"info","event":"  'close: 114851.004'],","chan":"stdout","logger":"task"}
{"timestamp":"2025-10-28T01:50:01.620672Z","level":"info","event":" ['2025-10-28 03:30:00 UTC+07:00+0700',","chan":"stdout","logger":"task"}
{"timestamp":"2025-10-28T01:50:01.620697Z","level":"info","event":"  'open: 114830.465',","chan":"stdout","logger":"task"}
{"timestamp":"2025-10-28T01:50:01.620723Z","level":"info","event":"  'high: 114841.782',","chan":"stdout","logger":"task"}
{"timestamp":"2025-10-28T01:50:01.620753Z","level":"info","event":"  'low: 114743.272',","chan":"stdout","logger":"task"}
{"timestamp":"2025-10-28T01:50:01.620782Z","level":"info","event":"  'close: 114755.036'],","chan":"stdout","logger":"task"}
{"timestamp":"2025-10-28T01:50:01.620809Z","level":"info","event":" ['2025-10-28 04:00:00 UTC+07:00+0700',","chan":"stdout","logger":"task"}
{"timestamp":"2025-10-28T01:50:01.620836Z","level":"info","event":"  'open: 114756.514',","chan":"stdout","logger":"task"}
{"timestamp":"2025-10-28T01:50:01.620862Z","level":"info","event":"  'high: 114756.514',","chan":"stdout","logger":"task"}
{"timestamp":"2025-10-28T01:50:01.620888Z","level":"info","event":"  'low: 114556.788',","chan":"stdout","logger":"task"}
{"timestamp":"2025-10-28T01:50:01.620914Z","level":"info","event":"  'close: 114556.788'],","chan":"stdout","logger":"task"}
{"timestamp":"2025-10-28T01:50:01.620939Z","level":"info","event":" ['2025-10-28 04:30:00 UTC+07:00+0700',","chan":"stdout","logger":"task"}
{"timestamp":"2025-10-28T01:50:01.620965Z","level":"info","event":"  'open: 114445.361',","chan":"stdout","logger":"task"}
{"timestamp":"2025-10-28T01:50:01.620991Z","level":"info","event":"  'high: 114544.306',","chan":"stdout","logger":"task"}
{"timestamp":"2025-10-28T01:50:01.621016Z","level":"info","event":"  'low: 114223.724',","chan":"stdout","logger":"task"}
{"timestamp":"2025-10-28T01:50:01.621042Z","level":"info","event":"  'close: 114223.724'],","chan":"stdout","logger":"task"}
{"timestamp":"2025-10-28T01:50:01.621067Z","level":"info","event":" ['2025-10-28 05:00:00 UTC+07:00+0700',","chan":"stdout","logger":"task"}
{"timestamp":"2025-10-28T01:50:01.621093Z","level":"info","event":"  'open: 114175.353',","chan":"stdout","logger":"task"}
{"timestamp":"2025-10-28T01:50:01.621126Z","level":"info","event":"  'high: 114511.464',","chan":"stdout","logger":"task"}
{"timestamp":"2025-10-28T01:50:01.621154Z","level":"info","event":"  'low: 114175.353',","chan":"stdout","logger":"task"}
{"timestamp":"2025-10-28T01:50:01.621179Z","level":"info","event":"  'close: 114483.579'],","chan":"stdout","logger":"task"}
{"timestamp":"2025-10-28T01:50:01.621204Z","level":"info","event":" ['2025-10-28 05:30:00 UTC+07:00+0700',","chan":"stdout","logger":"task"}
{"timestamp":"2025-10-28T01:50:01.621229Z","level":"info","event":"  'open: 114216.658',","chan":"stdout","logger":"task"}
{"timestamp":"2025-10-28T01:50:01.621253Z","level":"info","event":"  'high: 114494.906',","chan":"stdout","logger":"task"}
{"timestamp":"2025-10-28T01:50:01.621278Z","level":"info","event":"  'low: 114216.658',","chan":"stdout","logger":"task"}
{"timestamp":"2025-10-28T01:50:01.621302Z","level":"info","event":"  'close: 114494.906'],","chan":"stdout","logger":"task"}
{"timestamp":"2025-10-28T01:50:01.621327Z","level":"info","event":" ['2025-10-28 06:00:00 UTC+07:00+0700',","chan":"stdout","logger":"task"}
{"timestamp":"2025-10-28T01:50:01.621351Z","level":"info","event":"  'open: 114306.717',","chan":"stdout","logger":"task"}
{"timestamp":"2025-10-28T01:50:01.621375Z","level":"info","event":"  'high: 114340.709',","chan":"stdout","logger":"task"}
{"timestamp":"2025-10-28T01:50:01.621400Z","level":"info","event":"  'low: 114181.672',","chan":"stdout","logger":"task"}
{"timestamp":"2025-10-28T01:50:01.621424Z","level":"info","event":"  'close: 114181.672'],","chan":"stdout","logger":"task"}
{"timestamp":"2025-10-28T01:50:01.621449Z","level":"info","event":" ['2025-10-28 06:30:00 UTC+07:00+0700',","chan":"stdout","logger":"task"}
{"timestamp":"2025-10-28T01:50:01.621477Z","level":"info","event":"  'open: 114083.622',","chan":"stdout","logger":"task"}
{"timestamp":"2025-10-28T01:50:01.621501Z","level":"info","event":"  'high: 114083.622',","chan":"stdout","logger":"task"}
{"timestamp":"2025-10-28T01:50:01.621526Z","level":"info","event":"  'low: 113944.030',","chan":"stdout","logger":"task"}
{"timestamp":"2025-10-28T01:50:01.621550Z","level":"info","event":"  'close: 113999.671'],","chan":"stdout","logger":"task"}
{"timestamp":"2025-10-28T01:50:01.621583Z","level":"info","event":" ['2025-10-28 07:00:00 UTC+07:00+0700',","chan":"stdout","logger":"task"}
{"timestamp":"2025-10-28T01:50:01.621610Z","level":"info","event":"  'open: 114072.746',","chan":"stdout","logger":"task"}
{"timestamp":"2025-10-28T01:50:01.621636Z","level":"info","event":"  'high: 114182.794',","chan":"stdout","logger":"task"}
{"timestamp":"2025-10-28T01:50:01.621662Z","level":"info","event":"  'low: 114072.746',","chan":"stdout","logger":"task"}
{"timestamp":"2025-10-28T01:50:01.621687Z","level":"info","event":"  'close: 114182.794'],","chan":"stdout","logger":"task"}
{"timestamp":"2025-10-28T01:50:01.621712Z","level":"info","event":" ['2025-10-28 07:30:00 UTC+07:00+0700',","chan":"stdout","logger":"task"}
{"timestamp":"2025-10-28T01:50:01.621737Z","level":"info","event":"  'open: 114085.331',","chan":"stdout","logger":"task"}
{"timestamp":"2025-10-28T01:50:01.621762Z","level":"info","event":"  'high: 114300.590',","chan":"stdout","logger":"task"}
{"timestamp":"2025-10-28T01:50:01.621787Z","level":"info","event":"  'low: 113935.417',","chan":"stdout","logger":"task"}
{"timestamp":"2025-10-28T01:50:01.621812Z","level":"info","event":"  'close: 114300.590'],","chan":"stdout","logger":"task"}
{"timestamp":"2025-10-28T01:50:01.621837Z","level":"info","event":" ['2025-10-28 08:00:00 UTC+07:00+0700',","chan":"stdout","logger":"task"}
{"timestamp":"2025-10-28T01:50:01.621861Z","level":"info","event":"  'open: 114163.648',","chan":"stdout","logger":"task"}
{"timestamp":"2025-10-28T01:50:01.621886Z","level":"info","event":"  'high: 114163.648',","chan":"stdout","logger":"task"}
{"timestamp":"2025-10-28T01:50:01.621911Z","level":"info","event":"  'low: 113916.463',","chan":"stdout","logger":"task"}
{"timestamp":"2025-10-28T01:50:01.621936Z","level":"info","event":"  'close: 113920.186'],","chan":"stdout","logger":"task"}
{"timestamp":"2025-10-28T01:50:01.621960Z","level":"info","event":" ['2025-10-28 08:30:00 UTC+07:00+0700',","chan":"stdout","logger":"task"}
{"timestamp":"2025-10-28T01:50:01.621985Z","level":"info","event":"  'open: 114007.461',","chan":"stdout","logger":"task"}
{"timestamp":"2025-10-28T01:50:01.622010Z","level":"info","event":"  'high: 114261.984',","chan":"stdout","logger":"task"}
{"timestamp":"2025-10-28T01:50:01.622034Z","level":"info","event":"  'low: 114007.461',","chan":"stdout","logger":"task"}
{"timestamp":"2025-10-28T01:50:01.622062Z","level":"info","event":"  'close: 114198.593']]","chan":"stdout","logger":"task"}
