{"timestamp":"2025-10-28T01:50:01.491395","level":"info","event":"DAG bundles loaded: dags-folder","logger":"airflow.dag_processing.bundles.manager.DagBundlesManager"}
{"timestamp":"2025-10-28T01:50:01.492030","level":"info","event":"Filling up the DagBag from /home/vvt/D/SubjectResource/IT4931_BigData_Processing_and_Storage/CRYPTO/airflow/dags/daily_crypto_btc.py","logger":"airflow.models.dagbag.DagBag"}
{"timestamp":"2025-10-28T01:50:01.522289Z","level":"info","event":"https://api.coingecko.com/api/v3/coins/bitcoin/ohlc?vs_currency=usd&days=1&precision=full CG-i9rKH5bqGJ8UKdxzQ8wGpEmg","chan":"stdout","logger":"task"}
{"timestamp":"2025-10-28T01:50:01.633886Z","level":"info","event":"[['2025-10-27 09:00:00 UTC+07:00+0700',","chan":"stdout","logger":"task"}
{"timestamp":"2025-10-28T01:50:01.634056Z","level":"info","event":"  'open: 115123.487',","chan":"stdout","logger":"task"}
{"timestamp":"2025-10-28T01:50:01.634127Z","level":"info","event":"  'high: 115327.154',","chan":"stdout","logger":"task"}
{"timestamp":"2025-10-28T01:50:01.634192Z","level":"info","event":"  'low: 115123.487',","chan":"stdout","logger":"task"}
{"timestamp":"2025-10-28T01:50:01.634246Z","level":"info","event":"  'close: 115308.495'],","chan":"stdout","logger":"task"}
{"timestamp":"2025-10-28T01:50:01.634301Z","level":"info","event":" ['2025-10-27 09:30:00 UTC+07:00+0700',","chan":"stdout","logger":"task"}
{"timestamp":"2025-10-28T01:50:01.634355Z","level":"info","event":"  'open: 115297.974',","chan":"stdout","logger":"task"}
{"timestamp":"2025-10-28T01:50:01.634406Z","level":"info","event":"  'high: 115424.834',","chan":"stdout","logger":"task"}
{"timestamp":"2025-10-28T01:50:01.634456Z","level":"info","event":"  'low: 115164.173',","chan":"stdout","logger":"task"}
{"timestamp":"2025-10-28T01:50:01.634507Z","level":"info","event":"  'close: 115174.653'],","chan":"stdout","logger":"task"}
{"timestamp":"2025-10-28T01:50:01.634694Z","level":"info","event":" ['2025-10-27 10:00:00 UTC+07:00+0700',","chan":"stdout","logger":"task"}
{"timestamp":"2025-10-28T01:50:01.634745Z","level":"info","event":"  'open: 114927.850',","chan":"stdout","logger":"task"}
{"timestamp":"2025-10-28T01:50:01.634780Z","level":"info","event":"  'high: 115045.701',","chan":"stdout","logger":"task"}
{"timestamp":"2025-10-28T01:50:01.634809Z","level":"info","event":"  'low: 114860.957',","chan":"stdout","logger":"task"}
{"timestamp":"2025-10-28T01:50:01.634838Z","level":"info","event":"  'close: 114879.262'],","chan":"stdout","logger":"task"}
{"timestamp":"2025-10-28T01:50:01.634867Z","level":"info","event":" ['2025-10-27 10:30:00 UTC+07:00+0700',","chan":"stdout","logger":"task"}
{"timestamp":"2025-10-28T01:50:01.634921Z","level":"info","event":"  'open: 114916.390',","chan":"stdout","logger":"task"}
{"timestamp":"2025-10-28T01:50:01.634967Z","level":"info","event":"  'high: 115180.448',","chan":"stdout","logger":"task"}
{"timestamp":"2025-10-28T01:50:01.635010Z","level":"info","event":"  'low: 114916.390',","chan":"stdout","logger":"task"}
{"timestamp":"2025-10-28T01:50:01.635060Z","level":"info","event":"  'close: 115050.742'],","chan":"stdout","logger":"task"}
{"timestamp":"2025-10-28T01:50:01.635096Z","level":"info","event":" ['2025-10-27 11:00:00 UTC+07:00+0700',","chan":"stdout","logger":"task"}
{"timestamp":"2025-10-28T01:50:01.635145Z","level":"info","event":"  'open: 114956.463',","chan":"stdout","logger":"task"}
{"timestamp":"2025-10-28T01:50:01.635180Z","level":"info","event":"  'high: 115025.868',","chan":"stdout","logger":"task"}
{"timestamp":"2025-10-28T01:50:01.635212Z","level":"info","event":"  'low: 114910.114',","chan":"stdout","logger":"task"}
{"timestamp":"2025-10-28T01:50:01.635259Z","level":"info","event":"  'close: 114983.775'],","chan":"stdout","logger":"task"}
{"timestamp":"2025-10-28T01:50:01.635293Z","level":"info","event":" ['2025-10-27 11:30:00 UTC+07:00+0700',","chan":"stdout","logger":"task"}
{"timestamp":"2025-10-28T01:50:01.635323Z","level":"info","event":"  'open: 114972.259',","chan":"stdout","logger":"task"}
{"timestamp":"2025-10-28T01:50:01.635351Z","level":"info","event":"  'high: 115222.710',","chan":"stdout","logger":"task"}
{"timestamp":"2025-10-28T01:50:01.635387Z","level":"info","event":"  'low: 114972.259',","chan":"stdout","logger":"task"}
{"timestamp":"2025-10-28T01:50:01.635418Z","level":"info","event":"  'close: 115222.710'],","chan":"stdout","logger":"task"}
{"timestamp":"2025-10-28T01:50:01.635448Z","level":"info","event":" ['2025-10-27 12:00:00 UTC+07:00+0700',","chan":"stdout","logger":"task"}
{"timestamp":"2025-10-28T01:50:01.635477Z","level":"info","event":"  'open: 115196.497',","chan":"stdout","logger":"task"}
{"timestamp":"2025-10-28T01:50:01.635511Z","level":"info","event":"  'high: 115269.059',","chan":"stdout","logger":"task"}
{"timestamp":"2025-10-28T01:50:01.635540Z","level":"info","event":"  'low: 115184.585',","chan":"stdout","logger":"task"}
{"timestamp":"2025-10-28T01:50:01.635568Z","level":"info","event":"  'close: 115269.059'],","chan":"stdout","logger":"task"}
{"timestamp":"2025-10-28T01:50:01.635596Z","level":"info","event":" ['2025-10-27 12:30:00 UTC+07:00+0700',","chan":"stdout","logger":"task"}
{"timestamp":"2025-10-28T01:50:01.635624Z","level":"info","event":"  'open: 115280.279',","chan":"stdout","logger":"task"}
{"timestamp":"2025-10-28T01:50:01.635658Z","level":"info","event":"  'high: 115534.846',","chan":"stdout","logger":"task"}
{"timestamp":"2025-10-28T01:50:01.635701Z","level":"info","event":"  'low: 115280.279',","chan":"stdout","logger":"task"}
{"timestamp":"2025-10-28T01:50:01.635731Z","level":"info","event":"  'close: 115501.087'],","chan":"stdout","logger":"task"}
{"timestamp":"2025-10-28T01:50:01.635761Z","level":"info","event":" ['2025-10-27 13:00:00 UTC+07:00+0700',","chan":"stdout","logger":"task"}
{"timestamp":"2025-10-28T01:50:01.635790Z","level":"info","event":"  'open: 115533.653',","chan":"stdout","logger":"task"}
{"timestamp":"2025-10-28T01:50:01.635819Z","level":"info","event":"  'high: 115618.255',","chan":"stdout","logger":"task"}
{"timestamp":"2025-10-28T01:50:01.635850Z","level":"info","event":"  'low: 115471.197',","chan":"stdout","logger":"task"}
{"timestamp":"2025-10-28T01:50:01.635878Z","level":"info","event":"  'close: 115513.155'],","chan":"stdout","logger":"task"}
{"timestamp":"2025-10-28T01:50:01.635905Z","level":"info","event":" ['2025-10-27 13:30:00 UTC+07:00+0700',","chan":"stdout","logger":"task"}
{"timestamp":"2025-10-28T01:50:01.635933Z","level":"info","event":"  'open: 115551.128',","chan":"stdout","logger":"task"}
{"timestamp":"2025-10-28T01:50:01.635960Z","level":"info","event":"  'high: 115690.179',","chan":"stdout","logger":"task"}
{"timestamp":"2025-10-28T01:50:01.635992Z","level":"info","event":"  'low: 115419.910',","chan":"stdout","logger":"task"}
{"timestamp":"2025-10-28T01:50:01.636021Z","level":"info","event":"  'close: 115569.168'],","chan":"stdout","logger":"task"}
{"timestamp":"2025-10-28T01:50:01.636050Z","level":"info","event":" ['2025-10-27 14:00:00 UTC+07:00+0700',","chan":"stdout","logger":"task"}
{"timestamp":"2025-10-28T01:50:01.636079Z","level":"info","event":"  'open: 115628.030',","chan":"stdout","logger":"task"}
{"timestamp":"2025-10-28T01:50:01.636133Z","level":"info","event":"  'high: 115957.345',","chan":"stdout","logger":"task"}
{"timestamp":"2025-10-28T01:50:01.636165Z","level":"info","event":"  'low: 115628.030',","chan":"stdout","logger":"task"}
{"timestamp":"2025-10-28T01:50:01.636210Z","level":"info","event":"  'close: 115957.345'],","chan":"stdout","logger":"task"}
{"timestamp":"2025-10-28T01:50:01.636242Z","level":"info","event":" ['2025-10-27 14:30:00 UTC+07:00+0700',","chan":"stdout","logger":"task"}
{"timestamp":"2025-10-28T01:50:01.636271Z","level":"info","event":"  'open: 116032.271',","chan":"stdout","logger":"task"}
{"timestamp":"2025-10-28T01:50:01.636319Z","level":"info","event":"  'high: 116032.271',","chan":"stdout","logger":"task"}
{"timestamp":"2025-10-28T01:50:01.636357Z","level":"info","event":"  'low: 115939.579',","chan":"stdout","logger":"task"}
{"timestamp":"2025-10-28T01:50:01.636387Z","level":"info","event":"  'close: 115982.345'],","chan":"stdout","logger":"task"}
{"timestamp":"2025-10-28T01:50:01.636421Z","level":"info","event":" ['2025-10-27 15:00:00 UTC+07:00+0700',","chan":"stdout","logger":"task"}
{"timestamp":"2025-10-28T01:50:01.636452Z","level":"info","event":"  'open: 115811.687',","chan":"stdout","logger":"task"}
{"timestamp":"2025-10-28T01:50:01.636488Z","level":"info","event":"  'high: 115811.687',","chan":"stdout","logger":"task"}
{"timestamp":"2025-10-28T01:50:01.636532Z","level":"info","event":"  'low: 115537.762',","chan":"stdout","logger":"task"}
{"timestamp":"2025-10-28T01:50:01.636576Z","level":"info","event":"  'close: 115579.336'],","chan":"stdout","logger":"task"}
{"timestamp":"2025-10-28T01:50:01.636608Z","level":"info","event":" ['2025-10-27 15:30:00 UTC+07:00+0700',","chan":"stdout","logger":"task"}
{"timestamp":"2025-10-28T01:50:01.636636Z","level":"info","event":"  'open: 115527.237',","chan":"stdout","logger":"task"}
{"timestamp":"2025-10-28T01:50:01.636663Z","level":"info","event":"  'high: 115571.164',","chan":"stdout","logger":"task"}
{"timestamp":"2025-10-28T01:50:01.636691Z","level":"info","event":"  'low: 115441.226',","chan":"stdout","logger":"task"}
{"timestamp":"2025-10-28T01:50:01.636718Z","level":"info","event":"  'close: 115441.226'],","chan":"stdout","logger":"task"}
{"timestamp":"2025-10-28T01:50:01.636746Z","level":"info","event":" ['2025-10-27 16:00:00 UTC+07:00+0700',","chan":"stdout","logger":"task"}
{"timestamp":"2025-10-28T01:50:01.636774Z","level":"info","event":"  'open: 115200.443',","chan":"stdout","logger":"task"}
{"timestamp":"2025-10-28T01:50:01.636801Z","level":"info","event":"  'high: 115397.857',","chan":"stdout","logger":"task"}
{"timestamp":"2025-10-28T01:50:01.636829Z","level":"info","event":"  'low: 114936.430',","chan":"stdout","logger":"task"}
{"timestamp":"2025-10-28T01:50:01.636857Z","level":"info","event":"  'close: 114936.430'],","chan":"stdout","logger":"task"}
{"timestamp":"2025-10-28T01:50:01.636884Z","level":"info","event":" ['2025-10-27 16:30:00 UTC+07:00+0700',","chan":"stdout","logger":"task"}
{"timestamp":"2025-10-28T01:50:01.636912Z","level":"info","event":"  'open: 115013.800',","chan":"stdout","logger":"task"}
{"timestamp":"2025-10-28T01:50:01.636939Z","level":"info","event":"  'high: 115121.022',","chan":"stdout","logger":"task"}
{"timestamp":"2025-10-28T01:50:01.636965Z","level":"info","event":"  'low: 114862.086',","chan":"stdout","logger":"task"}
{"timestamp":"2025-10-28T01:50:01.636993Z","level":"info","event":"  'close: 115121.022'],","chan":"stdout","logger":"task"}
{"timestamp":"2025-10-28T01:50:01.637019Z","level":"info","event":" ['2025-10-27 17:00:00 UTC+07:00+0700',","chan":"stdout","logger":"task"}
{"timestamp":"2025-10-28T01:50:01.637047Z","level":"info","event":"  'open: 115163.135',","chan":"stdout","logger":"task"}
{"timestamp":"2025-10-28T01:50:01.637074Z","level":"info","event":"  'high: 115312.873',","chan":"stdout","logger":"task"}
{"timestamp":"2025-10-28T01:50:01.637101Z","level":"info","event":"  'low: 115163.135',","chan":"stdout","logger":"task"}
{"timestamp":"2025-10-28T01:50:01.637141Z","level":"info","event":"  'close: 115266.494'],","chan":"stdout","logger":"task"}
{"timestamp":"2025-10-28T01:50:01.637171Z","level":"info","event":" ['2025-10-27 17:30:00 UTC+07:00+0700',","chan":"stdout","logger":"task"}
{"timestamp":"2025-10-28T01:50:01.637200Z","level":"info","event":"  'open: 115262.657',","chan":"stdout","logger":"task"}
{"timestamp":"2025-10-28T01:50:01.637226Z","level":"info","event":"  'high: 115487.376',","chan":"stdout","logger":"task"}
{"timestamp":"2025-10-28T01:50:01.637252Z","level":"info","event":"  'low: 115249.438',","chan":"stdout","logger":"task"}
{"timestamp":"2025-10-28T01:50:01.637280Z","level":"info","event":"  'close: 115440.162'],","chan":"stdout","logger":"task"}
{"timestamp":"2025-10-28T01:50:01.637307Z","level":"info","event":" ['2025-10-27 18:00:00 UTC+07:00+0700',","chan":"stdout","logger":"task"}
{"timestamp":"2025-10-28T01:50:01.637333Z","level":"info","event":"  'open: 115429.927',","chan":"stdout","logger":"task"}
{"timestamp":"2025-10-28T01:50:01.637364Z","level":"info","event":"  'high: 115483.968',","chan":"stdout","logger":"task"}
{"timestamp":"2025-10-28T01:50:01.637392Z","level":"info","event":"  'low: 115423.118',","chan":"stdout","logger":"task"}
{"timestamp":"2025-10-28T01:50:01.637418Z","level":"info","event":"  'close: 115473.710'],","chan":"stdout","logger":"task"}
{"timestamp":"2025-10-28T01:50:01.637444Z","level":"info","event":" ['2025-10-27 18:30:00 UTC+07:00+0700',","chan":"stdout","logger":"task"}
{"timestamp":"2025-10-28T01:50:01.637471Z","level":"info","event":"  'open: 115454.781',","chan":"stdout","logger":"task"}
{"timestamp":"2025-10-28T01:50:01.637498Z","level":"info","event":"  'high: 115454.781',","chan":"stdout","logger":"task"}
{"timestamp":"2025-10-28T01:50:01.637535Z","level":"info","event":"  'low: 115249.384',","chan":"stdout","logger":"task"}
{"timestamp":"2025-10-28T01:50:01.637564Z","level":"info","event":"  'close: 115249.384'],","chan":"stdout","logger":"task"}
{"timestamp":"2025-10-28T01:50:01.637591Z","level":"info","event":" ['2025-10-27 19:00:00 UTC+07:00+0700',","chan":"stdout","logger":"task"}
{"timestamp":"2025-10-28T01:50:01.637618Z","level":"info","event":"  'open: 115322.880',","chan":"stdout","logger":"task"}
{"timestamp":"2025-10-28T01:50:01.637644Z","level":"info","event":"  'high: 115496.647',","chan":"stdout","logger":"task"}
{"timestamp":"2025-10-28T01:50:01.637670Z","level":"info","event":"  'low: 115322.880',","chan":"stdout","logger":"task"}
{"timestamp":"2025-10-28T01:50:01.637696Z","level":"info","event":"  'close: 115341.677'],","chan":"stdout","logger":"task"}
{"timestamp":"2025-10-28T01:50:01.637723Z","level":"info","event":" ['2025-10-27 19:30:00 UTC+07:00+0700',","chan":"stdout","logger":"task"}
{"timestamp":"2025-10-28T01:50:01.637749Z","level":"info","event":"  'open: 115358.859',","chan":"stdout","logger":"task"}
{"timestamp":"2025-10-28T01:50:01.637776Z","level":"info","event":"  'high: 115358.859',","chan":"stdout","logger":"task"}
{"timestamp":"2025-10-28T01:50:01.637802Z","level":"info","event":"  'low: 115189.739',","chan":"stdout","logger":"task"}
{"timestamp":"2025-10-28T01:50:01.637828Z","level":"info","event":"  'close: 115259.611'],","chan":"stdout","logger":"task"}
{"timestamp":"2025-10-28T01:50:01.637854Z","level":"info","event":" ['2025-10-27 20:00:00 UTC+07:00+0700',","chan":"stdout","logger":"task"}
{"timestamp":"2025-10-28T01:50:01.637879Z","level":"info","event":"  'open: 115275.780',","chan":"stdout","logger":"task"}
{"timestamp":"2025-10-28T01:50:01.637905Z","level":"info","event":"  'high: 115275.780',","chan":"stdout","logger":"task"}
{"timestamp":"2025-10-28T01:50:01.637933Z","level":"info","event":"  'low: 115059.271',","chan":"stdout","logger":"task"}
{"timestamp":"2025-10-28T01:50:01.637960Z","level":"info","event":"  'close: 115059.271'],","chan":"stdout","logger":"task"}
{"timestamp":"2025-10-28T01:50:01.637986Z","level":"info","event":" ['2025-10-27 20:30:00 UTC+07:00+0700',","chan":"stdout","logger":"task"}
{"timestamp":"2025-10-28T01:50:01.638013Z","level":"info","event":"  'open: 115123.916',","chan":"stdout","logger":"task"}
{"timestamp":"2025-10-28T01:50:01.638038Z","level":"info","event":"  'high: 115181.621',","chan":"stdout","logger":"task"}
{"timestamp":"2025-10-28T01:50:01.638064Z","level":"info","event":"  'low: 115119.412',","chan":"stdout","logger":"task"}
{"timestamp":"2025-10-28T01:50:01.638090Z","level":"info","event":"  'close: 115123.514'],","chan":"stdout","logger":"task"}
{"timestamp":"2025-10-28T01:50:01.638126Z","level":"info","event":" ['2025-10-27 21:00:00 UTC+07:00+0700',","chan":"stdout","logger":"task"}
{"timestamp":"2025-10-28T01:50:01.638154Z","level":"info","event":"  'open: 115140.817',","chan":"stdout","logger":"task"}
{"timestamp":"2025-10-28T01:50:01.638180Z","level":"info","event":"  'high: 115230.794',","chan":"stdout","logger":"task"}
{"timestamp":"2025-10-28T01:50:01.638206Z","level":"info","event":"  'low: 114763.025',","chan":"stdout","logger":"task"}
{"timestamp":"2025-10-28T01:50:01.638232Z","level":"info","event":"  'close: 115230.794'],","chan":"stdout","logger":"task"}
{"timestamp":"2025-10-28T01:50:01.638262Z","level":"info","event":" ['2025-10-27 21:30:00 UTC+07:00+0700',","chan":"stdout","logger":"task"}
{"timestamp":"2025-10-28T01:50:01.638290Z","level":"info","event":"  'open: 115270.412',","chan":"stdout","logger":"task"}
{"timestamp":"2025-10-28T01:50:01.638316Z","level":"info","event":"  'high: 115270.412',","chan":"stdout","logger":"task"}
{"timestamp":"2025-10-28T01:50:01.638341Z","level":"info","event":"  'low: 114634.214',","chan":"stdout","logger":"task"}
{"timestamp":"2025-10-28T01:50:01.638367Z","level":"info","event":"  'close: 114805.546'],","chan":"stdout","logger":"task"}
{"timestamp":"2025-10-28T01:50:01.638393Z","level":"info","event":" ['2025-10-27 22:00:00 UTC+07:00+0700',","chan":"stdout","logger":"task"}
{"timestamp":"2025-10-28T01:50:01.638419Z","level":"info","event":"  'open: 114977.611',","chan":"stdout","logger":"task"}
{"timestamp":"2025-10-28T01:50:01.638448Z","level":"info","event":"  'high: 115013.076',","chan":"stdout","logger":"task"}
{"timestamp":"2025-10-28T01:50:01.638476Z","level":"info","event":"  'low: 114727.231',","chan":"stdout","logger":"task"}
{"timestamp":"2025-10-28T01:50:01.638501Z","level":"info","event":"  'close: 114727.231'],","chan":"stdout","logger":"task"}
{"timestamp":"2025-10-28T01:50:01.638527Z","level":"info","event":" ['2025-10-27 22:30:00 UTC+07:00+0700',","chan":"stdout","logger":"task"}
{"timestamp":"2025-10-28T01:50:01.638552Z","level":"info","event":"  'open: 114821.326',","chan":"stdout","logger":"task"}
{"timestamp":"2025-10-28T01:50:01.638578Z","level":"info","event":"  'high: 115063.243',","chan":"stdout","logger":"task"}
{"timestamp":"2025-10-28T01:50:01.638603Z","level":"info","event":"  'low: 114821.326',","chan":"stdout","logger":"task"}
{"timestamp":"2025-10-28T01:50:01.638628Z","level":"info","event":"  'close: 115042.717'],","chan":"stdout","logger":"task"}
{"timestamp":"2025-10-28T01:50:01.638653Z","level":"info","event":" ['2025-10-27 23:00:00 UTC+07:00+0700',","chan":"stdout","logger":"task"}
{"timestamp":"2025-10-28T01:50:01.638678Z","level":"info","event":"  'open: 115078.624',","chan":"stdout","logger":"task"}
{"timestamp":"2025-10-28T01:50:01.638704Z","level":"info","event":"  'high: 115078.624',","chan":"stdout","logger":"task"}
{"timestamp":"2025-10-28T01:50:01.638728Z","level":"info","event":"  'low: 114913.773',","chan":"stdout","logger":"task"}
{"timestamp":"2025-10-28T01:50:01.638753Z","level":"info","event":"  'close: 114913.773'],","chan":"stdout","logger":"task"}
{"timestamp":"2025-10-28T01:50:01.638778Z","level":"info","event":" ['2025-10-27 23:30:00 UTC+07:00+0700',","chan":"stdout","logger":"task"}
{"timestamp":"2025-10-28T01:50:01.638802Z","level":"info","event":"  'open: 114977.952',","chan":"stdout","logger":"task"}
{"timestamp":"2025-10-28T01:50:01.638827Z","level":"info","event":"  'high: 115345.542',","chan":"stdout","logger":"task"}
{"timestamp":"2025-10-28T01:50:01.638974Z","level":"info","event":"  'low: 114977.952',","chan":"stdout","logger":"task"}
{"timestamp":"2025-10-28T01:50:01.639012Z","level":"info","event":"  'close: 115217.305'],","chan":"stdout","logger":"task"}
{"timestamp":"2025-10-28T01:50:01.639042Z","level":"info","event":" ['2025-10-28 00:00:00 UTC+07:00+0700',","chan":"stdout","logger":"task"}
{"timestamp":"2025-10-28T01:50:01.639071Z","level":"info","event":"  'open: 115326.691',","chan":"stdout","logger":"task"}
{"timestamp":"2025-10-28T01:50:01.639099Z","level":"info","event":"  'high: 115561.485',","chan":"stdout","logger":"task"}
{"timestamp":"2025-10-28T01:50:01.639140Z","level":"info","event":"  'low: 115326.691',","chan":"stdout","logger":"task"}
{"timestamp":"2025-10-28T01:50:01.639169Z","level":"info","event":"  'close: 115561.485'],","chan":"stdout","logger":"task"}
{"timestamp":"2025-10-28T01:50:01.639196Z","level":"info","event":" ['2025-10-28 00:30:00 UTC+07:00+0700',","chan":"stdout","logger":"task"}
{"timestamp":"2025-10-28T01:50:01.639224Z","level":"info","event":"  'open: 115478.129',","chan":"stdout","logger":"task"}
{"timestamp":"2025-10-28T01:50:01.639255Z","level":"info","event":"  'high: 115584.841',","chan":"stdout","logger":"task"}
{"timestamp":"2025-10-28T01:50:01.639283Z","level":"info","event":"  'low: 115355.704',","chan":"stdout","logger":"task"}
{"timestamp":"2025-10-28T01:50:01.639309Z","level":"info","event":"  'close: 115355.704'],","chan":"stdout","logger":"task"}
{"timestamp":"2025-10-28T01:50:01.639335Z","level":"info","event":" ['2025-10-28 01:00:00 UTC+07:00+0700',","chan":"stdout","logger":"task"}
{"timestamp":"2025-10-28T01:50:01.639362Z","level":"info","event":"  'open: 115335.838',","chan":"stdout","logger":"task"}
{"timestamp":"2025-10-28T01:50:01.639388Z","level":"info","event":"  'high: 115657.816',","chan":"stdout","logger":"task"}
{"timestamp":"2025-10-28T01:50:01.639414Z","level":"info","event":"  'low: 115335.838',","chan":"stdout","logger":"task"}
{"timestamp":"2025-10-28T01:50:01.639443Z","level":"info","event":"  'close: 115625.972'],","chan":"stdout","logger":"task"}
{"timestamp":"2025-10-28T01:50:01.639480Z","level":"info","event":" ['2025-10-28 01:30:00 UTC+07:00+0700',","chan":"stdout","logger":"task"}
{"timestamp":"2025-10-28T01:50:01.639508Z","level":"info","event":"  'open: 115619.237',","chan":"stdout","logger":"task"}
{"timestamp":"2025-10-28T01:50:01.639535Z","level":"info","event":"  'high: 115755.137',","chan":"stdout","logger":"task"}
{"timestamp":"2025-10-28T01:50:01.639561Z","level":"info","event":"  'low: 115551.893',","chan":"stdout","logger":"task"}
{"timestamp":"2025-10-28T01:50:01.639587Z","level":"info","event":"  'close: 115551.893'],","chan":"stdout","logger":"task"}
{"timestamp":"2025-10-28T01:50:01.639613Z","level":"info","event":" ['2025-10-28 02:00:00 UTC+07:00+0700',","chan":"stdout","logger":"task"}
{"timestamp":"2025-10-28T01:50:01.639640Z","level":"info","event":"  'open: 115371.453',","chan":"stdout","logger":"task"}
{"timestamp":"2025-10-28T01:50:01.639666Z","level":"info","event":"  'high: 115510.086',","chan":"stdout","logger":"task"}
{"timestamp":"2025-10-28T01:50:01.639692Z","level":"info","event":"  'low: 115371.453',","chan":"stdout","logger":"task"}
{"timestamp":"2025-10-28T01:50:01.639717Z","level":"info","event":"  'close: 115450.349'],","chan":"stdout","logger":"task"}
{"timestamp":"2025-10-28T01:50:01.639743Z","level":"info","event":" ['2025-10-28 02:30:00 UTC+07:00+0700',","chan":"stdout","logger":"task"}
{"timestamp":"2025-10-28T01:50:01.639771Z","level":"info","event":"  'open: 115351.628',","chan":"stdout","logger":"task"}
{"timestamp":"2025-10-28T01:50:01.639796Z","level":"info","event":"  'high: 115351.628',","chan":"stdout","logger":"task"}
{"timestamp":"2025-10-28T01:50:01.639822Z","level":"info","event":"  'low: 115065.950',","chan":"stdout","logger":"task"}
{"timestamp":"2025-10-28T01:50:01.639848Z","level":"info","event":"  'close: 115065.950'],","chan":"stdout","logger":"task"}
{"timestamp":"2025-10-28T01:50:01.639873Z","level":"info","event":" ['2025-10-28 03:00:00 UTC+07:00+0700',","chan":"stdout","logger":"task"}
{"timestamp":"2025-10-28T01:50:01.639899Z","level":"info","event":"  'open: 115011.979',","chan":"stdout","logger":"task"}
{"timestamp":"2025-10-28T01:50:01.639925Z","level":"info","event":"  'high: 115011.979',","chan":"stdout","logger":"task"}
{"timestamp":"2025-10-28T01:50:01.639951Z","level":"info","event":"  'low: 114827.763',","chan":"stdout","logger":"task"}
{"timestamp":"2025-10-28T01:50:01.639977Z","level":"info","event":"  'close: 114851.004'],","chan":"stdout","logger":"task"}
{"timestamp":"2025-10-28T01:50:01.640003Z","level":"info","event":" ['2025-10-28 03:30:00 UTC+07:00+0700',","chan":"stdout","logger":"task"}
{"timestamp":"2025-10-28T01:50:01.640035Z","level":"info","event":"  'open: 114830.465',","chan":"stdout","logger":"task"}
{"timestamp":"2025-10-28T01:50:01.640061Z","level":"info","event":"  'high: 114841.782',","chan":"stdout","logger":"task"}
{"timestamp":"2025-10-28T01:50:01.640086Z","level":"info","event":"  'low: 114743.272',","chan":"stdout","logger":"task"}
{"timestamp":"2025-10-28T01:50:01.640126Z","level":"info","event":"  'close: 114755.036'],","chan":"stdout","logger":"task"}
{"timestamp":"2025-10-28T01:50:01.640163Z","level":"info","event":" ['2025-10-28 04:00:00 UTC+07:00+0700',","chan":"stdout","logger":"task"}
{"timestamp":"2025-10-28T01:50:01.640191Z","level":"info","event":"  'open: 114756.514',","chan":"stdout","logger":"task"}
{"timestamp":"2025-10-28T01:50:01.640217Z","level":"info","event":"  'high: 114756.514',","chan":"stdout","logger":"task"}
{"timestamp":"2025-10-28T01:50:01.640243Z","level":"info","event":"  'low: 114556.788',","chan":"stdout","logger":"task"}
{"timestamp":"2025-10-28T01:50:01.640269Z","level":"info","event":"  'close: 114556.788'],","chan":"stdout","logger":"task"}
{"timestamp":"2025-10-28T01:50:01.640295Z","level":"info","event":" ['2025-10-28 04:30:00 UTC+07:00+0700',","chan":"stdout","logger":"task"}
{"timestamp":"2025-10-28T01:50:01.640321Z","level":"info","event":"  'open: 114445.361',","chan":"stdout","logger":"task"}
{"timestamp":"2025-10-28T01:50:01.640347Z","level":"info","event":"  'high: 114544.306',","chan":"stdout","logger":"task"}
{"timestamp":"2025-10-28T01:50:01.640373Z","level":"info","event":"  'low: 114223.724',","chan":"stdout","logger":"task"}
{"timestamp":"2025-10-28T01:50:01.640398Z","level":"info","event":"  'close: 114223.724'],","chan":"stdout","logger":"task"}
{"timestamp":"2025-10-28T01:50:01.640423Z","level":"info","event":" ['2025-10-28 05:00:00 UTC+07:00+0700',","chan":"stdout","logger":"task"}
{"timestamp":"2025-10-28T01:50:01.640449Z","level":"info","event":"  'open: 114175.353',","chan":"stdout","logger":"task"}
{"timestamp":"2025-10-28T01:50:01.640475Z","level":"info","event":"  'high: 114511.464',","chan":"stdout","logger":"task"}
{"timestamp":"2025-10-28T01:50:01.640500Z","level":"info","event":"  'low: 114175.353',","chan":"stdout","logger":"task"}
{"timestamp":"2025-10-28T01:50:01.640526Z","level":"info","event":"  'close: 114483.579'],","chan":"stdout","logger":"task"}
{"timestamp":"2025-10-28T01:50:01.640551Z","level":"info","event":" ['2025-10-28 05:30:00 UTC+07:00+0700',","chan":"stdout","logger":"task"}
{"timestamp":"2025-10-28T01:50:01.640577Z","level":"info","event":"  'open: 114216.658',","chan":"stdout","logger":"task"}
{"timestamp":"2025-10-28T01:50:01.640603Z","level":"info","event":"  'high: 114494.906',","chan":"stdout","logger":"task"}
{"timestamp":"2025-10-28T01:50:01.640628Z","level":"info","event":"  'low: 114216.658',","chan":"stdout","logger":"task"}
{"timestamp":"2025-10-28T01:50:01.640654Z","level":"info","event":"  'close: 114494.906'],","chan":"stdout","logger":"task"}
{"timestamp":"2025-10-28T01:50:01.640684Z","level":"info","event":" ['2025-10-28 06:00:00 UTC+07:00+0700',","chan":"stdout","logger":"task"}
{"timestamp":"2025-10-28T01:50:01.640728Z","level":"info","event":"  'open: 114306.717',","chan":"stdout","logger":"task"}
{"timestamp":"2025-10-28T01:50:01.640772Z","level":"info","event":"  'high: 114340.709',","chan":"stdout","logger":"task"}
{"timestamp":"2025-10-28T01:50:01.640802Z","level":"info","event":"  'low: 114181.672',","chan":"stdout","logger":"task"}
{"timestamp":"2025-10-28T01:50:01.640828Z","level":"info","event":"  'close: 114181.672'],","chan":"stdout","logger":"task"}
{"timestamp":"2025-10-28T01:50:01.640854Z","level":"info","event":" ['2025-10-28 06:30:00 UTC+07:00+0700',","chan":"stdout","logger":"task"}
{"timestamp":"2025-10-28T01:50:01.640879Z","level":"info","event":"  'open: 114083.622',","chan":"stdout","logger":"task"}
{"timestamp":"2025-10-28T01:50:01.640905Z","level":"info","event":"  'high: 114083.622',","chan":"stdout","logger":"task"}
{"timestamp":"2025-10-28T01:50:01.640929Z","level":"info","event":"  'low: 113944.030',","chan":"stdout","logger":"task"}
{"timestamp":"2025-10-28T01:50:01.640954Z","level":"info","event":"  'close: 113999.671'],","chan":"stdout","logger":"task"}
{"timestamp":"2025-10-28T01:50:01.640992Z","level":"info","event":" ['2025-10-28 07:00:00 UTC+07:00+0700',","chan":"stdout","logger":"task"}
{"timestamp":"2025-10-28T01:50:01.641026Z","level":"info","event":"  'open: 114072.746',","chan":"stdout","logger":"task"}
{"timestamp":"2025-10-28T01:50:01.641057Z","level":"info","event":"  'high: 114182.794',","chan":"stdout","logger":"task"}
{"timestamp":"2025-10-28T01:50:01.641086Z","level":"info","event":"  'low: 114072.746',","chan":"stdout","logger":"task"}
{"timestamp":"2025-10-28T01:50:01.641125Z","level":"info","event":"  'close: 114182.794'],","chan":"stdout","logger":"task"}
{"timestamp":"2025-10-28T01:50:01.641156Z","level":"info","event":" ['2025-10-28 07:30:00 UTC+07:00+0700',","chan":"stdout","logger":"task"}
{"timestamp":"2025-10-28T01:50:01.641183Z","level":"info","event":"  'open: 114085.331',","chan":"stdout","logger":"task"}
{"timestamp":"2025-10-28T01:50:01.641209Z","level":"info","event":"  'high: 114300.590',","chan":"stdout","logger":"task"}
{"timestamp":"2025-10-28T01:50:01.641235Z","level":"info","event":"  'low: 113935.417',","chan":"stdout","logger":"task"}
{"timestamp":"2025-10-28T01:50:01.641261Z","level":"info","event":"  'close: 114300.590'],","chan":"stdout","logger":"task"}
{"timestamp":"2025-10-28T01:50:01.641286Z","level":"info","event":" ['2025-10-28 08:00:00 UTC+07:00+0700',","chan":"stdout","logger":"task"}
{"timestamp":"2025-10-28T01:50:01.641312Z","level":"info","event":"  'open: 114163.648',","chan":"stdout","logger":"task"}
{"timestamp":"2025-10-28T01:50:01.641338Z","level":"info","event":"  'high: 114163.648',","chan":"stdout","logger":"task"}
{"timestamp":"2025-10-28T01:50:01.641363Z","level":"info","event":"  'low: 113916.463',","chan":"stdout","logger":"task"}
{"timestamp":"2025-10-28T01:50:01.641388Z","level":"info","event":"  'close: 113920.186'],","chan":"stdout","logger":"task"}
{"timestamp":"2025-10-28T01:50:01.641413Z","level":"info","event":" ['2025-10-28 08:30:00 UTC+07:00+0700',","chan":"stdout","logger":"task"}
{"timestamp":"2025-10-28T01:50:01.641438Z","level":"info","event":"  'open: 114007.461',","chan":"stdout","logger":"task"}
{"timestamp":"2025-10-28T01:50:01.641464Z","level":"info","event":"  'high: 114261.984',","chan":"stdout","logger":"task"}
{"timestamp":"2025-10-28T01:50:01.641489Z","level":"info","event":"  'low: 114007.461',","chan":"stdout","logger":"task"}
{"timestamp":"2025-10-28T01:50:01.641514Z","level":"info","event":"  'close: 114198.593']]","chan":"stdout","logger":"task"}
{"timestamp":"2025-10-28T01:50:01.635509","level":"info","event":"Done. Returned value was: None","logger":"airflow.task.operators.airflow.providers.standard.operators.python.PythonOperator"}
