{"timestamp":"2025-10-28T01:47:01.198095","level":"info","event":"DAG bundles loaded: dags-folder","logger":"airflow.dag_processing.bundles.manager.DagBundlesManager"}
{"timestamp":"2025-10-28T01:47:01.198813","level":"info","event":"Filling up the DagBag from /home/vvt/D/SubjectResource/IT4931_BigData_Processing_and_Storage/CRYPTO/airflow/dags/daily_crypto_btc.py","logger":"airflow.models.dagbag.DagBag"}
{"timestamp":"2025-10-28T01:47:01.241070Z","level":"info","event":"https://api.coingecko.com/api/v3/coins/colend/ohlc?vs_currency=usd&days=1&precision=full CG-i9rKH5bqGJ8UKdxzQ8wGpEmg","chan":"stdout","logger":"task"}
{"timestamp":"2025-10-28T01:47:01.365376Z","level":"info","event":"[['2025-10-27 09:00:00 UTC+07:00+0700',","chan":"stdout","logger":"task"}
{"timestamp":"2025-10-28T01:47:01.365554Z","level":"info","event":"  'open: 0.039',","chan":"stdout","logger":"task"}
{"timestamp":"2025-10-28T01:47:01.365645Z","level":"info","event":"  'high: 0.039',","chan":"stdout","logger":"task"}
{"timestamp":"2025-10-28T01:47:01.365716Z","level":"info","event":"  'low: 0.039',","chan":"stdout","logger":"task"}
{"timestamp":"2025-10-28T01:47:01.365782Z","level":"info","event":"  'close: 0.039'],","chan":"stdout","logger":"task"}
{"timestamp":"2025-10-28T01:47:01.365851Z","level":"info","event":" ['2025-10-27 09:30:00 UTC+07:00+0700',","chan":"stdout","logger":"task"}
{"timestamp":"2025-10-28T01:47:01.365895Z","level":"info","event":"  'open: 0.039',","chan":"stdout","logger":"task"}
{"timestamp":"2025-10-28T01:47:01.365926Z","level":"info","event":"  'high: 0.039',","chan":"stdout","logger":"task"}
{"timestamp":"2025-10-28T01:47:01.365954Z","level":"info","event":"  'low: 0.039',","chan":"stdout","logger":"task"}
{"timestamp":"2025-10-28T01:47:01.365982Z","level":"info","event":"  'close: 0.039'],","chan":"stdout","logger":"task"}
{"timestamp":"2025-10-28T01:47:01.366009Z","level":"info","event":" ['2025-10-27 10:00:00 UTC+07:00+0700',","chan":"stdout","logger":"task"}
{"timestamp":"2025-10-28T01:47:01.366037Z","level":"info","event":"  'open: 0.039',","chan":"stdout","logger":"task"}
{"timestamp":"2025-10-28T01:47:01.366065Z","level":"info","event":"  'high: 0.039',","chan":"stdout","logger":"task"}
{"timestamp":"2025-10-28T01:47:01.366091Z","level":"info","event":"  'low: 0.039',","chan":"stdout","logger":"task"}
{"timestamp":"2025-10-28T01:47:01.366128Z","level":"info","event":"  'close: 0.039'],","chan":"stdout","logger":"task"}
{"timestamp":"2025-10-28T01:47:01.366156Z","level":"info","event":" ['2025-10-27 10:30:00 UTC+07:00+0700',","chan":"stdout","logger":"task"}
{"timestamp":"2025-10-28T01:47:01.366181Z","level":"info","event":"  'open: 0.039',","chan":"stdout","logger":"task"}
{"timestamp":"2025-10-28T01:47:01.366218Z","level":"info","event":"  'high: 0.039',","chan":"stdout","logger":"task"}
{"timestamp":"2025-10-28T01:47:01.366251Z","level":"info","event":"  'low: 0.039',","chan":"stdout","logger":"task"}
{"timestamp":"2025-10-28T01:47:01.366276Z","level":"info","event":"  'close: 0.039'],","chan":"stdout","logger":"task"}
{"timestamp":"2025-10-28T01:47:01.366304Z","level":"info","event":" ['2025-10-27 11:00:00 UTC+07:00+0700',","chan":"stdout","logger":"task"}
{"timestamp":"2025-10-28T01:47:01.366329Z","level":"info","event":"  'open: 0.039',","chan":"stdout","logger":"task"}
{"timestamp":"2025-10-28T01:47:01.366354Z","level":"info","event":"  'high: 0.039',","chan":"stdout","logger":"task"}
{"timestamp":"2025-10-28T01:47:01.366378Z","level":"info","event":"  'low: 0.039',","chan":"stdout","logger":"task"}
{"timestamp":"2025-10-28T01:47:01.366402Z","level":"info","event":"  'close: 0.039'],","chan":"stdout","logger":"task"}
{"timestamp":"2025-10-28T01:47:01.366426Z","level":"info","event":" ['2025-10-27 11:30:00 UTC+07:00+0700',","chan":"stdout","logger":"task"}
{"timestamp":"2025-10-28T01:47:01.366450Z","level":"info","event":"  'open: 0.039',","chan":"stdout","logger":"task"}
{"timestamp":"2025-10-28T01:47:01.366481Z","level":"info","event":"  'high: 0.039',","chan":"stdout","logger":"task"}
{"timestamp":"2025-10-28T01:47:01.366507Z","level":"info","event":"  'low: 0.039',","chan":"stdout","logger":"task"}
{"timestamp":"2025-10-28T01:47:01.366544Z","level":"info","event":"  'close: 0.039'],","chan":"stdout","logger":"task"}
{"timestamp":"2025-10-28T01:47:01.366723Z","level":"info","event":" ['2025-10-27 12:00:00 UTC+07:00+0700',","chan":"stdout","logger":"task"}
{"timestamp":"2025-10-28T01:47:01.366761Z","level":"info","event":"  'open: 0.039',","chan":"stdout","logger":"task"}
{"timestamp":"2025-10-28T01:47:01.366791Z","level":"info","event":"  'high: 0.039',","chan":"stdout","logger":"task"}
{"timestamp":"2025-10-28T01:47:01.366819Z","level":"info","event":"  'low: 0.039',","chan":"stdout","logger":"task"}
{"timestamp":"2025-10-28T01:47:01.366846Z","level":"info","event":"  'close: 0.039'],","chan":"stdout","logger":"task"}
{"timestamp":"2025-10-28T01:47:01.366873Z","level":"info","event":" ['2025-10-27 12:30:00 UTC+07:00+0700',","chan":"stdout","logger":"task"}
{"timestamp":"2025-10-28T01:47:01.366899Z","level":"info","event":"  'open: 0.039',","chan":"stdout","logger":"task"}
{"timestamp":"2025-10-28T01:47:01.366925Z","level":"info","event":"  'high: 0.039',","chan":"stdout","logger":"task"}
{"timestamp":"2025-10-28T01:47:01.366950Z","level":"info","event":"  'low: 0.039',","chan":"stdout","logger":"task"}
{"timestamp":"2025-10-28T01:47:01.366976Z","level":"info","event":"  'close: 0.039'],","chan":"stdout","logger":"task"}
{"timestamp":"2025-10-28T01:47:01.367002Z","level":"info","event":" ['2025-10-27 13:00:00 UTC+07:00+0700',","chan":"stdout","logger":"task"}
{"timestamp":"2025-10-28T01:47:01.367028Z","level":"info","event":"  'open: 0.039',","chan":"stdout","logger":"task"}
{"timestamp":"2025-10-28T01:47:01.367054Z","level":"info","event":"  'high: 0.039',","chan":"stdout","logger":"task"}
{"timestamp":"2025-10-28T01:47:01.367079Z","level":"info","event":"  'low: 0.039',","chan":"stdout","logger":"task"}
{"timestamp":"2025-10-28T01:47:01.367110Z","level":"info","event":"  'close: 0.039'],","chan":"stdout","logger":"task"}
{"timestamp":"2025-10-28T01:47:01.367141Z","level":"info","event":" ['2025-10-27 13:30:00 UTC+07:00+0700',","chan":"stdout","logger":"task"}
{"timestamp":"2025-10-28T01:47:01.367170Z","level":"info","event":"  'open: 0.039',","chan":"stdout","logger":"task"}
{"timestamp":"2025-10-28T01:47:01.367198Z","level":"info","event":"  'high: 0.039',","chan":"stdout","logger":"task"}
{"timestamp":"2025-10-28T01:47:01.367224Z","level":"info","event":"  'low: 0.039',","chan":"stdout","logger":"task"}
{"timestamp":"2025-10-28T01:47:01.367249Z","level":"info","event":"  'close: 0.039'],","chan":"stdout","logger":"task"}
{"timestamp":"2025-10-28T01:47:01.367275Z","level":"info","event":" ['2025-10-27 14:00:00 UTC+07:00+0700',","chan":"stdout","logger":"task"}
{"timestamp":"2025-10-28T01:47:01.367300Z","level":"info","event":"  'open: 0.039',","chan":"stdout","logger":"task"}
{"timestamp":"2025-10-28T01:47:01.367325Z","level":"info","event":"  'high: 0.039',","chan":"stdout","logger":"task"}
{"timestamp":"2025-10-28T01:47:01.367351Z","level":"info","event":"  'low: 0.039',","chan":"stdout","logger":"task"}
{"timestamp":"2025-10-28T01:47:01.367377Z","level":"info","event":"  'close: 0.039'],","chan":"stdout","logger":"task"}
{"timestamp":"2025-10-28T01:47:01.367403Z","level":"info","event":" ['2025-10-27 14:30:00 UTC+07:00+0700',","chan":"stdout","logger":"task"}
{"timestamp":"2025-10-28T01:47:01.367428Z","level":"info","event":"  'open: 0.039',","chan":"stdout","logger":"task"}
{"timestamp":"2025-10-28T01:47:01.367454Z","level":"info","event":"  'high: 0.039',","chan":"stdout","logger":"task"}
{"timestamp":"2025-10-28T01:47:01.367480Z","level":"info","event":"  'low: 0.039',","chan":"stdout","logger":"task"}
{"timestamp":"2025-10-28T01:47:01.367514Z","level":"info","event":"  'close: 0.039'],","chan":"stdout","logger":"task"}
{"timestamp":"2025-10-28T01:47:01.367539Z","level":"info","event":" ['2025-10-27 15:00:00 UTC+07:00+0700',","chan":"stdout","logger":"task"}
{"timestamp":"2025-10-28T01:47:01.367564Z","level":"info","event":"  'open: 0.039',","chan":"stdout","logger":"task"}
{"timestamp":"2025-10-28T01:47:01.367594Z","level":"info","event":"  'high: 0.039',","chan":"stdout","logger":"task"}
{"timestamp":"2025-10-28T01:47:01.367621Z","level":"info","event":"  'low: 0.039',","chan":"stdout","logger":"task"}
{"timestamp":"2025-10-28T01:47:01.367646Z","level":"info","event":"  'close: 0.039'],","chan":"stdout","logger":"task"}
{"timestamp":"2025-10-28T01:47:01.367671Z","level":"info","event":" ['2025-10-27 15:30:00 UTC+07:00+0700',","chan":"stdout","logger":"task"}
{"timestamp":"2025-10-28T01:47:01.367696Z","level":"info","event":"  'open: 0.039',","chan":"stdout","logger":"task"}
{"timestamp":"2025-10-28T01:47:01.367721Z","level":"info","event":"  'high: 0.039',","chan":"stdout","logger":"task"}
{"timestamp":"2025-10-28T01:47:01.367746Z","level":"info","event":"  'low: 0.039',","chan":"stdout","logger":"task"}
{"timestamp":"2025-10-28T01:47:01.367771Z","level":"info","event":"  'close: 0.039'],","chan":"stdout","logger":"task"}
{"timestamp":"2025-10-28T01:47:01.367795Z","level":"info","event":" ['2025-10-27 16:00:00 UTC+07:00+0700',","chan":"stdout","logger":"task"}
{"timestamp":"2025-10-28T01:47:01.367829Z","level":"info","event":"  'open: 0.039',","chan":"stdout","logger":"task"}
{"timestamp":"2025-10-28T01:47:01.367855Z","level":"info","event":"  'high: 0.039',","chan":"stdout","logger":"task"}
{"timestamp":"2025-10-28T01:47:01.367880Z","level":"info","event":"  'low: 0.039',","chan":"stdout","logger":"task"}
{"timestamp":"2025-10-28T01:47:01.367915Z","level":"info","event":"  'close: 0.039'],","chan":"stdout","logger":"task"}
{"timestamp":"2025-10-28T01:47:01.367951Z","level":"info","event":" ['2025-10-27 16:30:00 UTC+07:00+0700',","chan":"stdout","logger":"task"}
{"timestamp":"2025-10-28T01:47:01.367976Z","level":"info","event":"  'open: 0.039',","chan":"stdout","logger":"task"}
{"timestamp":"2025-10-28T01:47:01.368001Z","level":"info","event":"  'high: 0.039',","chan":"stdout","logger":"task"}
{"timestamp":"2025-10-28T01:47:01.368031Z","level":"info","event":"  'low: 0.038',","chan":"stdout","logger":"task"}
{"timestamp":"2025-10-28T01:47:01.368065Z","level":"info","event":"  'close: 0.038'],","chan":"stdout","logger":"task"}
{"timestamp":"2025-10-28T01:47:01.368137Z","level":"info","event":" ['2025-10-27 17:00:00 UTC+07:00+0700',","chan":"stdout","logger":"task"}
{"timestamp":"2025-10-28T01:47:01.368200Z","level":"info","event":"  'open: 0.038',","chan":"stdout","logger":"task"}
{"timestamp":"2025-10-28T01:47:01.368235Z","level":"info","event":"  'high: 0.038',","chan":"stdout","logger":"task"}
{"timestamp":"2025-10-28T01:47:01.368272Z","level":"info","event":"  'low: 0.038',","chan":"stdout","logger":"task"}
{"timestamp":"2025-10-28T01:47:01.368319Z","level":"info","event":"  'close: 0.038'],","chan":"stdout","logger":"task"}
{"timestamp":"2025-10-28T01:47:01.368376Z","level":"info","event":" ['2025-10-27 17:30:00 UTC+07:00+0700',","chan":"stdout","logger":"task"}
{"timestamp":"2025-10-28T01:47:01.368422Z","level":"info","event":"  'open: 0.038',","chan":"stdout","logger":"task"}
{"timestamp":"2025-10-28T01:47:01.368468Z","level":"info","event":"  'high: 0.038',","chan":"stdout","logger":"task"}
{"timestamp":"2025-10-28T01:47:01.368516Z","level":"info","event":"  'low: 0.038',","chan":"stdout","logger":"task"}
{"timestamp":"2025-10-28T01:47:01.368564Z","level":"info","event":"  'close: 0.038'],","chan":"stdout","logger":"task"}
{"timestamp":"2025-10-28T01:47:01.368612Z","level":"info","event":" ['2025-10-27 18:00:00 UTC+07:00+0700',","chan":"stdout","logger":"task"}
{"timestamp":"2025-10-28T01:47:01.368659Z","level":"info","event":"  'open: 0.038',","chan":"stdout","logger":"task"}
{"timestamp":"2025-10-28T01:47:01.368709Z","level":"info","event":"  'high: 0.038',","chan":"stdout","logger":"task"}
{"timestamp":"2025-10-28T01:47:01.368758Z","level":"info","event":"  'low: 0.038',","chan":"stdout","logger":"task"}
{"timestamp":"2025-10-28T01:47:01.368804Z","level":"info","event":"  'close: 0.038'],","chan":"stdout","logger":"task"}
{"timestamp":"2025-10-28T01:47:01.368857Z","level":"info","event":" ['2025-10-27 18:30:00 UTC+07:00+0700',","chan":"stdout","logger":"task"}
{"timestamp":"2025-10-28T01:47:01.368906Z","level":"info","event":"  'open: 0.038',","chan":"stdout","logger":"task"}
{"timestamp":"2025-10-28T01:47:01.368956Z","level":"info","event":"  'high: 0.038',","chan":"stdout","logger":"task"}
{"timestamp":"2025-10-28T01:47:01.369002Z","level":"info","event":"  'low: 0.038',","chan":"stdout","logger":"task"}
{"timestamp":"2025-10-28T01:47:01.369053Z","level":"info","event":"  'close: 0.038'],","chan":"stdout","logger":"task"}
{"timestamp":"2025-10-28T01:47:01.369115Z","level":"info","event":" ['2025-10-27 19:00:00 UTC+07:00+0700',","chan":"stdout","logger":"task"}
{"timestamp":"2025-10-28T01:47:01.369172Z","level":"info","event":"  'open: 0.038',","chan":"stdout","logger":"task"}
{"timestamp":"2025-10-28T01:47:01.369222Z","level":"info","event":"  'high: 0.038',","chan":"stdout","logger":"task"}
{"timestamp":"2025-10-28T01:47:01.369272Z","level":"info","event":"  'low: 0.038',","chan":"stdout","logger":"task"}
{"timestamp":"2025-10-28T01:47:01.369308Z","level":"info","event":"  'close: 0.038'],","chan":"stdout","logger":"task"}
{"timestamp":"2025-10-28T01:47:01.369336Z","level":"info","event":" ['2025-10-27 19:30:00 UTC+07:00+0700',","chan":"stdout","logger":"task"}
{"timestamp":"2025-10-28T01:47:01.369364Z","level":"info","event":"  'open: 0.039',","chan":"stdout","logger":"task"}
{"timestamp":"2025-10-28T01:47:01.369390Z","level":"info","event":"  'high: 0.039',","chan":"stdout","logger":"task"}
{"timestamp":"2025-10-28T01:47:01.369418Z","level":"info","event":"  'low: 0.038',","chan":"stdout","logger":"task"}
{"timestamp":"2025-10-28T01:47:01.369444Z","level":"info","event":"  'close: 0.038'],","chan":"stdout","logger":"task"}
{"timestamp":"2025-10-28T01:47:01.369472Z","level":"info","event":" ['2025-10-27 20:00:00 UTC+07:00+0700',","chan":"stdout","logger":"task"}
{"timestamp":"2025-10-28T01:47:01.369498Z","level":"info","event":"  'open: 0.039',","chan":"stdout","logger":"task"}
{"timestamp":"2025-10-28T01:47:01.369524Z","level":"info","event":"  'high: 0.039',","chan":"stdout","logger":"task"}
{"timestamp":"2025-10-28T01:47:01.369550Z","level":"info","event":"  'low: 0.039',","chan":"stdout","logger":"task"}
{"timestamp":"2025-10-28T01:47:01.369576Z","level":"info","event":"  'close: 0.039'],","chan":"stdout","logger":"task"}
{"timestamp":"2025-10-28T01:47:01.369602Z","level":"info","event":" ['2025-10-27 20:30:00 UTC+07:00+0700',","chan":"stdout","logger":"task"}
{"timestamp":"2025-10-28T01:47:01.369628Z","level":"info","event":"  'open: 0.039',","chan":"stdout","logger":"task"}
{"timestamp":"2025-10-28T01:47:01.369654Z","level":"info","event":"  'high: 0.039',","chan":"stdout","logger":"task"}
{"timestamp":"2025-10-28T01:47:01.369680Z","level":"info","event":"  'low: 0.039',","chan":"stdout","logger":"task"}
{"timestamp":"2025-10-28T01:47:01.369705Z","level":"info","event":"  'close: 0.039'],","chan":"stdout","logger":"task"}
{"timestamp":"2025-10-28T01:47:01.369731Z","level":"info","event":" ['2025-10-27 21:00:00 UTC+07:00+0700',","chan":"stdout","logger":"task"}
{"timestamp":"2025-10-28T01:47:01.369757Z","level":"info","event":"  'open: 0.039',","chan":"stdout","logger":"task"}
{"timestamp":"2025-10-28T01:47:01.369783Z","level":"info","event":"  'high: 0.039',","chan":"stdout","logger":"task"}
{"timestamp":"2025-10-28T01:47:01.369809Z","level":"info","event":"  'low: 0.038',","chan":"stdout","logger":"task"}
{"timestamp":"2025-10-28T01:47:01.369834Z","level":"info","event":"  'close: 0.038'],","chan":"stdout","logger":"task"}
{"timestamp":"2025-10-28T01:47:01.369860Z","level":"info","event":" ['2025-10-27 21:30:00 UTC+07:00+0700',","chan":"stdout","logger":"task"}
{"timestamp":"2025-10-28T01:47:01.369887Z","level":"info","event":"  'open: 0.038',","chan":"stdout","logger":"task"}
{"timestamp":"2025-10-28T01:47:01.369913Z","level":"info","event":"  'high: 0.038',","chan":"stdout","logger":"task"}
{"timestamp":"2025-10-28T01:47:01.369939Z","level":"info","event":"  'low: 0.038',","chan":"stdout","logger":"task"}
{"timestamp":"2025-10-28T01:47:01.369969Z","level":"info","event":"  'close: 0.038'],","chan":"stdout","logger":"task"}
{"timestamp":"2025-10-28T01:47:01.370008Z","level":"info","event":" ['2025-10-27 22:00:00 UTC+07:00+0700',","chan":"stdout","logger":"task"}
{"timestamp":"2025-10-28T01:47:01.370071Z","level":"info","event":"  'open: 0.038',","chan":"stdout","logger":"task"}
{"timestamp":"2025-10-28T01:47:01.370135Z","level":"info","event":"  'high: 0.038',","chan":"stdout","logger":"task"}
{"timestamp":"2025-10-28T01:47:01.370189Z","level":"info","event":"  'low: 0.038',","chan":"stdout","logger":"task"}
{"timestamp":"2025-10-28T01:47:01.370254Z","level":"info","event":"  'close: 0.038'],","chan":"stdout","logger":"task"}
{"timestamp":"2025-10-28T01:47:01.370304Z","level":"info","event":" ['2025-10-27 22:30:00 UTC+07:00+0700',","chan":"stdout","logger":"task"}
{"timestamp":"2025-10-28T01:47:01.370352Z","level":"info","event":"  'open: 0.038',","chan":"stdout","logger":"task"}
{"timestamp":"2025-10-28T01:47:01.370403Z","level":"info","event":"  'high: 0.038',","chan":"stdout","logger":"task"}
{"timestamp":"2025-10-28T01:47:01.370450Z","level":"info","event":"  'low: 0.038',","chan":"stdout","logger":"task"}
{"timestamp":"2025-10-28T01:47:01.370498Z","level":"info","event":"  'close: 0.038'],","chan":"stdout","logger":"task"}
{"timestamp":"2025-10-28T01:47:01.370536Z","level":"info","event":" ['2025-10-27 23:00:00 UTC+07:00+0700',","chan":"stdout","logger":"task"}
{"timestamp":"2025-10-28T01:47:01.370564Z","level":"info","event":"  'open: 0.038',","chan":"stdout","logger":"task"}
{"timestamp":"2025-10-28T01:47:01.370606Z","level":"info","event":"  'high: 0.038',","chan":"stdout","logger":"task"}
{"timestamp":"2025-10-28T01:47:01.370642Z","level":"info","event":"  'low: 0.038',","chan":"stdout","logger":"task"}
{"timestamp":"2025-10-28T01:47:01.370669Z","level":"info","event":"  'close: 0.038'],","chan":"stdout","logger":"task"}
{"timestamp":"2025-10-28T01:47:01.370696Z","level":"info","event":" ['2025-10-27 23:30:00 UTC+07:00+0700',","chan":"stdout","logger":"task"}
{"timestamp":"2025-10-28T01:47:01.370723Z","level":"info","event":"  'open: 0.038',","chan":"stdout","logger":"task"}
{"timestamp":"2025-10-28T01:47:01.370750Z","level":"info","event":"  'high: 0.038',","chan":"stdout","logger":"task"}
{"timestamp":"2025-10-28T01:47:01.370776Z","level":"info","event":"  'low: 0.038',","chan":"stdout","logger":"task"}
{"timestamp":"2025-10-28T01:47:01.370802Z","level":"info","event":"  'close: 0.038'],","chan":"stdout","logger":"task"}
{"timestamp":"2025-10-28T01:47:01.370830Z","level":"info","event":" ['2025-10-28 00:00:00 UTC+07:00+0700',","chan":"stdout","logger":"task"}
{"timestamp":"2025-10-28T01:47:01.370857Z","level":"info","event":"  'open: 0.038',","chan":"stdout","logger":"task"}
{"timestamp":"2025-10-28T01:47:01.370884Z","level":"info","event":"  'high: 0.038',","chan":"stdout","logger":"task"}
{"timestamp":"2025-10-28T01:47:01.370911Z","level":"info","event":"  'low: 0.038',","chan":"stdout","logger":"task"}
{"timestamp":"2025-10-28T01:47:01.370937Z","level":"info","event":"  'close: 0.038'],","chan":"stdout","logger":"task"}
{"timestamp":"2025-10-28T01:47:01.370963Z","level":"info","event":" ['2025-10-28 00:30:00 UTC+07:00+0700',","chan":"stdout","logger":"task"}
{"timestamp":"2025-10-28T01:47:01.370990Z","level":"info","event":"  'open: 0.038',","chan":"stdout","logger":"task"}
{"timestamp":"2025-10-28T01:47:01.371016Z","level":"info","event":"  'high: 0.038',","chan":"stdout","logger":"task"}
{"timestamp":"2025-10-28T01:47:01.371042Z","level":"info","event":"  'low: 0.038',","chan":"stdout","logger":"task"}
{"timestamp":"2025-10-28T01:47:01.371067Z","level":"info","event":"  'close: 0.038'],","chan":"stdout","logger":"task"}
{"timestamp":"2025-10-28T01:47:01.371093Z","level":"info","event":" ['2025-10-28 01:00:00 UTC+07:00+0700',","chan":"stdout","logger":"task"}
{"timestamp":"2025-10-28T01:47:01.371131Z","level":"info","event":"  'open: 0.038',","chan":"stdout","logger":"task"}
{"timestamp":"2025-10-28T01:47:01.371165Z","level":"info","event":"  'high: 0.038',","chan":"stdout","logger":"task"}
{"timestamp":"2025-10-28T01:47:01.371192Z","level":"info","event":"  'low: 0.038',","chan":"stdout","logger":"task"}
{"timestamp":"2025-10-28T01:47:01.371234Z","level":"info","event":"  'close: 0.038'],","chan":"stdout","logger":"task"}
{"timestamp":"2025-10-28T01:47:01.371263Z","level":"info","event":" ['2025-10-28 01:30:00 UTC+07:00+0700',","chan":"stdout","logger":"task"}
{"timestamp":"2025-10-28T01:47:01.371305Z","level":"info","event":"  'open: 0.038',","chan":"stdout","logger":"task"}
{"timestamp":"2025-10-28T01:47:01.371332Z","level":"info","event":"  'high: 0.038',","chan":"stdout","logger":"task"}
{"timestamp":"2025-10-28T01:47:01.371357Z","level":"info","event":"  'low: 0.038',","chan":"stdout","logger":"task"}
{"timestamp":"2025-10-28T01:47:01.371383Z","level":"info","event":"  'close: 0.038'],","chan":"stdout","logger":"task"}
{"timestamp":"2025-10-28T01:47:01.371409Z","level":"info","event":" ['2025-10-28 02:00:00 UTC+07:00+0700',","chan":"stdout","logger":"task"}
{"timestamp":"2025-10-28T01:47:01.371438Z","level":"info","event":"  'open: 0.038',","chan":"stdout","logger":"task"}
{"timestamp":"2025-10-28T01:47:01.371465Z","level":"info","event":"  'high: 0.038',","chan":"stdout","logger":"task"}
{"timestamp":"2025-10-28T01:47:01.371490Z","level":"info","event":"  'low: 0.038',","chan":"stdout","logger":"task"}
{"timestamp":"2025-10-28T01:47:01.371526Z","level":"info","event":"  'close: 0.038'],","chan":"stdout","logger":"task"}
{"timestamp":"2025-10-28T01:47:01.371582Z","level":"info","event":" ['2025-10-28 02:30:00 UTC+07:00+0700',","chan":"stdout","logger":"task"}
{"timestamp":"2025-10-28T01:47:01.371630Z","level":"info","event":"  'open: 0.038',","chan":"stdout","logger":"task"}
{"timestamp":"2025-10-28T01:47:01.371678Z","level":"info","event":"  'high: 0.039',","chan":"stdout","logger":"task"}
{"timestamp":"2025-10-28T01:47:01.371721Z","level":"info","event":"  'low: 0.038',","chan":"stdout","logger":"task"}
{"timestamp":"2025-10-28T01:47:01.371750Z","level":"info","event":"  'close: 0.039'],","chan":"stdout","logger":"task"}
{"timestamp":"2025-10-28T01:47:01.371778Z","level":"info","event":" ['2025-10-28 03:00:00 UTC+07:00+0700',","chan":"stdout","logger":"task"}
{"timestamp":"2025-10-28T01:47:01.371827Z","level":"info","event":"  'open: 0.039',","chan":"stdout","logger":"task"}
{"timestamp":"2025-10-28T01:47:01.371880Z","level":"info","event":"  'high: 0.039',","chan":"stdout","logger":"task"}
{"timestamp":"2025-10-28T01:47:01.371926Z","level":"info","event":"  'low: 0.039',","chan":"stdout","logger":"task"}
{"timestamp":"2025-10-28T01:47:01.371955Z","level":"info","event":"  'close: 0.039'],","chan":"stdout","logger":"task"}
{"timestamp":"2025-10-28T01:47:01.371983Z","level":"info","event":" ['2025-10-28 03:30:00 UTC+07:00+0700',","chan":"stdout","logger":"task"}
{"timestamp":"2025-10-28T01:47:01.372012Z","level":"info","event":"  'open: 0.039',","chan":"stdout","logger":"task"}
{"timestamp":"2025-10-28T01:47:01.372039Z","level":"info","event":"  'high: 0.039',","chan":"stdout","logger":"task"}
{"timestamp":"2025-10-28T01:47:01.372066Z","level":"info","event":"  'low: 0.038',","chan":"stdout","logger":"task"}
{"timestamp":"2025-10-28T01:47:01.372097Z","level":"info","event":"  'close: 0.038'],","chan":"stdout","logger":"task"}
{"timestamp":"2025-10-28T01:47:01.372131Z","level":"info","event":" ['2025-10-28 04:00:00 UTC+07:00+0700',","chan":"stdout","logger":"task"}
{"timestamp":"2025-10-28T01:47:01.372160Z","level":"info","event":"  'open: 0.038',","chan":"stdout","logger":"task"}
{"timestamp":"2025-10-28T01:47:01.372185Z","level":"info","event":"  'high: 0.038',","chan":"stdout","logger":"task"}
{"timestamp":"2025-10-28T01:47:01.372211Z","level":"info","event":"  'low: 0.038',","chan":"stdout","logger":"task"}
{"timestamp":"2025-10-28T01:47:01.372238Z","level":"info","event":"  'close: 0.038'],","chan":"stdout","logger":"task"}
{"timestamp":"2025-10-28T01:47:01.372263Z","level":"info","event":" ['2025-10-28 04:30:00 UTC+07:00+0700',","chan":"stdout","logger":"task"}
{"timestamp":"2025-10-28T01:47:01.372295Z","level":"info","event":"  'open: 0.038',","chan":"stdout","logger":"task"}
{"timestamp":"2025-10-28T01:47:01.372324Z","level":"info","event":"  'high: 0.038',","chan":"stdout","logger":"task"}
{"timestamp":"2025-10-28T01:47:01.372350Z","level":"info","event":"  'low: 0.038',","chan":"stdout","logger":"task"}
{"timestamp":"2025-10-28T01:47:01.372375Z","level":"info","event":"  'close: 0.038'],","chan":"stdout","logger":"task"}
{"timestamp":"2025-10-28T01:47:01.372401Z","level":"info","event":" ['2025-10-28 05:00:00 UTC+07:00+0700',","chan":"stdout","logger":"task"}
{"timestamp":"2025-10-28T01:47:01.372427Z","level":"info","event":"  'open: 0.038',","chan":"stdout","logger":"task"}
{"timestamp":"2025-10-28T01:47:01.372454Z","level":"info","event":"  'high: 0.038',","chan":"stdout","logger":"task"}
{"timestamp":"2025-10-28T01:47:01.372480Z","level":"info","event":"  'low: 0.038',","chan":"stdout","logger":"task"}
{"timestamp":"2025-10-28T01:47:01.372514Z","level":"info","event":"  'close: 0.038'],","chan":"stdout","logger":"task"}
{"timestamp":"2025-10-28T01:47:01.372540Z","level":"info","event":" ['2025-10-28 05:30:00 UTC+07:00+0700',","chan":"stdout","logger":"task"}
{"timestamp":"2025-10-28T01:47:01.372565Z","level":"info","event":"  'open: 0.038',","chan":"stdout","logger":"task"}
{"timestamp":"2025-10-28T01:47:01.372591Z","level":"info","event":"  'high: 0.038',","chan":"stdout","logger":"task"}
{"timestamp":"2025-10-28T01:47:01.372617Z","level":"info","event":"  'low: 0.038',","chan":"stdout","logger":"task"}
{"timestamp":"2025-10-28T01:47:01.372643Z","level":"info","event":"  'close: 0.038'],","chan":"stdout","logger":"task"}
{"timestamp":"2025-10-28T01:47:01.372669Z","level":"info","event":" ['2025-10-28 06:00:00 UTC+07:00+0700',","chan":"stdout","logger":"task"}
{"timestamp":"2025-10-28T01:47:01.372695Z","level":"info","event":"  'open: 0.038',","chan":"stdout","logger":"task"}
{"timestamp":"2025-10-28T01:47:01.372720Z","level":"info","event":"  'high: 0.038',","chan":"stdout","logger":"task"}
{"timestamp":"2025-10-28T01:47:01.372746Z","level":"info","event":"  'low: 0.038',","chan":"stdout","logger":"task"}
{"timestamp":"2025-10-28T01:47:01.372771Z","level":"info","event":"  'close: 0.038'],","chan":"stdout","logger":"task"}
{"timestamp":"2025-10-28T01:47:01.372796Z","level":"info","event":" ['2025-10-28 06:30:00 UTC+07:00+0700',","chan":"stdout","logger":"task"}
{"timestamp":"2025-10-28T01:47:01.372822Z","level":"info","event":"  'open: 0.038',","chan":"stdout","logger":"task"}
{"timestamp":"2025-10-28T01:47:01.366287","level":"info","event":"Done. Returned value was: None","logger":"airflow.task.operators.airflow.providers.standard.operators.python.PythonOperator"}
{"timestamp":"2025-10-28T01:47:01.393399Z","level":"info","event":"  'high: 0.038',","chan":"stdout","logger":"task"}
{"timestamp":"2025-10-28T01:47:01.393498Z","level":"info","event":"  'low: 0.038',","chan":"stdout","logger":"task"}
{"timestamp":"2025-10-28T01:47:01.393555Z","level":"info","event":"  'close: 0.038'],","chan":"stdout","logger":"task"}
{"timestamp":"2025-10-28T01:47:01.393604Z","level":"info","event":" ['2025-10-28 07:00:00 UTC+07:00+0700',","chan":"stdout","logger":"task"}
{"timestamp":"2025-10-28T01:47:01.393651Z","level":"info","event":"  'open: 0.038',","chan":"stdout","logger":"task"}
{"timestamp":"2025-10-28T01:47:01.393696Z","level":"info","event":"  'high: 0.038',","chan":"stdout","logger":"task"}
{"timestamp":"2025-10-28T01:47:01.393741Z","level":"info","event":"  'low: 0.038',","chan":"stdout","logger":"task"}
{"timestamp":"2025-10-28T01:47:01.393786Z","level":"info","event":"  'close: 0.038'],","chan":"stdout","logger":"task"}
{"timestamp":"2025-10-28T01:47:01.393832Z","level":"info","event":" ['2025-10-28 07:30:00 UTC+07:00+0700',","chan":"stdout","logger":"task"}
{"timestamp":"2025-10-28T01:47:01.393881Z","level":"info","event":"  'open: 0.038',","chan":"stdout","logger":"task"}
{"timestamp":"2025-10-28T01:47:01.393933Z","level":"info","event":"  'high: 0.038',","chan":"stdout","logger":"task"}
{"timestamp":"2025-10-28T01:47:01.393979Z","level":"info","event":"  'low: 0.038',","chan":"stdout","logger":"task"}
{"timestamp":"2025-10-28T01:47:01.394024Z","level":"info","event":"  'close: 0.038'],","chan":"stdout","logger":"task"}
{"timestamp":"2025-10-28T01:47:01.394068Z","level":"info","event":" ['2025-10-28 08:00:00 UTC+07:00+0700',","chan":"stdout","logger":"task"}
{"timestamp":"2025-10-28T01:47:01.394117Z","level":"info","event":"  'open: 0.038',","chan":"stdout","logger":"task"}
{"timestamp":"2025-10-28T01:47:01.394165Z","level":"info","event":"  'high: 0.038',","chan":"stdout","logger":"task"}
{"timestamp":"2025-10-28T01:47:01.394196Z","level":"info","event":"  'low: 0.038',","chan":"stdout","logger":"task"}
{"timestamp":"2025-10-28T01:47:01.394224Z","level":"info","event":"  'close: 0.038'],","chan":"stdout","logger":"task"}
{"timestamp":"2025-10-28T01:47:01.394251Z","level":"info","event":" ['2025-10-28 08:30:00 UTC+07:00+0700',","chan":"stdout","logger":"task"}
{"timestamp":"2025-10-28T01:47:01.394277Z","level":"info","event":"  'open: 0.038',","chan":"stdout","logger":"task"}
{"timestamp":"2025-10-28T01:47:01.394303Z","level":"info","event":"  'high: 0.038',","chan":"stdout","logger":"task"}
{"timestamp":"2025-10-28T01:47:01.394329Z","level":"info","event":"  'low: 0.038',","chan":"stdout","logger":"task"}
{"timestamp":"2025-10-28T01:47:01.394355Z","level":"info","event":"  'close: 0.038']]","chan":"stdout","logger":"task"}
